<?xml version="1.0" encoding="utf-8"?><testsuites name="pytest tests"><testsuite name="pytest" errors="0" failures="0" skipped="0" tests="49" time="4.617" timestamp="2026-09-09T12:41:06.038973+02:00" hostname="Haranga"><testcase classname="tests.test_simulation_scope_flow" name="test_scope_normalization_and_mixed_expansion_preserve_full_inventory_counts" time="0.002" /><testcase classname="tests.test_simulation_scope_flow" name="test_invalid_or_unexplained_scope_fails_closed[scope0]" time="0.001" /><testcase classname="tests.test_simulation_scope_flow" name="test_invalid_or_unexplained_scope_fails_closed[scope1]" time="0.001" /><testcase classname="tests.test_simulation_scope_flow" name="test_invalid_or_unexplained_scope_fails_closed[scope2]" time="0.001" /><testcase classname="tests.test_simulation_scope_flow" name="test_invalid_or_unexplained_scope_fails_closed[scope3]" time="0.001" /><testcase classname="tests.test_simulation_scope_flow" name="test_unknown_selected_id_is_not_silently_dropped" time="0.001" /><testcase classname="tests.test_simulation_scope_flow" name="test_scope_api_preserves_parameters_invalidates_preflight_and_is_idempotent" time="3.173" /><testcase classname="tests.test_simulation_scope_flow" name="test_snapshot_scope_uses_persisted_selection_and_full_canonical_inventory" time="0.239" /><testcase classname="tests.test_simulation_scope_flow" name="test_generic_parameter_scope_requires_reason_only_for_explicit_new_or_changed_selection" time="0.589" /><testcase classname="tests.test_simulation_scope_flow" name="test_applied_routing_with_missing_consumers_does_not_offer_repeat_approval" time="0.004" /><testcase classname="tests.test_simulation_coverage" name="test_partial_transport_cannot_shrink_default_scope" time="0.001" /><testcase classname="tests.test_simulation_coverage" name="test_explicit_selection_records_exclusions_and_rejects_unknown_ids" time="0.001" /><testcase classname="tests.test_simulation_coverage" name="test_partial_signal_payload_does_not_pretend_to_transport_entire_frame" time="0.000" /><testcase classname="tests.test_simulation_coverage" name="test_inactive_route_is_not_coverage_and_inactive_signal_is_not_required" time="0.000" /><testcase classname="tests.test_simulation_coverage" name="test_completed_job_requires_actual_signal_and_network_evidence" time="0.001" /><testcase classname="tests.test_simulation_coverage" name="test_runtime_failure_and_unchecked_requirements_are_not_complete" time="0.001" /><testcase classname="tests.test_simulation_coverage" name="test_warning_text_alone_does_not_prove_successful_simulation" time="0.001" /><testcase classname="tests.test_workflow" name="test_topology_artifact_accepts_canonical_hardware_interface_ports" time="0.000" /><testcase classname="tests.test_workflow" name="test_engineering_change_marks_existing_dependent_results_outdated" time="0.000" /><testcase classname="tests.test_workflow" name="test_parameter_change_only_invalidates_calculation_and_later_steps" time="0.000" /><testcase classname="tests.test_workflow" name="test_parameters_are_approved_by_default_and_ignore_upstream_changes" time="0.000" /><testcase classname="tests.test_workflow" name="test_parameter_artifact_approves_defaults_and_complete_configuration" time="0.001" /><testcase classname="tests.test_workflow" name="test_empty_future_steps_stay_empty_until_a_result_exists" time="0.000" /><testcase classname="tests.test_workflow" name="test_routing_artifact_check_rejects_gateway_fanout_interfaces" time="0.000" /><testcase classname="tests.test_workflow" name="test_completed_simulation_drops_previous_recalculation_reason" time="0.000" /><testcase classname="tests.test_workflow" name="test_can_fd_uses_separate_arbitration_and_data_phases" time="0.000" /><testcase classname="tests.test_workflow" name="test_ethernet_applies_minimum_wire_footprint" time="0.000" /><testcase classname="tests.test_workflow" name="test_unknown_protocol_is_explicitly_generic" time="0.000" /><testcase classname="tests.test_workflow" name="test_mixed_network_bitrates_do_not_inherit_the_primary_can_speed" time="0.000" /><testcase classname="tests.test_workflow" name="test_utilization_queueing_and_thresholds_are_monotonic" time="0.000" /><testcase classname="tests.test_workflow" name="test_scheduling_policy_and_priority_change_queueing_estimate" time="0.000" /><testcase classname="tests.test_workflow" name="test_clock_drift_is_reported_in_milliseconds" time="0.000" /><testcase classname="tests.test_workflow" name="test_workflow_state_always_exposes_complete_agent_context" time="0.001" /><testcase classname="tests.test_workflow" name="test_workflow_context_persists_agent_execution_without_losing_wizard" time="0.001" /><testcase classname="tests.test_workflow" name="test_engineering_wizard_settings_are_normalized_and_project_persistent" time="0.001" /><testcase classname="tests.test_workflow" name="test_engineering_wizard_settings_fall_back_to_safe_complete_defaults" time="0.000" /><testcase classname="tests.test_workflow" name="test_engineering_wizard_settings_keep_one_click_approval_mandatory" time="0.000" /><testcase classname="tests.test_workflow" name="test_canceled_wizard_run_is_terminal_for_late_status_writes" time="0.001" /><testcase classname="tests.test_workflow" name="test_workflow_state_hides_stale_reason_after_step_is_complete" time="0.001" /><testcase classname="tests.test_workflow" name="test_workflow_summary_omits_heavy_simulation_and_model_payloads" time="0.001" /><testcase classname="tests.test_workflow" name="test_topology_layout_change_ignores_only_visual_fields" time="0.000" /><testcase classname="tests.test_workflow" name="test_topology_layout_is_stored_as_project_scoped_node_rows" time="0.001" /><testcase classname="tests.test_workflow" name="test_preflight_maps_network_editor_status_to_network_category" time="0.050" /><testcase classname="tests.test_workflow" name="test_preflight_accepts_interface_owned_directly_by_hardware" time="0.016" /><testcase classname="tests.test_workflow" name="test_capacity_timing_analysis_covers_load_requirements_gateway_reliability_and_sync" time="0.003" /><testcase classname="tests.test_workflow" name="test_capacity_load_is_counted_once_per_physical_network_segment" time="0.001" /><testcase classname="tests.test_workflow" name="test_capacity_prefers_reviewed_topology_segment_over_logical_network" time="0.001" /><testcase classname="tests.test_simulation_gateway_context" name="test_job_dispatch_follows_this_backend_port" time="0.001" /><testcase classname="tests.test_simulation_gateway_context" name="test_explicit_shared_executor_takes_precedence" time="0.001" /></testsuite></testsuites>