<?xml version="1.0" encoding="utf-8"?><testsuites name="pytest tests"><testsuite name="pytest" errors="0" failures="0" skipped="0" tests="202" time="3.350" timestamp="2026-09-09T12:28:34.683954+02:00" hostname="Haranga"><testcase classname="tests.test_transport_integrity" name="test_capacity_uses_the_same_protocol_bitrate_and_physical_ports_per_segment" time="0.015" /><testcase classname="tests.test_transport_integrity" name="test_canonical_requirements_and_both_physical_segments_reach_actual_trace" time="0.005" /><testcase classname="tests.test_transport_integrity" name="test_message_owned_signals_are_transported_without_redundant_signal_ids" time="0.004" /><testcase classname="tests.test_transport_integrity" name="test_runtime_uses_configured_jitter_amplitude_in_milliseconds[0]" time="0.003" /><testcase classname="tests.test_transport_integrity" name="test_runtime_uses_configured_jitter_amplitude_in_milliseconds[0.1]" time="0.004" /><testcase classname="tests.test_transport_integrity" name="test_forwarded_ethernet_has_its_own_session_and_acknowledges_actual_arrival[udp]" time="0.035" /><testcase classname="tests.test_transport_integrity" name="test_forwarded_ethernet_has_its_own_session_and_acknowledges_actual_arrival[tcp]" time="0.035" /><testcase classname="tests.test_transport_integrity" name="test_segment_failure_changes_final_delivery_without_fictitious_other_bus_traffic[input-bus]" time="0.005" /><testcase classname="tests.test_transport_integrity" name="test_segment_failure_changes_final_delivery_without_fictitious_other_bus_traffic[output-bus]" time="0.005" /><testcase classname="tests.test_transport_integrity" name="test_no_first_or_final_reception_cannot_pass_timeout[receptions0]" time="0.001" /><testcase classname="tests.test_transport_integrity" name="test_no_first_or_final_reception_cannot_pass_timeout[receptions1]" time="0.001" /><testcase classname="tests.test_transport_integrity" name="test_no_first_or_final_reception_cannot_pass_timeout[receptions2]" time="0.001" /><testcase classname="tests.test_transport_integrity" name="test_absent_requirements_or_insufficient_samples_are_not_evaluated" time="0.001" /><testcase classname="tests.test_transport_integrity" name="test_golden_export_is_an_independent_normal_transport_with_consistent_payload[fault0]" time="0.030" /><testcase classname="tests.test_transport_integrity" name="test_golden_export_is_an_independent_normal_transport_with_consistent_payload[fault1]" time="0.031" /><testcase classname="tests.test_transport_integrity" name="test_golden_export_is_an_independent_normal_transport_with_consistent_payload[fault2]" time="0.028" /><testcase classname="tests.test_workflow" name="test_topology_artifact_accepts_canonical_hardware_interface_ports" time="0.001" /><testcase classname="tests.test_workflow" name="test_engineering_change_marks_existing_dependent_results_outdated" time="0.001" /><testcase classname="tests.test_workflow" name="test_parameter_change_only_invalidates_calculation_and_later_steps" time="0.001" /><testcase classname="tests.test_workflow" name="test_parameters_are_approved_by_default_and_ignore_upstream_changes" time="0.001" /><testcase classname="tests.test_workflow" name="test_parameter_artifact_approves_defaults_and_complete_configuration" time="0.001" /><testcase classname="tests.test_workflow" name="test_empty_future_steps_stay_empty_until_a_result_exists" time="0.001" /><testcase classname="tests.test_workflow" name="test_routing_artifact_check_rejects_gateway_fanout_interfaces" time="0.001" /><testcase classname="tests.test_workflow" name="test_completed_simulation_drops_previous_recalculation_reason" time="0.001" /><testcase classname="tests.test_workflow" name="test_can_fd_uses_separate_arbitration_and_data_phases" time="0.001" /><testcase classname="tests.test_workflow" name="test_ethernet_applies_minimum_wire_footprint" time="0.001" /><testcase classname="tests.test_workflow" name="test_unknown_protocol_is_explicitly_generic" time="0.001" /><testcase classname="tests.test_workflow" name="test_mixed_network_bitrates_do_not_inherit_the_primary_can_speed" time="0.001" /><testcase classname="tests.test_workflow" name="test_utilization_queueing_and_thresholds_are_monotonic" time="0.001" /><testcase classname="tests.test_workflow" name="test_scheduling_policy_and_priority_change_queueing_estimate" time="0.001" /><testcase classname="tests.test_workflow" name="test_clock_drift_is_reported_in_milliseconds" time="0.001" /><testcase classname="tests.test_workflow" name="test_workflow_state_always_exposes_complete_agent_context" time="0.001" /><testcase classname="tests.test_workflow" name="test_workflow_context_persists_agent_execution_without_losing_wizard" time="0.001" /><testcase classname="tests.test_workflow" name="test_engineering_wizard_settings_are_normalized_and_project_persistent" time="0.001" /><testcase classname="tests.test_workflow" name="test_engineering_wizard_settings_fall_back_to_safe_complete_defaults" time="0.000" /><testcase classname="tests.test_workflow" name="test_engineering_wizard_settings_keep_one_click_approval_mandatory" time="0.001" /><testcase classname="tests.test_workflow" name="test_canceled_wizard_run_is_terminal_for_late_status_writes" time="0.001" /><testcase classname="tests.test_workflow" name="test_workflow_state_hides_stale_reason_after_step_is_complete" time="0.001" /><testcase classname="tests.test_workflow" name="test_workflow_summary_omits_heavy_simulation_and_model_payloads" time="0.001" /><testcase classname="tests.test_workflow" name="test_topology_layout_change_ignores_only_visual_fields" time="0.001" /><testcase classname="tests.test_workflow" name="test_topology_layout_is_stored_as_project_scoped_node_rows" time="0.001" /><testcase classname="tests.test_workflow" name="test_preflight_maps_network_editor_status_to_network_category" time="0.057" /><testcase classname="tests.test_workflow" name="test_preflight_accepts_interface_owned_directly_by_hardware" time="0.016" /><testcase classname="tests.test_workflow" name="test_capacity_timing_analysis_covers_load_requirements_gateway_reliability_and_sync" time="0.003" /><testcase classname="tests.test_workflow" name="test_capacity_load_is_counted_once_per_physical_network_segment" time="0.001" /><testcase classname="tests.test_workflow" name="test_capacity_prefers_reviewed_topology_segment_over_logical_network" time="0.001" /><testcase classname="tests.test_model_based_simulation" name="test_all_required_behavior_models_are_bounded_and_deterministic[CONSTANT]" time="0.001" /><testcase classname="tests.test_model_based_simulation" name="test_all_required_behavior_models_are_bounded_and_deterministic[STEP]" time="0.001" /><testcase classname="tests.test_model_based_simulation" name="test_all_required_behavior_models_are_bounded_and_deterministic[RAMP]" time="0.001" /><testcase classname="tests.test_model_based_simulation" name="test_all_required_behavior_models_are_bounded_and_deterministic[LINEAR]" time="0.001" /><testcase classname="tests.test_model_based_simulation" name="test_all_required_behavior_models_are_bounded_and_deterministic[SINE]" time="0.001" /><testcase classname="tests.test_model_based_simulation" name="test_all_required_behavior_models_are_bounded_and_deterministic[TRIANGLE]" time="0.001" /><testcase classname="tests.test_model_based_simulation" name="test_all_required_behavior_models_are_bounded_and_deterministic[SAWTOOTH]" time="0.001" /><testcase classname="tests.test_model_based_simulation" name="test_all_required_behavior_models_are_bounded_and_deterministic[PULSE]" time="0.001" /><testcase classname="tests.test_model_based_simulation" name="test_all_required_behavior_models_are_bounded_and_deterministic[RANDOM_WALK]" time="0.001" /><testcase classname="tests.test_model_based_simulation" name="test_all_required_behavior_models_are_bounded_and_deterministic[BOUNDED_RANDOM]" time="0.001" /><testcase classname="tests.test_model_based_simulation" name="test_all_required_behavior_models_are_bounded_and_deterministic[STATE_DEPENDENT]" time="0.001" /><testcase classname="tests.test_model_based_simulation" name="test_all_required_behavior_models_are_bounded_and_deterministic[FORMULA]" time="0.002" /><testcase classname="tests.test_model_based_simulation" name="test_all_required_behavior_models_are_bounded_and_deterministic[LOOKUP_TABLE]" time="0.001" /><testcase classname="tests.test_model_based_simulation" name="test_all_required_behavior_models_are_bounded_and_deterministic[EXTERNAL_SERIES]" time="0.001" /><testcase classname="tests.test_model_based_simulation" name="test_all_required_behavior_models_are_bounded_and_deterministic[PHYSICS_MODEL]" time="0.001" /><testcase classname="tests.test_model_based_simulation" name="test_all_required_behavior_models_are_bounded_and_deterministic[STATE_MACHINE]" time="0.001" /><testcase classname="tests.test_model_based_simulation" name="test_all_required_behavior_models_are_bounded_and_deterministic[STATUS_MODEL]" time="0.001" /><testcase classname="tests.test_model_based_simulation" name="test_physical_temperature_respects_rate_limits" time="0.002" /><testcase classname="tests.test_model_based_simulation" name="test_counter_signal_wraps_by_modulus" time="0.002" /><testcase classname="tests.test_model_based_simulation" name="test_signal_emulation_preflight_blocks_invalid_formula" time="0.004" /><testcase classname="tests.test_model_based_simulation" name="test_signal_emulation_preflight_blocks_dependency_cycle" time="0.002" /><testcase classname="tests.test_model_based_simulation" name="test_signal_emulation_preflight_blocks_encoding_overflow" time="0.003" /><testcase classname="tests.test_model_based_simulation" name="test_motor_end_to_end_physics_model_produces_plausible_trace" time="0.113" /><testcase classname="tests.test_model_based_simulation" name="test_message_codec_encodes_engineering_factor_offset_and_start_bit" time="0.001" /><testcase classname="tests.test_model_based_simulation" name="test_signal_fault_catalog_is_executable[SIGNAL_STUCK]" time="0.002" /><testcase classname="tests.test_model_based_simulation" name="test_signal_fault_catalog_is_executable[SIGNAL_OFFSET]" time="0.002" /><testcase classname="tests.test_model_based_simulation" name="test_signal_fault_catalog_is_executable[SIGNAL_DRIFT]" time="0.001" /><testcase classname="tests.test_model_based_simulation" name="test_signal_fault_catalog_is_executable[SIGNAL_SPIKE]" time="0.001" /><testcase classname="tests.test_model_based_simulation" name="test_signal_fault_catalog_is_executable[SIGNAL_DROPOUT]" time="0.001" /><testcase classname="tests.test_model_based_simulation" name="test_signal_fault_catalog_is_executable[SIGNAL_NOISE]" time="0.001" /><testcase classname="tests.test_model_based_simulation" name="test_signal_fault_catalog_is_executable[SIGNAL_OUT_OF_RANGE]" time="0.001" /><testcase classname="tests.test_model_based_simulation" name="test_signal_fault_catalog_is_executable[SIGNAL_FROZEN]" time="0.001" /><testcase classname="tests.test_model_based_simulation" name="test_signal_fault_catalog_is_executable[SIGNAL_DELAYED]" time="0.001" /><testcase classname="tests.test_model_based_simulation" name="test_signal_fault_catalog_is_executable[SIGNAL_WRONG_SCALE]" time="0.001" /><testcase classname="tests.test_model_based_simulation" name="test_signal_fault_catalog_is_executable[SIGNAL_INVALID_VALUE]" time="0.001" /><testcase classname="tests.test_model_based_simulation" name="test_signal_fault_catalog_is_executable[INVALID_STATE]" time="0.001" /><testcase classname="tests.test_model_based_simulation" name="test_signal_fault_catalog_is_executable[STUCK_STATE]" time="0.001" /><testcase classname="tests.test_model_based_simulation" name="test_signal_fault_catalog_is_executable[WRONG_TRANSITION]" time="0.001" /><testcase classname="tests.test_model_based_simulation" name="test_signal_fault_catalog_is_executable[DELAYED_TRANSITION]" time="0.001" /><testcase classname="tests.test_model_based_simulation" name="test_signal_fault_catalog_is_executable[STUCK_TRUE]" time="0.001" /><testcase classname="tests.test_model_based_simulation" name="test_signal_fault_catalog_is_executable[STUCK_FALSE]" time="0.001" /><testcase classname="tests.test_model_based_simulation" name="test_signal_fault_catalog_is_executable[TOGGLE]" time="0.001" /><testcase classname="tests.test_model_based_simulation" name="test_signal_fault_catalog_is_executable[COUNTER_SKIP]" time="0.001" /><testcase classname="tests.test_model_based_simulation" name="test_signal_fault_catalog_is_executable[COUNTER_RESET]" time="0.001" /><testcase classname="tests.test_model_based_simulation" name="test_signal_fault_catalog_is_executable[COUNTER_WRONG_INCREMENT]" time="0.001" /><testcase classname="tests.test_model_based_simulation" name="test_transport_fault_catalog_is_executable[MESSAGE_LOSS]" time="0.001" /><testcase classname="tests.test_model_based_simulation" name="test_transport_fault_catalog_is_executable[MESSAGE_DELAY]" time="0.001" /><testcase classname="tests.test_model_based_simulation" name="test_transport_fault_catalog_is_executable[MESSAGE_JITTER]" time="0.001" /><testcase classname="tests.test_model_based_simulation" name="test_transport_fault_catalog_is_executable[MESSAGE_DUPLICATION]" time="0.001" /><testcase classname="tests.test_model_based_simulation" name="test_transport_fault_catalog_is_executable[MESSAGE_CORRUPTION]" time="0.001" /><testcase classname="tests.test_model_based_simulation" name="test_transport_fault_catalog_is_executable[MESSAGE_WRONG_CYCLE]" time="0.001" /><testcase classname="tests.test_model_based_simulation" name="test_transport_fault_catalog_is_executable[MESSAGE_TIMEOUT]" time="0.001" /><testcase classname="tests.test_model_based_simulation" name="test_transport_fault_catalog_is_executable[BURST_TRAFFIC]" time="0.001" /><testcase classname="tests.test_model_based_simulation" name="test_transport_fault_catalog_is_executable[FRAME_ERROR]" time="0.001" /><testcase classname="tests.test_model_based_simulation" name="test_transport_fault_catalog_is_executable[ROUTING_FAILURE]" time="0.001" /><testcase classname="tests.test_model_based_simulation" name="test_transport_fault_catalog_is_executable[NETWORK_OVERLOAD]" time="0.001" /><testcase classname="tests.test_model_based_simulation" name="test_transport_fault_catalog_is_executable[BUS_OFF]" time="0.001" /><testcase classname="tests.test_model_based_simulation" name="test_transport_fault_catalog_is_executable[LINK_DOWN]" time="0.001" /><testcase classname="tests.test_model_based_simulation" name="test_transport_fault_catalog_is_executable[GATEWAY_DELAY]" time="0.001" /><testcase classname="tests.test_model_based_simulation" name="test_transport_fault_catalog_is_executable[GATEWAY_DROP]" time="0.001" /><testcase classname="tests.test_model_based_simulation" name="test_transport_fault_catalog_is_executable[QUEUE_OVERFLOW]" time="0.001" /><testcase classname="tests.test_model_based_simulation" name="test_transport_fault_catalog_is_executable[CONGESTION]" time="0.001" /><testcase classname="tests.test_model_based_simulation" name="test_transport_fault_catalog_is_executable[TEMPORARY_DISCONNECT]" time="0.001" /><testcase classname="tests.test_model_based_simulation" name="test_same_seed_produces_byte_identical_signal_trace" time="0.007" /><testcase classname="tests.test_model_based_simulation" name="test_different_seed_changes_stochastic_trace" time="0.006" /><testcase classname="tests.test_model_based_simulation" name="test_model_run_writes_decoded_golden_fault_and_comparison_artifacts" time="0.022" /><testcase classname="tests.test_model_based_simulation" name="test_fresh_job_directory_writes_model_trace_without_universal_format" time="0.024" /><testcase classname="tests.test_model_based_simulation" name="test_project_enrichment_reconstructs_transport_config_server_side" time="0.002" /><testcase classname="tests.test_model_based_simulation" name="test_runtime_load_is_derived_from_transmitted_frames" time="0.030" /><testcase classname="tests.test_model_based_simulation" name="test_engine_uses_min_max_unit_resolution_and_cycle" time="0.002" /><testcase classname="tests.test_model_based_simulation" name="test_ai_fault_cannot_be_activated_without_review" time="0.002" /><testcase classname="tests.test_model_based_simulation" name="test_cycle_time_and_resolution_are_visible_in_generated_trace" time="0.010" /><testcase classname="tests.test_model_based_simulation" name="test_fault_starts_and_ends_at_configured_time" time="0.002" /><testcase classname="tests.test_model_based_simulation" name="test_fault_modifies_only_target_signal" time="0.001" /><testcase classname="tests.test_model_based_simulation" name="test_formula_dependency_reacts_consistently" time="0.003" /><testcase classname="tests.test_model_based_simulation" name="test_route_signals_are_ordered_before_derived_sampling" time="0.007" /><testcase classname="tests.test_model_based_simulation" name="test_signed_big_endian_message_roundtrip" time="0.001" /><testcase classname="tests.test_model_based_simulation" name="test_normal_mode_suppresses_intentional_transport_faults" time="0.008" /><testcase classname="tests.test_model_based_simulation" name="test_stress_mode_increases_event_rate" time="0.019" /><testcase classname="tests.test_model_based_simulation" name="test_live_event_rows_have_required_analysis_context" time="0.040" /><testcase classname="tests.test_model_based_simulation" name="test_model_trace_limits_stored_samples_without_losing_totals" time="0.014" /><testcase classname="tests.test_model_based_simulation" name="test_model_trace_decimates_each_signal_across_full_duration" time="0.028" /><testcase classname="tests.test_model_based_simulation" name="test_universal_trace_reaches_configured_duration_when_event_budget_allows" time="0.065" /><testcase classname="tests.test_model_based_simulation" name="test_signal_engine_services_are_available_as_separate_contracts" time="0.001" /><testcase classname="tests.test_model_based_simulation" name="test_gateway_state_machine_lifecycle_and_transition_validation" time="0.001" /><testcase classname="tests.test_model_based_simulation" name="test_motor_physics_is_state_dependent_and_continuous" time="0.001" /><testcase classname="tests.test_model_based_simulation" name="test_short_drive_cycle_makes_exhaust_and_damper_signals_dynamic" time="0.001" /><testcase classname="tests.test_model_based_simulation" name="test_german_rotational_speed_uses_the_shared_drive_cycle" time="0.001" /><testcase classname="tests.test_model_based_simulation" name="test_coarse_rpm_resolution_does_not_deadlock_dense_sampling_at_zero" time="0.008" /><testcase classname="tests.test_model_based_simulation" name="test_mode_signal_exposes_the_operating_state_label" time="0.001" /><testcase classname="tests.test_model_based_simulation" name="test_missing_low_level_behavior_is_completed_by_semantic_inference" time="0.003" /><testcase classname="tests.test_model_based_simulation" name="test_dependency_graph_rejects_cycles_and_reports_dirty_dependents" time="0.001" /><testcase classname="tests.test_model_based_simulation" name="test_trace_marks_discrete_samples_as_step_lanes" time="0.003" /><testcase classname="tests.test_model_based_simulation" name="test_fault_catalog_describes_handlers_constraints_and_targets" time="0.001" /><testcase classname="tests.test_model_based_simulation" name="test_fault_scenario_validator_checks_target_time_and_normal_mode" time="0.001" /><testcase classname="tests.test_model_based_simulation" name="test_contract_demo_scenarios_a_to_e_are_complete_and_review_gated" time="0.000" /><testcase classname="tests.test_trace_contract_stability" name="test_seed_zero_is_not_silently_replaced_by_default" time="0.003" /><testcase classname="tests.test_trace_contract_stability" name="test_trace_keeps_canonical_route_ref_and_explicit_zero_jitter" time="0.004" /><testcase classname="tests.test_trace_contract_stability" name="test_gateway_fault_targets_are_validated_against_canonical_nodes" time="0.001" /><testcase classname="tests.test_acceptance_scenarios" name="test_cross_industry_normal_fault_trace_and_root_cause[A-CAN-FD-gateway-technologies0-fault0]" time="0.038" /><testcase classname="tests.test_acceptance_scenarios" name="test_cross_industry_normal_fault_trace_and_root_cause[B-industrial-technologies1-fault1]" time="0.038" /><testcase classname="tests.test_acceptance_scenarios" name="test_cross_industry_normal_fault_trace_and_root_cause[C-DDS-technologies2-fault2]" time="0.027" /><testcase classname="tests.test_acceptance_scenarios" name="test_cross_industry_normal_fault_trace_and_root_cause[D-mixed-gateway-technologies3-fault3]" time="0.036" /><testcase classname="tests.test_acceptance_scenarios" name="test_golden_comparison_aligns_delayed_frames_and_preserves_evidence" time="0.001" /><testcase classname="tests.test_physical_snapshot_transport" name="test_reviewed_split_reaches_snapshot_and_reduces_real_queue" time="0.009" /><testcase classname="tests.test_physical_snapshot_transport" name="test_hardware_validation_failure_is_not_a_completed_simulation" time="0.002" /><testcase classname="tests.test_network_distribution" name="test_separate_gateway_ports_are_separate_segments_and_shared_ports_are_one_bus" time="0.001" /><testcase classname="tests.test_network_distribution" name="test_network_route_sync_refreshes_the_workflow_source_status" time="0.001" /><testcase classname="tests.test_network_distribution" name="test_segment_identity_is_stable_across_layout_labels_and_order" time="0.001" /><testcase classname="tests.test_network_distribution" name="test_visual_ports_for_the_same_hardware_interface_share_one_segment" time="0.001" /><testcase classname="tests.test_network_distribution" name="test_explicit_semantic_bus_joins_disconnected_drops_without_merging_other_domains" time="0.001" /><testcase classname="tests.test_network_distribution" name="test_routing_uses_the_physical_interface_and_segment" time="0.001" /><testcase classname="tests.test_network_distribution" name="test_hardware_interface_ports_do_not_replace_logical_route_interfaces" time="0.001" /><testcase classname="tests.test_network_distribution" name="test_airbag_cluster_survives_gateway_direct_routing_and_unknowns_stay_unassigned" time="0.001" /><testcase classname="tests.test_network_distribution" name="test_direct_physical_parent_replaces_stale_inferred_owner" time="0.001" /><testcase classname="tests.test_network_distribution" name="test_explicit_owner_is_not_replaced_by_a_physical_hint" time="0.001" /><testcase classname="tests.test_network_distribution" name="test_overload_proposes_additional_buses_without_splitting_system_ownership" time="0.001" /><testcase classname="tests.test_network_distribution" name="test_approved_wizard_bus_quantities_become_capacity_inventory" time="0.001" /><testcase classname="tests.test_network_distribution" name="test_distribution_uses_free_same_protocol_segments_before_migration" time="0.001" /><testcase classname="tests.test_network_distribution" name="test_distribution_selects_capable_available_technology_when_bus_stock_is_exhausted" time="0.001" /><testcase classname="tests.test_network_distribution" name="test_binding_inventory_reports_existing_overprovisioning_even_without_overload" time="0.001" /><testcase classname="tests.test_network_distribution" name="test_unapplied_migration_does_not_free_segments_for_split_proposals" time="0.002" /><testcase classname="tests.test_network_distribution" name="test_multiple_overloaded_branches_cannot_reserve_the_same_free_segment" time="0.001" /><testcase classname="tests.test_network_distribution" name="test_split_plan_rewrites_only_the_overloaded_branch_and_preserves_route_evidence" time="0.001" /><testcase classname="tests.test_network_distribution" name="test_single_route_overload_is_not_hidden_by_adding_buses" time="0.001" /><testcase classname="tests.test_network_distribution" name="test_stale_and_missing_capacity_never_yield_a_validated_plan" time="0.001" /><testcase classname="tests.test_network_distribution" name="test_whole_clusters_share_buses_instead_of_allocating_a_bus_per_device" time="0.001" /><testcase classname="tests.test_network_distribution" name="test_distribution_is_reproducible_over_25_passes_without_mutation" time="0.009" /><testcase classname="tests.test_network_distribution" name="test_device_role_cleanup_keeps_instance_numbers" time="0.001" /><testcase classname="tests.test_network_distribution" name="test_simulator_export_preserves_physical_segments_and_protocol_speed" time="0.001" /><testcase classname="tests.test_network_distribution" name="test_simulator_export_updates_interface_technology_with_route_network" time="0.001" /><testcase classname="tests.test_transport_cascades" name="test_loss_stale_input_control_output_recovery_cascade[can_fd]" time="0.063" /><testcase classname="tests.test_transport_cascades" name="test_loss_stale_input_control_output_recovery_cascade[profinet]" time="0.045" /><testcase classname="tests.test_transport_cascades" name="test_loss_stale_input_control_output_recovery_cascade[dds_rtps]" time="0.049" /><testcase classname="tests.test_transport_cascades" name="test_forged_dependency_claims_or_missing_source_cannot_prove_causality" time="0.038" /><testcase classname="tests.test_transport_cascades" name="test_malformed_dependency_evidence_cannot_crash_or_confirm" time="0.036" /><testcase classname="tests.test_transport_cascades" name="test_queue_and_delayed_delivery_propagate_through_explicit_age_budget[can_fd-BURST_TRAFFIC-details0]" time="0.030" /><testcase classname="tests.test_transport_cascades" name="test_queue_and_delayed_delivery_propagate_through_explicit_age_budget[profinet-GATEWAY_DELAY-details1]" time="0.031" /><testcase classname="tests.test_transport_cascades" name="test_queue_and_delayed_delivery_propagate_through_explicit_age_budget[dds_rtps-MESSAGE_DELAY-details2]" time="0.030" /><testcase classname="tests.test_project_ip_transport" name="test_exact_project_addresses_payload_headers_checksums[udp-4]" time="0.005" /><testcase classname="tests.test_project_ip_transport" name="test_exact_project_addresses_payload_headers_checksums[udp-6]" time="0.004" /><testcase classname="tests.test_project_ip_transport" name="test_exact_project_addresses_payload_headers_checksums[tcp-4]" time="0.004" /><testcase classname="tests.test_project_ip_transport" name="test_exact_project_addresses_payload_headers_checksums[tcp-6]" time="0.005" /><testcase classname="tests.test_project_ip_transport" name="test_captures_come_from_same_events_with_loss_and_provenance[4]" time="0.020" /><testcase classname="tests.test_project_ip_transport" name="test_captures_come_from_same_events_with_loss_and_provenance[6]" time="0.020" /><testcase classname="tests.test_project_ip_transport" name="test_full_duplex_and_independent_ports_but_shared_tx_and_rx_contend" time="0.008" /><testcase classname="tests.test_project_ip_transport" name="test_missing_addresses_are_stable_and_never_modify_input" time="0.005" /><testcase classname="tests.test_project_ip_transport" name="test_restbus_session_generates_handshake_ack_and_periodic_liveness_frames[tcp-handshake0]" time="0.008" /><testcase classname="tests.test_project_ip_transport" name="test_restbus_session_generates_handshake_ack_and_periodic_liveness_frames[udp-handshake1]" time="0.008" /><testcase classname="tests.test_project_ip_transport" name="test_tcp_restbus_control_frames_have_real_handshake_flags" time="0.006" /><testcase classname="tests.test_project_ip_transport" name="test_runtime_load_is_busiest_physical_direction_not_sum_of_ports" time="0.006" /><testcase classname="tests.test_project_ip_transport" name="test_invalid_configuration_fails_explicitly[family-family conversion]" time="0.005" /><testcase classname="tests.test_project_ip_transport" name="test_invalid_configuration_fails_explicitly[bad_ip-address]" time="0.004" /><testcase classname="tests.test_project_ip_transport" name="test_invalid_configuration_fails_explicitly[duplicate-Duplicate]" time="0.005" /><testcase classname="tests.test_project_ip_transport" name="test_invalid_configuration_fails_explicitly[mtu-MTU]" time="0.004" /><testcase classname="tests.test_project_ip_transport" name="test_invalid_configuration_fails_explicitly[port-destination_port]" time="0.004" /></testsuite></testsuites>