<?xml version="1.0" encoding="utf-8"?><testsuites name="pytest tests"><testsuite name="pytest" errors="0" failures="3" skipped="0" tests="761" time="174.809" timestamp="2026-09-09T11:59:44.715012+02:00" hostname="Haranga"><testcase classname="tests.test_acceptance_scenarios" name="test_cross_industry_normal_fault_trace_and_root_cause[A-CAN-FD-gateway-technologies0-fault0]" time="0.033" /><testcase classname="tests.test_acceptance_scenarios" name="test_cross_industry_normal_fault_trace_and_root_cause[B-industrial-technologies1-fault1]" time="0.035" /><testcase classname="tests.test_acceptance_scenarios" name="test_cross_industry_normal_fault_trace_and_root_cause[C-DDS-technologies2-fault2]" time="0.026" /><testcase classname="tests.test_acceptance_scenarios" name="test_cross_industry_normal_fault_trace_and_root_cause[D-mixed-gateway-technologies3-fault3]" time="0.036" /><testcase classname="tests.test_acceptance_scenarios" name="test_golden_comparison_aligns_delayed_frames_and_preserves_evidence" time="0.001" /><testcase classname="tests.test_agent_audit_regressions" name="test_free_form_mutations_cannot_claim_success_without_a_proposal[Lege ein Gateway an.]" time="0.007" /><testcase classname="tests.test_agent_audit_regressions" name="test_free_form_mutations_cannot_claim_success_without_a_proposal[\xc4ndere den Namen des Gateways.]" time="0.003" /><testcase classname="tests.test_agent_audit_regressions" name="test_free_form_mutations_cannot_claim_success_without_a_proposal[L\xf6sche das Gateway.]" time="0.003" /><testcase classname="tests.test_agent_audit_regressions" name="test_free_form_mutations_cannot_claim_success_without_a_proposal[Please create a gateway.]" time="0.002" /><testcase classname="tests.test_agent_audit_regressions" name="test_free_form_mutations_cannot_claim_success_without_a_proposal[Ich brauche ein Gateway.]" time="0.003" /><testcase classname="tests.test_agent_audit_regressions" name="test_read_question_still_returns_answer_and_change_proposal_gets_evidence_text" time="0.005" /><testcase classname="tests.test_agent_audit_regressions" name="test_heartbeat_actual_thread_keeps_project_lease_beyond_six_minutes" time="0.299" /><testcase classname="tests.test_agent_audit_regressions" name="test_missing_heartbeat_ownership_is_checked" time="0.014" /><testcase classname="tests.test_agent_audit_regressions" name="test_real_chat_worker_stops_if_lease_renewal_fails" time="1.008" /><testcase classname="tests.test_agent_audit_regressions" name="test_generic_progress_preserves_workload_through_resume" time="0.252" /><testcase classname="tests.test_agent_audit_regressions" name="test_server_history_restores_only_proposal_references_for_large_and_legacy_content" time="0.063" /><testcase classname="tests.test_agent_chat_ux" name="test_large_tool_output_cannot_evict_the_user_query" time="0.003" /><testcase classname="tests.test_agent_chat_ux" name="test_response_types[TEXT]" time="0.001" /><testcase classname="tests.test_agent_chat_ux" name="test_response_types[RECOMMENDATION]" time="0.001" /><testcase classname="tests.test_agent_chat_ux" name="test_response_types[FINDING]" time="0.001" /><testcase classname="tests.test_agent_chat_ux" name="test_response_types[PROGRESS]" time="0.001" /><testcase classname="tests.test_agent_chat_ux" name="test_response_types[RESULT]" time="0.001" /><testcase classname="tests.test_agent_chat_ux" name="test_response_types[APPROVAL]" time="0.001" /><testcase classname="tests.test_agent_chat_ux" name="test_response_types[ERROR]" time="0.001" /><testcase classname="tests.test_agent_chat_ux" name="test_invalid_contract_falls_back" time="0.003" /><testcase classname="tests.test_agent_chat_ux" name="test_local_reasoner_disables_hidden_thinking_without_mutating_history" time="0.001" /><testcase classname="tests.test_agent_chat_ux" name="test_structured_wizard_request_uses_fast_orchestration_path" time="0.001" /><testcase classname="tests.test_agent_chat_ux" name="test_local_reasoner_does_not_duplicate_the_full_requirement_in_system_context" time="0.001" /><testcase classname="tests.test_agent_chat_ux" name="test_local_reasoner_uses_native_non_thinking_tool_contract" time="0.288" /><testcase classname="tests.test_agent_chat_ux" name="test_local_reasoner_keeps_fast_semantic_model_warm" time="0.266" /><testcase classname="tests.test_agent_chat_ux" name="test_wizard_execution_status_is_durable_and_uses_the_external_run_id" time="0.357" /><testcase classname="tests.test_agent_chat_ux" name="test_backend_restart_marks_only_the_old_process_wizard_as_recoverable[False]" time="0.205" /><testcase classname="tests.test_agent_chat_ux" name="test_backend_restart_marks_only_the_old_process_wizard_as_recoverable[True]" time="0.237" /><testcase classname="tests.test_agent_chat_ux" name="test_reasoning_iterations_emit_bounded_structured_progress" time="0.001" /><testcase classname="tests.test_agent_chat_ux" name="test_engineering_agent_emits_structured_progress_after_each_reasoning_step" time="0.835" /><testcase classname="tests.test_agent_chat_ux" name="test_compact_wizard_continuation_restores_the_confirmed_request" time="0.001" /><testcase classname="tests.test_agent_chat_ux" name="test_conversation_heartbeat_only_renews_matching_run" time="0.179" /><testcase classname="tests.test_agent_chat_ux" name="test_chat_worker_survives_disconnected_stream" time="1.630" /><testcase classname="tests.test_agent_chat_ux" name="test_wizard_run_cannot_report_creation_without_a_tool_call" time="1.092" /><testcase classname="tests.test_agent_chat_ux" name="test_structured_answer_atomic_and_persistent" time="1.053" /><testcase classname="tests.test_agent_chat_ux" name="test_question_context_change_rejected" time="0.357" /><testcase classname="tests.test_agent_chat_ux" name="test_camera_dialog_to_approved_model" time="4.639" /><testcase classname="tests.test_agent_chat_ux" name="test_expiry_model_change_and_risk_review" time="1.138" /><testcase classname="tests.test_agent_chat_ux" name="test_history_merge_recovery_and_project_isolation" time="0.380" /><testcase classname="tests.test_agent_chat_ux" name="test_large_response_is_loaded_in_workspace" time="0.191" /><testcase classname="tests.test_agent_chat_ux" name="test_answer_preserves_workload_and_finding_action_is_structured" time="0.591" /><testcase classname="tests.test_agent_chat_ux" name="test_human_edit_creates_new_validated_revision_and_survives_reload" time="0.873" /><testcase classname="tests.test_agent_chat_ux" name="test_explicit_single_function_keeps_quantity_and_generator_workflow" time="1.403" /><testcase classname="tests.test_agent_chat_ux" name="test_optional_mcp_question_can_be_skipped_and_resumed" time="0.404" /><testcase classname="tests.test_agent_core" name="test_workload_and_work_package_creation_enforce_exact_targets" time="0.002" /><testcase classname="tests.test_agent_core" name="test_planner_uses_injected_parser_and_preserves_subtargets" time="0.001" /><testcase classname="tests.test_agent_core" name="test_target_and_subtarget_validation_are_separate_checks" time="0.001" /><testcase classname="tests.test_agent_core" name="test_dependency_resolution_reports_ready_waiting_blocked_and_order" time="0.001" /><testcase classname="tests.test_agent_core" name="test_dependency_cycle_is_rejected" time="0.001" /><testcase classname="tests.test_agent_core" name="test_dispatcher_selects_registered_handler_generator_and_validator" time="0.001" /><testcase classname="tests.test_agent_core" name="test_tool_registry_lists_names_and_filters_registered_tools" time="0.001" /><testcase classname="tests.test_agent_core" name="test_generator_contract_validates_counts_and_is_not_completion" time="0.001" /><testcase classname="tests.test_agent_core" name="test_validation_failure_reports_missing_required_field" time="0.001" /><testcase classname="tests.test_agent_core" name="test_duplicate_detection_covers_id_name_semantic_alias_and_near_match" time="0.002" /><testcase classname="tests.test_agent_core" name="test_automatic_repair_uses_registered_safe_strategy" time="0.001" /><testcase classname="tests.test_agent_core" name="test_missing_work_regeneration_requests_only_the_gap" time="0.001" /><testcase classname="tests.test_agent_core" name="test_retry_limit_is_bounded_and_explainable" time="0.001" /><testcase classname="tests.test_agent_core" name="test_progress_calculation_reports_package_and_overall_counts" time="0.001" /><testcase classname="tests.test_agent_core" name="test_completion_is_ready_for_review_then_completed_after_approval" time="0.001" /><testcase classname="tests.test_agent_core" name="test_parent_completion_requires_all_mandatory_children" time="0.001" /><testcase classname="tests.test_agent_core" name="test_proposal_creation_and_human_approval_boundary" time="0.001" /><testcase classname="tests.test_agent_core" name="test_audit_repository_preserves_actor_model_generator_and_before_after" time="0.001" /><testcase classname="tests.test_agent_core" name="test_context_builder_keeps_engineering_rag_and_graph_separate" time="0.001" /><testcase classname="tests.test_agent_core" name="test_execution_loop_stops_at_retry_limit_without_infinite_loop" time="0.001" /><testcase classname="tests.test_agent_core" name="test_standard_api_inventory_contains_dependencies_and_audit" time="0.001" /><testcase classname="tests.test_api" name="test_health_and_catalog" time="0.707" /><testcase classname="tests.test_api" name="test_local_studio_origin_is_allowed" time="0.286" /><testcase classname="tests.test_api" name="test_knowledge_search_endpoint_returns_hybrid_context" time="0.294" /><testcase classname="tests.test_api" name="test_validation_job_completes" time="0.345" /><testcase classname="tests.test_api" name="test_simulation_job_publishes_runtime_metrics" time="0.317" /><testcase classname="tests.test_api" name="test_topology_config_drives_explicit_route_retries_and_gateway_metrics" time="0.338" /><testcase classname="tests.test_assignment_learning" name="test_previous_wizard_graph_is_retrieved_for_a_new_project" time="0.002" /><testcase classname="tests.test_assignment_learning" name="test_explicit_correction_outweighs_an_older_generated_assignment" time="0.001" /><testcase classname="tests.test_automatic_resource_planning" name="test_automatic_sizing_adds_only_needed_same_technology_resources" time="0.002" /><testcase classname="tests.test_automatic_resource_planning" name="test_free_segments_are_used_before_new_resources_are_planned" time="0.001" /><testcase classname="tests.test_automatic_resource_planning" name="test_multiple_branches_do_not_double_spend_existing_inventory" time="0.001" /><testcase classname="tests.test_automatic_resource_planning" name="test_initial_quantities_are_not_silently_treated_as_hard_limits_in_auto_mode" time="0.001" /><testcase classname="tests.test_automatic_resource_planning" name="test_explicit_hard_limits_still_block_automatic_expansion" time="0.001" /><testcase classname="tests.test_automatic_resource_planning" name="test_unsplittable_single_route_is_not_declared_fixed_by_more_segments" time="0.002" /><testcase classname="tests.test_automatic_resource_planning" name="test_invalid_resource_policies_are_not_silently_accepted[raw0]" time="0.001" /><testcase classname="tests.test_automatic_resource_planning" name="test_invalid_resource_policies_are_not_silently_accepted[raw1]" time="0.001" /><testcase classname="tests.test_automatic_resource_planning" name="test_invalid_resource_policies_are_not_silently_accepted[raw2]" time="0.001" /><testcase classname="tests.test_automatic_resource_planning" name="test_invalid_resource_policies_are_not_silently_accepted[raw3]" time="0.001" /><testcase classname="tests.test_automatic_resource_planning" name="test_persisted_inventory_wins_over_a_continuation_prompt" time="0.002" /><testcase classname="tests.test_automatic_resource_planning" name="test_auto_resource_receipt_is_revalidated_before_apply" time="0.285"><failure message="AssertionError: ToolResult(success=False, status=&lt;ToolStatus.INVALID_INPUT: 'INVALID_INPUT'&gt;, data=None, findings=[{'severity': 'ERROR...fected_objects=[], next_actions=['Eingaben oder Dienststatus prüfen'], trace_id='e4530229-7f30-4112-8e4f-5d1df3a428bf')&#10;assert False&#10; +  where False = ToolResult(success=False, status=&lt;ToolStatus.INVALID_INPUT: 'INVALID_INPUT'&gt;, data=None, findings=[{'severity': 'ERROR...fected_objects=[], next_actions=['Eingaben oder Dienststatus prüfen'], trace_id='e4530229-7f30-4112-8e4f-5d1df3a428bf').success">monkeypatch = &lt;_pytest.monkeypatch.MonkeyPatch object at 0x000001B5A1663D40&gt;

    def test_auto_resource_receipt_is_revalidated_before_apply(monkeypatch):
        """Real proposal store/validate/review/apply, isolated project, no user changes."""
        authority = ToolAuthority('pytest-auto-resources-' + str(uuid4()))
        def work():
            workflow = WorkflowStatusService(authority.project_id)
            prompt = '- Kommunikationssystem-Sollwerte: [{"id":"lin","count":1}]'
            workflow.set_context({'agent_wizard_status': {'agent_prompt': prompt}})
            before = topology(shared=True)
            for node in before['nodes']:
                node.update(name=node['id'], kind='ecu')
            for index, edge in enumerate(before['edges']):
                edge.update(physicalNetworkId='network-lin', routingEntryId=f'r{index}',
                            routingEntryIds=[f'r{index}'], engineeringRelationId=f'relation-{index}')
            workflow.save_topology(before)
            plan = plan_network_distribution(capacity((40, 40)), hardware(), before, available_protocol_counts={'LIN': 1}, resource_policy=AUTO)
            after, count = split_topology_by_distribution(before, plan)
            assert count == 2
            receipt = resource_decision(before, after, {'LIN': 1}, AUTO)
            monkeypatch.setattr(wizard_generation, 'plan_capacity_remediation', lambda arguments: deepcopy(plan))
            proposal = wizard_generation.generate_capacity_network_repair({'prompt': prompt})
            assert proposal['changes'][0]['data']['resource_decision'] == receipt
            assert 'Tool-Entscheidung:' in proposal['rationale']
            assert 'LIN 1 → 2' in proposal['rationale']
            validated = proposal_service.validate(proposal['proposal_id'])
            assert validated['status'] == 'VALIDATED', validated
            assert workflow.get()['topology'] == before, 'Planning must not apply changes.'
            approved = proposal_service.review(validated['proposal_id'], revision=validated['revision'], decision='approve', actor='test-human', trace_id=str(uuid4()))
            applied = proposal_service.apply(approved['proposal_id'], actor='test-human', trace_id=str(uuid4()))
            assert applied['status'] == 'APPLIED'
            assert workflow.get()['topology'] == after
            assert receipt['resources'][0]['planned_count'] == 2
            assert receipt['additional_modeled_ports']
        result = execute(authority, 'test_auto_resource_apply', Permission.GENERATE_PROPOSAL, {}, lambda _: work())
&gt;       assert result.success, result
E       AssertionError: ToolResult(success=False, status=&lt;ToolStatus.INVALID_INPUT: 'INVALID_INPUT'&gt;, data=None, findings=[{'severity': 'ERROR...fected_objects=[], next_actions=['Eingaben oder Dienststatus prüfen'], trace_id='e4530229-7f30-4112-8e4f-5d1df3a428bf')
E       assert False
E        +  where False = ToolResult(success=False, status=&lt;ToolStatus.INVALID_INPUT: 'INVALID_INPUT'&gt;, data=None, findings=[{'severity': 'ERROR...fected_objects=[], next_actions=['Eingaben oder Dienststatus prüfen'], trace_id='e4530229-7f30-4112-8e4f-5d1df3a428bf').success

backend\tests\test_automatic_resource_planning.py:117: AssertionError</failure></testcase><testcase classname="tests.test_automatic_resource_planning" name="test_forged_stale_or_fixed_inventory_receipts_cannot_bypass_limits" time="0.002" /><testcase classname="tests.test_collaboration" name="test_project_links_round_trip_without_changing_identity" time="0.001" /><testcase classname="tests.test_collaboration" name="test_edit_tokens_are_order_independent_but_detect_content_changes" time="0.001" /><testcase classname="tests.test_collaboration" name="test_http_route_method_registrations_are_unique" time="0.269" /><testcase classname="tests.test_collaboration" name="test_empty_workflow_payloads_are_validation_errors" time="0.450" /><testcase classname="tests.test_collaboration" name="test_parallel_stale_object_updates_have_one_winner" time="1.435" /><testcase classname="tests.test_collaboration" name="test_parameter_conflict_does_not_overwrite_and_other_objects_can_be_edited" time="1.152" /><testcase classname="tests.test_collaboration" name="test_failed_invalidation_rolls_back_object_and_history" time="0.521" /><testcase classname="tests.test_collaboration" name="test_parallel_topology_sync_is_idempotent_and_partial_failure_rolls_back" time="1.253" /><testcase classname="tests.test_collaboration" name="test_stale_topology_rejected_before_sync_side_effects" time="1.190" /><testcase classname="tests.test_collaboration" name="test_layouts_of_distinct_views_do_not_delete_each_other" time="0.441" /><testcase classname="tests.test_collaboration" name="test_request_restores_prior_project_context" time="0.564" /><testcase classname="tests.test_collaboration" name="test_hardware_defaults_and_multiple_distinct_ecu_functions" time="1.432" /><testcase classname="tests.test_collaboration" name="test_identical_topology_can_be_reconfirmed_after_routing_edit" time="2.654"><failure message="AssertionError: assert 'IN_PROGRESS' == 'COMPLETE'&#10;  &#10;  - COMPLETE&#10;  + IN_PROGRESS">workspace = ('audit-9a36ec10-6536-48a1-a50e-671ec15b9f71', &lt;function workspace.&lt;locals&gt;.call at 0x000001B5A2FBB060&gt;)

    def test_identical_topology_can_be_reconfirmed_after_routing_edit(workspace):
        _, call = workspace
        saved = call("PUT", "/workflow/topology", {"topology": topology()}).get_json()
        call("POST", "/workflow/changed", {"step": "routing", "reason": "Routing changed"})
        assert call("GET", "/workflow").get_json()["statuses"]["network_editor"] == "OUTDATED"
        response = call("PUT", "/workflow/topology", {"topology": saved["topology"]})
        assert response.status_code == 200, response.get_json()
&gt;       assert response.get_json()["statuses"]["network_editor"] == "COMPLETE"
E       AssertionError: assert 'IN_PROGRESS' == 'COMPLETE'
E         
E         - COMPLETE
E         + IN_PROGRESS

backend\tests\test_collaboration.py:196: AssertionError</failure></testcase><testcase classname="tests.test_collaboration" name="test_parallel_simulation_start_uses_one_frozen_snapshot" time="3.905" /><testcase classname="tests.test_collaboration" name="test_parallel_route_edits_reject_stale_revisions" time="3.364" /><testcase classname="tests.test_collaboration" name="test_snapshot_transport_uses_canonical_values_and_frozen_model" time="0.002" /><testcase classname="tests.test_collaboration" name="test_canonical_transport_has_executable_ports_and_produces_frames" time="4.660" /><testcase classname="tests.test_compute_policy_config" name="test_compute_policy_documents_the_active_cpu_gpu_contract" time="0.002" /><testcase classname="tests.test_config" name="test_backend_paths_are_relative_to_the_app_package" time="0.003" /><testcase classname="tests.test_config" name="test_vercel_service_path_resolves_to_var_task" time="0.002" /><testcase classname="tests.test_config" name="test_vercel_runtime_uses_writable_tmp_directory" time="0.001" /><testcase classname="tests.test_config" name="test_runtime_directory_can_be_overridden" time="0.002" /><testcase classname="tests.test_db_pool_process_safety" name="test_inherited_pool_is_discarded_without_touching_parent_sockets" time="0.001" /><testcase classname="tests.test_db_pool_process_safety" name="test_project_mutations_wait_locally_before_consuming_a_database_lock" time="0.035" /><testcase classname="tests.test_db_pool_process_safety" name="test_project_mutation_lock_is_released_after_commit" time="0.002" /><testcase classname="tests.test_device_classification" name="test_device_classification_registry_resolves_generator_policy[CoolantTemperature-SensorController-1-Basic Sensor-PHYSICAL_SCALAR-NO]" time="0.002" /><testcase classname="tests.test_device_classification" name="test_device_classification_registry_resolves_generator_policy[BrakeServo-ActuatorController-2-Controlled Actuator-CONTROL_COMMAND-NO]" time="0.001" /><testcase classname="tests.test_device_classification" name="test_device_classification_registry_resolves_generator_policy[FrontCamera-SensorController-3-Perception Sensor-IMAGE_STREAM-YES]" time="0.001" /><testcase classname="tests.test_device_classification" name="test_device_classification_registry_resolves_generator_policy[CentralGateway-Gateway-4-Intelligent Subsystem-SERVICE_DATA-YES]" time="0.001" /><testcase classname="tests.test_device_classification" name="test_device_classification_registry_resolves_generator_policy[Motorsteuerung-ECU-4-Intelligent Subsystem-SERVICE_DATA-YES]" time="0.001" /><testcase classname="tests.test_device_classification" name="test_device_classification_registry_resolves_generator_policy[Elektromotorsteuerung-ECU-4-Intelligent Subsystem-SERVICE_DATA-YES]" time="0.001" /><testcase classname="tests.test_device_classification" name="test_user_confirmed_classification_wins_over_heuristic" time="0.001" /><testcase classname="tests.test_device_classification" name="test_invalid_typing_falls_back_to_class_default" time="0.001" /><testcase classname="tests.test_device_classification" name="test_schema_contains_device_class_columns_and_indexes" time="0.001" /><testcase classname="tests.test_engineering_api" name="test_create_get_update_list_delete_hardware_node" time="2.813" /><testcase classname="tests.test_engineering_api" name="test_invalid_device_type_returns_400" time="0.374" /><testcase classname="tests.test_engineering_api" name="test_interface_requires_existing_hardware_node" time="0.723" /><testcase classname="tests.test_engineering_api" name="test_hierarchy_relations_are_created_automatically" time="2.990" /><testcase classname="tests.test_engineering_api" name="test_direct_hardware_interface_proposal_creates_hardware_relation" time="0.745" /><testcase classname="tests.test_engineering_api" name="test_approved_engineering_proposal_invalidates_workflow" time="0.705" /><testcase classname="tests.test_engineering_api" name="test_new_project_proposal_reuses_semantic_hardware_synonym" time="0.662" /><testcase classname="tests.test_engineering_api" name="test_network_topology_sync_is_idempotent" time="2.130" /><testcase classname="tests.test_engineering_api" name="test_network_topology_sync_reuses_existing_compatible_interface" time="1.840" /><testcase classname="tests.test_engineering_api" name="test_network_topology_sync_keeps_one_interface_per_port" time="2.001" /><testcase classname="tests.test_engineering_api" name="test_ai_proposal_is_stored_separately_from_engineering_objects" time="0.203" /><testcase classname="tests.test_engineering_core_models" name="test_core_signal_contract_serializes_without_frontend_types" time="0.001" /><testcase classname="tests.test_engineering_core_models" name="test_core_models_reject_invalid_ranges_and_empty_identity" time="0.001" /><testcase classname="tests.test_engineering_core_models" name="test_core_route_contract_keeps_route_logic_industry_neutral" time="0.000" /><testcase classname="tests.test_engineering_importer" name="test_dbc_preview_builds_complete_hierarchy" time="0.002" /><testcase classname="tests.test_engineering_importer" name="test_dbc_preview_preserves_value_table_as_signal_semantics" time="0.001" /><testcase classname="tests.test_engineering_importer" name="test_preview_accepts_files_larger_than_previous_limit" time="0.444" /><testcase classname="tests.test_engineering_importer" name="test_csv_preview_detects_columns_and_parent_keys" time="0.002" /><testcase classname="tests.test_engineering_importer" name="test_import_defaults_to_generic_domain_instead_of_automotive" time="0.001" /><testcase classname="tests.test_engineering_importer" name="test_xlsx_preview_reads_first_worksheet" time="0.009" /><testcase classname="tests.test_engineering_importer" name="test_arxml_preview_extracts_typical_engineering_objects" time="0.001" /><testcase classname="tests.test_engineering_importer" name="test_yaml_preview_detects_industry_device_collections" time="0.002" /><testcase classname="tests.test_engineering_importer" name="test_json_preview_supports_generic_model_records" time="0.001" /><testcase classname="tests.test_engineering_importer" name="test_text_trace_preview_imports_frame_messages" time="0.001" /><testcase classname="tests.test_engineering_importer" name="test_preview_rejects_legacy_binary_excel" time="0.001" /><testcase classname="tests.test_engineering_mcp" name="test_mcp_discovery_schemas_and_call" time="0.456" /><testcase classname="tests.test_engineering_mcp" name="test_project_resources_are_bound" time="0.461" /><testcase classname="tests.test_engineering_mcp" name="test_proposal_requires_review_and_applies_once" time="0.721" /><testcase classname="tests.test_engineering_mcp" name="test_agent_exact_35_signals_and_completion_after_human_apply" time="4.716" /><testcase classname="tests.test_engineering_mcp" name="test_network_proposal_and_resource" time="0.849" /><testcase classname="tests.test_engineering_mcp" name="test_changed_model_invalidates_approved_proposal" time="0.551" /><testcase classname="tests.test_engineering_mcp" name="test_browser_approval_requires_separate_intent" time="0.966" /><testcase classname="tests.test_engineering_mcp" name="test_wizard_review_approves_and_applies_once_with_explicit_human_intent" time="1.043" /><testcase classname="tests.test_engineering_mcp" name="test_wizard_review_keeps_revision_and_base_model_guards" time="0.659" /><testcase classname="tests.test_engineering_mcp" name="test_wizard_review_rolls_back_approval_when_apply_reconciliation_fails" time="0.667" /><testcase classname="tests.test_engineering_mcp" name="test_wizard_review_endpoint_rejects_generic_proposals" time="0.399" /><testcase classname="tests.test_engineering_mcp" name="test_trace_correlation_and_message_group_uniqueness" time="0.025" /><testcase classname="tests.test_engineering_mcp" name="test_real_stdio_protocol" time="4.832" /><testcase classname="tests.test_engineering_mcp" name="test_concurrent_apply_has_one_canonical_result" time="0.705" /><testcase classname="tests.test_engineering_mcp" name="test_update_validates_overlap_and_message_identifier" time="0.618" /><testcase classname="tests.test_engineering_mcp" name="test_cross_project_update_and_authority_injection_are_rejected" time="0.187" /><testcase classname="tests.test_engineering_mcp" name="test_impact_contains_transitive_signals_and_relations" time="0.396" /><testcase classname="tests.test_engineering_mcp" name="test_network_parameters_are_used_by_shared_calculator" time="0.001" /><testcase classname="tests.test_engineering_mcp" name="test_signal_behavior_is_canonical_after_review" time="1.020" /><testcase classname="tests.test_engineering_mcp" name="test_question_stops_agent_and_preserves_requirement" time="0.662" /><testcase classname="tests.test_engineering_mcp" name="test_golden_comparison_detects_changed_values" time="0.012" /><testcase classname="tests.test_engineering_mcp" name="test_complete_pagination_and_large_trace_window" time="0.001" /><testcase classname="tests.test_engineering_mcp" name="test_route_proposal_uses_canonical_routing_review" time="1.126" /><testcase classname="tests.test_engineering_mcp" name="test_message_generation_applies_local_references_atomically" time="0.921" /><testcase classname="tests.test_engineering_mcp" name="test_followup_preserves_bounded_conversation_and_rejects_system_role" time="0.806" /><testcase classname="tests.test_engineering_reasoning" name="test_queue_causal_component_supported_and_no_time_only_claim" time="0.002" /><testcase classname="tests.test_engineering_reasoning" name="test_queue_hypothesis_rejected_if_queue_is_zero" time="0.002" /><testcase classname="tests.test_engineering_reasoning" name="test_missing_data_blocks_confirmation[change0-MISSING_SIMULATION_SNAPSHOT]" time="0.001" /><testcase classname="tests.test_engineering_reasoning" name="test_missing_data_blocks_confirmation[change1-MISSING_DECODE]" time="0.001" /><testcase classname="tests.test_engineering_reasoning" name="test_temporal_order_is_not_causality[0-BEFORE]" time="0.001" /><testcase classname="tests.test_engineering_reasoning" name="test_temporal_order_is_not_causality[1-SIMULTANEOUS]" time="0.001" /><testcase classname="tests.test_engineering_reasoning" name="test_temporal_order_is_not_causality[2-AFTER]" time="0.001" /><testcase classname="tests.test_engineering_reasoning" name="test_fault_requires_time_target_marker_and_effect" time="0.002" /><testcase classname="tests.test_engineering_reasoning" name="test_signal_dependencies_and_state_transitions_are_explicit" time="0.002" /><testcase classname="tests.test_engineering_reasoning" name="test_golden_first_divergence_is_chronological_and_not_automatically_causal" time="0.001" /><testcase classname="tests.test_engineering_reasoning" name="test_window_resolver_has_bounded_pages_and_continuation" time="0.002" /><testcase classname="tests.test_engineering_reasoning" name="test_golden_causal_association_is_in_the_returned_contract" time="0.002" /><testcase classname="tests.test_engineering_reasoning" name="test_continuation_preserves_evidence_but_does_not_invent_cross_page_metrics" time="0.002" /><testcase classname="tests.test_engineering_reasoning" name="test_invalid_request_and_cot_fields_rejected[focus_s-nan]" time="0.001" /><testcase classname="tests.test_engineering_reasoning" name="test_invalid_request_and_cot_fields_rejected[start_s--1]" time="0.001" /><testcase classname="tests.test_engineering_reasoning" name="test_invalid_request_and_cot_fields_rejected[cursor--1]" time="0.001" /><testcase classname="tests.test_engineering_reasoning" name="test_invalid_request_and_cot_fields_rejected[hidden_reasoning-not allowed]" time="0.001" /><testcase classname="tests.test_engineering_reasoning" name="test_no_raw_events_or_private_reasoning_persisted" time="0.002" /><testcase classname="tests.test_engineering_reasoning" name="test_real_simulator_cross_technology_fault_reasoning[technologies0-fault0]" time="0.033" /><testcase classname="tests.test_engineering_reasoning" name="test_real_simulator_cross_technology_fault_reasoning[technologies1-fault1]" time="0.025" /><testcase classname="tests.test_engineering_reasoning" name="test_real_simulator_cross_technology_fault_reasoning[technologies2-fault2]" time="0.028" /><testcase classname="tests.test_engineering_reasoning" name="test_reasoning_tools_registered_and_selected" time="0.001" /><testcase classname="tests.test_final_api_contracts" name="test_cancel_alias_preserves_project_scope_and_idempotency" time="0.239" /><testcase classname="tests.test_final_api_contracts" name="test_named_gateway_fault_resolves_canonical_id_and_changes_runtime" time="0.001" /><testcase classname="tests.test_final_api_contracts" name="test_ambiguous_gateway_name_is_not_silently_selected" time="0.001" /><testcase classname="tests.test_industry_knowledge.IndustryContextTests" name="test_aliases_resolve_to_existing_domain_folder_names" time="0.002" /><testcase classname="tests.test_industry_knowledge.IndustryContextTests" name="test_request_domain_controls_both_storage_paths" time="0.003" /><testcase classname="tests.test_industry_knowledge.IndustryMemoryStoreTests" name="test_legacy_lowercase_learning_database_is_copied_safely" time="0.041" /><testcase classname="tests.test_industry_knowledge.IndustryMemoryStoreTests" name="test_memories_are_isolated_by_industry" time="0.068" /><testcase classname="tests.test_industry_knowledge.KnowledgeGraphStoreTests" name="test_graph_database_is_industry_local" time="0.024" /><testcase classname="tests.test_industry_knowledge.KnowledgeGraphStoreTests" name="test_simulation_topology_is_persisted_as_nodes_and_edges" time="0.477" /><testcase classname="tests.test_industry_knowledge.NemotronKnowledgeIntegrationTests" name="test_recording_uses_industry_from_request" time="3.608" /><testcase classname="tests.test_intelligence" name="test_device_type_is_not_part_of_the_name_but_distinguishes_duplicates" time="0.001" /><testcase classname="tests.test_intelligence" name="test_review_experience_is_reused_without_auto_approval_or_hiding_errors" time="0.001" /><testcase classname="tests.test_intelligence" name="test_diagnosis_persists_capacity_errors_without_a_successful_simulation" time="0.035" /><testcase classname="tests.test_intelligence" name="test_step_nine_is_invalidated_by_earlier_changes" time="0.001" /><testcase classname="tests.test_intelligence" name="test_data_quality_is_deterministic_and_reports_missing_signal_metadata" time="0.001" /><testcase classname="tests.test_intelligence" name="test_data_quality_accepts_unitless_status_signals" time="0.001" /><testcase classname="tests.test_intelligence" name="test_data_quality_accepts_direct_hardware_owned_interfaces" time="0.001" /><testcase classname="tests.test_intelligence" name="test_system_health_counts_signals_reached_through_routed_messages" time="0.001" /><testcase classname="tests.test_intelligence" name="test_system_health_ignores_signals_from_rejected_routes" time="0.002" /><testcase classname="tests.test_intelligence" name="test_system_health_accepts_direct_hardware_owned_interfaces" time="0.001" /><testcase classname="tests.test_intelligence" name="test_graph_analytics_finds_articulation_point_and_isolated_node" time="0.001" /><testcase classname="tests.test_intelligence" name="test_gateway_single_point_issue_requires_user_confirmation" time="0.001" /><testcase classname="tests.test_intelligence" name="test_approved_gateway_single_point_issue_no_longer_blocks_assessment" time="0.001" /><testcase classname="tests.test_intelligence" name="test_graph_analytics_normalizes_agent_topology_and_interface_edges" time="0.001" /><testcase classname="tests.test_intelligence" name="test_graph_analytics_projects_hardware_interface_relations_to_hardware_nodes" time="0.001" /><testcase classname="tests.test_intelligence" name="test_anomaly_detection_marks_unusual_cycle_without_calling_it_an_error" time="0.001" /><testcase classname="tests.test_intelligence" name="test_maturity_and_recommendation_priorities_are_explainable" time="0.001" /><testcase classname="tests.test_intelligence" name="test_maturity_thresholds_can_be_configured_per_project" time="0.001" /><testcase classname="tests.test_intelligence" name="test_correlations_are_labeled_as_non_causal_and_reports_export_csv" time="0.001" /><testcase classname="tests.test_intelligence" name="test_project_ids_are_restricted_to_portable_file_safe_values" time="0.001" /><testcase classname="tests.test_intelligence" name="test_generated_network_project_ids_can_use_short_browser_suffix" time="0.001" /><testcase classname="tests.test_intelligence" name="test_intelligence_assessment_endpoint_uses_active_project" time="0.308" /><testcase classname="tests.test_intelligence" name="test_intelligence_assessment_endpoint_accepts_short_browser_project" time="0.241" /><testcase classname="tests.test_intelligence" name="test_intelligence_issue_approval_endpoint_uses_active_project" time="0.198" /><testcase classname="tests.test_intelligence" name="test_project_import_endpoint_never_treats_bundle_as_engineering_mutation" time="0.179" /><testcase classname="tests.test_ip_snapshot_bindings" name="test_canonical_binding_to_port_to_packet[4]" time="0.245" /><testcase classname="tests.test_ip_snapshot_bindings" name="test_canonical_binding_to_port_to_packet[6]" time="0.251" /><testcase classname="tests.test_job_service" name="test_unavailable_runtime_mount_does_not_crash_application_import" time="0.012" /><testcase classname="tests.test_job_service" name="test_vercel_jobs_run_synchronously" time="0.009" /><testcase classname="tests.test_job_service" name="test_desktop_jobs_default_to_process_workers" time="0.001" /><testcase classname="tests.test_job_service" name="test_process_workers_use_spawn_to_protect_database_connections" time="0.010" /><testcase classname="tests.test_job_service" name="test_job_registry_survives_restart" time="0.007" /><testcase classname="tests.test_job_service" name="test_job_registry_persists_compact_results" time="0.005" /><testcase classname="tests.test_job_service" name="test_job_registry_falls_back_when_primary_registry_is_locked" time="0.004" /><testcase classname="tests.test_job_service" name="test_job_list_returns_compact_results" time="0.003" /><testcase classname="tests.test_job_service" name="test_jobs_are_isolated_by_project" time="0.001" /><testcase classname="tests.test_job_service" name="test_cancel_marks_running_job_terminal_and_updates_workflow" time="0.001" /><testcase classname="tests.test_job_service" name="test_canceled_job_is_not_overwritten_by_late_thread_result" time="0.003" /><testcase classname="tests.test_job_service" name="test_terminal_job_status_is_published_after_workflow_snapshot" time="0.003" /><testcase classname="tests.test_knowledge" name="test_local_graph_store_supports_traversal_paths_and_subgraphs" time="0.001" /><testcase classname="tests.test_knowledge" name="test_local_vector_store_filters_updates_and_deletes" time="0.001" /><testcase classname="tests.test_knowledge" name="test_local_transformer_is_deterministic_and_reranks_relevant_text" time="0.004" /><testcase classname="tests.test_knowledge" name="test_engineering_vocabulary_normalizes_identifiers_and_multilingual_synonyms" time="0.001" /><testcase classname="tests.test_knowledge" name="test_local_transformer_places_relation_synonyms_in_same_vector_region" time="0.003" /><testcase classname="tests.test_knowledge" name="test_hybrid_retrieval_combines_vector_keyword_metadata_and_multihop_graph" time="0.005" /><testcase classname="tests.test_knowledge" name="test_context_builder_prioritizes_selected_objects_and_respects_budget" time="0.001" /><testcase classname="tests.test_knowledge" name="test_entity_resolution_never_auto_merges_semantic_or_possible_matches" time="0.002" /><testcase classname="tests.test_knowledge" name="test_ai_model_gateway_routes_small_model_tasks_without_provider_coupling" time="0.003" /><testcase classname="tests.test_knowledge" name="test_ingestion_chunks_documents_and_imports_per_engineering_object" time="0.005" /><testcase classname="tests.test_knowledge_sources" name="test_structured_source_adapters_stage_canonical_entities[csv-name,unit\nBatteryVoltage,V\n]" time="0.006" /><testcase classname="tests.test_knowledge_sources" name="test_structured_source_adapters_stage_canonical_entities[json-{&quot;signals&quot;:[{&quot;name&quot;:&quot;BatteryVoltage&quot;,&quot;unit&quot;:&quot;V&quot;}]}]" time="0.004" /><testcase classname="tests.test_knowledge_sources" name="test_structured_source_adapters_stage_canonical_entities[yaml-signals:\n  - name: BatteryVoltage\n    unit: V\n]" time="0.005" /><testcase classname="tests.test_knowledge_sources" name="test_structured_source_adapters_stage_canonical_entities[xml-&lt;signals&gt;&lt;signal&gt;&lt;name&gt;BatteryVoltage&lt;/name&gt;&lt;unit&gt;V&lt;/unit&gt;&lt;/signal&gt;&lt;/signals&gt;]" time="0.006" /><testcase classname="tests.test_knowledge_sources" name="test_sqlite_adapter_reads_all_user_tables_without_mutating_source" time="0.027" /><testcase classname="tests.test_knowledge_sources" name="test_signal_list_adapter_builds_rag_signal_generation_hints" time="0.041" /><testcase classname="tests.test_knowledge_sources" name="test_industry_rag_orchestrator_keeps_neutral_semantics_and_separate_partitions" time="0.001" /><testcase classname="tests.test_knowledge_sources" name="test_registry_exposes_required_initial_sources_and_postgres_is_read_only" time="0.001" /><testcase classname="tests.test_knowledge_sources" name="test_rest_adapter_uses_get_and_content_type_parser" time="0.002" /><testcase classname="tests.test_knowledge_sources" name="test_postgres_adapter_maps_read_only_rows" time="0.001" /><testcase classname="tests.test_logical_addressing" name="test_logical_address_parse_and_format_are_canonical[1-1-0x0001]" time="0.001" /><testcase classname="tests.test_logical_addressing" name="test_logical_address_parse_and_format_are_canonical[15-15-0x000F]" time="0.001" /><testcase classname="tests.test_logical_addressing" name="test_logical_address_parse_and_format_are_canonical[12-18-0x0012]" time="0.001" /><testcase classname="tests.test_logical_addressing" name="test_logical_address_parse_and_format_are_canonical[255-255-0x00FF]" time="0.001" /><testcase classname="tests.test_logical_addressing" name="test_logical_address_parse_and_format_are_canonical[4096-4096-0x1000]" time="0.001" /><testcase classname="tests.test_logical_addressing" name="test_logical_address_parse_and_format_are_canonical[65534-65534-0xFFFE]" time="0.001" /><testcase classname="tests.test_logical_addressing" name="test_logical_address_parse_and_format_are_canonical[FFFF-65535-0xFFFF]" time="0.001" /><testcase classname="tests.test_logical_addressing" name="test_invalid_logical_addresses_are_rejected[]" time="0.001" /><testcase classname="tests.test_logical_addressing" name="test_invalid_logical_addresses_are_rejected[0x10000]" time="0.001" /><testcase classname="tests.test_logical_addressing" name="test_invalid_logical_addresses_are_rejected[xyz]" time="0.001" /><testcase classname="tests.test_logical_addressing" name="test_invalid_logical_addresses_are_rejected[-1]" time="0.001" /><testcase classname="tests.test_logical_addressing" name="test_invalid_logical_addresses_are_rejected[65536]" time="0.001" /><testcase classname="tests.test_logical_addressing" name="test_invalid_logical_addresses_are_rejected[1.5]" time="0.001" /><testcase classname="tests.test_logical_addressing" name="test_invalid_logical_addresses_are_rejected[True]" time="0.001" /><testcase classname="tests.test_logical_addressing" name="test_policy_reserves_protocol_boundaries_and_configured_ranges" time="0.001" /><testcase classname="tests.test_logical_addressing" name="test_policy_normalizes_domain_and_device_class_ranges" time="0.000" /><testcase classname="tests.test_logical_addressing" name="test_logical_address_value_object_exposes_four_digit_hex" time="0.000" /><testcase classname="tests.test_logical_addressing" name="test_only_intelligent_subsystems_are_addressable_by_default" time="0.000" /><testcase classname="tests.test_logical_addressing" name="test_allocator_policy_manual_validation_and_namespace_uniqueness" time="1.232" /><testcase classname="tests.test_message_packing" name="test_can_fd_payload_classes[8-8]" time="0.001" /><testcase classname="tests.test_message_packing" name="test_can_fd_payload_classes[9-12]" time="0.001" /><testcase classname="tests.test_message_packing" name="test_can_fd_payload_classes[12-12]" time="0.001" /><testcase classname="tests.test_message_packing" name="test_can_fd_payload_classes[13-16]" time="0.002" /><testcase classname="tests.test_message_packing" name="test_can_fd_payload_classes[20-20]" time="0.001" /><testcase classname="tests.test_message_packing" name="test_can_fd_payload_classes[21-24]" time="0.001" /><testcase classname="tests.test_message_packing" name="test_can_fd_payload_classes[25-32]" time="0.001" /><testcase classname="tests.test_message_packing" name="test_can_fd_payload_classes[33-48]" time="0.001" /><testcase classname="tests.test_message_packing" name="test_can_fd_payload_classes[49-64]" time="0.001" /><testcase classname="tests.test_message_packing" name="test_can_fd_payload_classes[65-None]" time="0.001" /><testcase classname="tests.test_message_packing" name="test_pack_signals_reuses_one_message_for_compatible_producer_timing_and_receivers" time="0.001" /><testcase classname="tests.test_message_packing" name="test_pack_signals_keeps_different_timing_classes_separate" time="0.001" /><testcase classname="tests.test_message_packing" name="test_pack_signals_keeps_different_receiver_sets_separate" time="0.000" /><testcase classname="tests.test_message_packing" name="test_pack_signals_splits_messages_without_splitting_atomic_signals" time="0.000" /><testcase classname="tests.test_message_packing" name="test_allocation_reuses_interface_until_configured_capacity_threshold" time="0.001" /><testcase classname="tests.test_message_packing" name="test_allocation_uses_new_channel_when_projected_load_crosses_threshold" time="0.006" /><testcase classname="tests.test_message_packing" name="test_hardware_interface_allocation_reuses_existing_capacity_first" time="0.001" /><testcase classname="tests.test_message_packing" name="test_hardware_interface_allocation_blocks_when_capability_channel_limit_is_reached" time="0.001" /><testcase classname="tests.test_message_packing" name="test_two_interfaces_on_same_network_do_not_double_network_capacity" time="0.001" /><testcase classname="tests.test_ml_intelligence" name="test_trains_random_forest_and_gradient_boosting_candidates" time="0.029" /><testcase classname="tests.test_ml_intelligence" name="test_signal_classification_predicts_semantic_label" time="0.042" /><testcase classname="tests.test_ml_intelligence" name="test_status_and_physical_model_selection" time="0.057" /><testcase classname="tests.test_ml_intelligence" name="test_fault_classification_detects_network_overload" time="0.034" /><testcase classname="tests.test_ml_intelligence" name="test_route_ranking_excludes_invalid_routes_and_orders_valid" time="0.003" /><testcase classname="tests.test_ml_intelligence" name="test_packing_score_is_advisory_and_non_mutating" time="0.003" /><testcase classname="tests.test_ml_intelligence" name="test_architecture_score_marks_high_risk_as_classification_not_truth" time="0.003" /><testcase classname="tests.test_ml_intelligence" name="test_schema_mismatch_is_rejected" time="0.038" /><testcase classname="tests.test_ml_intelligence" name="test_registry_concurrent_writes_preserve_all_models" time="3.036" /><testcase classname="tests.test_model_based_simulation" name="test_all_required_behavior_models_are_bounded_and_deterministic[CONSTANT]" time="0.002" /><testcase classname="tests.test_model_based_simulation" name="test_all_required_behavior_models_are_bounded_and_deterministic[STEP]" time="0.001" /><testcase classname="tests.test_model_based_simulation" name="test_all_required_behavior_models_are_bounded_and_deterministic[RAMP]" time="0.001" /><testcase classname="tests.test_model_based_simulation" name="test_all_required_behavior_models_are_bounded_and_deterministic[LINEAR]" time="0.001" /><testcase classname="tests.test_model_based_simulation" name="test_all_required_behavior_models_are_bounded_and_deterministic[SINE]" time="0.001" /><testcase classname="tests.test_model_based_simulation" name="test_all_required_behavior_models_are_bounded_and_deterministic[TRIANGLE]" time="0.001" /><testcase classname="tests.test_model_based_simulation" name="test_all_required_behavior_models_are_bounded_and_deterministic[SAWTOOTH]" time="0.001" /><testcase classname="tests.test_model_based_simulation" name="test_all_required_behavior_models_are_bounded_and_deterministic[PULSE]" time="0.001" /><testcase classname="tests.test_model_based_simulation" name="test_all_required_behavior_models_are_bounded_and_deterministic[RANDOM_WALK]" time="0.001" /><testcase classname="tests.test_model_based_simulation" name="test_all_required_behavior_models_are_bounded_and_deterministic[BOUNDED_RANDOM]" time="0.001" /><testcase classname="tests.test_model_based_simulation" name="test_all_required_behavior_models_are_bounded_and_deterministic[STATE_DEPENDENT]" time="0.001" /><testcase classname="tests.test_model_based_simulation" name="test_all_required_behavior_models_are_bounded_and_deterministic[FORMULA]" time="0.003" /><testcase classname="tests.test_model_based_simulation" name="test_all_required_behavior_models_are_bounded_and_deterministic[LOOKUP_TABLE]" time="0.001" /><testcase classname="tests.test_model_based_simulation" name="test_all_required_behavior_models_are_bounded_and_deterministic[EXTERNAL_SERIES]" time="0.001" /><testcase classname="tests.test_model_based_simulation" name="test_all_required_behavior_models_are_bounded_and_deterministic[PHYSICS_MODEL]" time="0.001" /><testcase classname="tests.test_model_based_simulation" name="test_all_required_behavior_models_are_bounded_and_deterministic[STATE_MACHINE]" time="0.001" /><testcase classname="tests.test_model_based_simulation" name="test_all_required_behavior_models_are_bounded_and_deterministic[STATUS_MODEL]" time="0.001" /><testcase classname="tests.test_model_based_simulation" name="test_physical_temperature_respects_rate_limits" time="0.001" /><testcase classname="tests.test_model_based_simulation" name="test_counter_signal_wraps_by_modulus" time="0.001" /><testcase classname="tests.test_model_based_simulation" name="test_signal_emulation_preflight_blocks_invalid_formula" time="0.004" /><testcase classname="tests.test_model_based_simulation" name="test_signal_emulation_preflight_blocks_dependency_cycle" time="0.004" /><testcase classname="tests.test_model_based_simulation" name="test_signal_emulation_preflight_blocks_encoding_overflow" time="0.003" /><testcase classname="tests.test_model_based_simulation" name="test_motor_end_to_end_physics_model_produces_plausible_trace" time="0.148" /><testcase classname="tests.test_model_based_simulation" name="test_message_codec_encodes_engineering_factor_offset_and_start_bit" time="0.001" /><testcase classname="tests.test_model_based_simulation" name="test_signal_fault_catalog_is_executable[SIGNAL_STUCK]" time="0.001" /><testcase classname="tests.test_model_based_simulation" name="test_signal_fault_catalog_is_executable[SIGNAL_OFFSET]" time="0.002" /><testcase classname="tests.test_model_based_simulation" name="test_signal_fault_catalog_is_executable[SIGNAL_DRIFT]" time="0.001" /><testcase classname="tests.test_model_based_simulation" name="test_signal_fault_catalog_is_executable[SIGNAL_SPIKE]" time="0.001" /><testcase classname="tests.test_model_based_simulation" name="test_signal_fault_catalog_is_executable[SIGNAL_DROPOUT]" time="0.001" /><testcase classname="tests.test_model_based_simulation" name="test_signal_fault_catalog_is_executable[SIGNAL_NOISE]" time="0.001" /><testcase classname="tests.test_model_based_simulation" name="test_signal_fault_catalog_is_executable[SIGNAL_OUT_OF_RANGE]" time="0.001" /><testcase classname="tests.test_model_based_simulation" name="test_signal_fault_catalog_is_executable[SIGNAL_FROZEN]" time="0.001" /><testcase classname="tests.test_model_based_simulation" name="test_signal_fault_catalog_is_executable[SIGNAL_DELAYED]" time="0.001" /><testcase classname="tests.test_model_based_simulation" name="test_signal_fault_catalog_is_executable[SIGNAL_WRONG_SCALE]" time="0.001" /><testcase classname="tests.test_model_based_simulation" name="test_signal_fault_catalog_is_executable[SIGNAL_INVALID_VALUE]" time="0.001" /><testcase classname="tests.test_model_based_simulation" name="test_signal_fault_catalog_is_executable[INVALID_STATE]" time="0.002" /><testcase classname="tests.test_model_based_simulation" name="test_signal_fault_catalog_is_executable[STUCK_STATE]" time="0.001" /><testcase classname="tests.test_model_based_simulation" name="test_signal_fault_catalog_is_executable[WRONG_TRANSITION]" time="0.001" /><testcase classname="tests.test_model_based_simulation" name="test_signal_fault_catalog_is_executable[DELAYED_TRANSITION]" time="0.001" /><testcase classname="tests.test_model_based_simulation" name="test_signal_fault_catalog_is_executable[STUCK_TRUE]" time="0.001" /><testcase classname="tests.test_model_based_simulation" name="test_signal_fault_catalog_is_executable[STUCK_FALSE]" time="0.001" /><testcase classname="tests.test_model_based_simulation" name="test_signal_fault_catalog_is_executable[TOGGLE]" time="0.001" /><testcase classname="tests.test_model_based_simulation" name="test_signal_fault_catalog_is_executable[COUNTER_SKIP]" time="0.001" /><testcase classname="tests.test_model_based_simulation" name="test_signal_fault_catalog_is_executable[COUNTER_RESET]" time="0.001" /><testcase classname="tests.test_model_based_simulation" name="test_signal_fault_catalog_is_executable[COUNTER_WRONG_INCREMENT]" time="0.001" /><testcase classname="tests.test_model_based_simulation" name="test_transport_fault_catalog_is_executable[MESSAGE_LOSS]" time="0.001" /><testcase classname="tests.test_model_based_simulation" name="test_transport_fault_catalog_is_executable[MESSAGE_DELAY]" time="0.001" /><testcase classname="tests.test_model_based_simulation" name="test_transport_fault_catalog_is_executable[MESSAGE_JITTER]" time="0.001" /><testcase classname="tests.test_model_based_simulation" name="test_transport_fault_catalog_is_executable[MESSAGE_DUPLICATION]" time="0.001" /><testcase classname="tests.test_model_based_simulation" name="test_transport_fault_catalog_is_executable[MESSAGE_CORRUPTION]" time="0.001" /><testcase classname="tests.test_model_based_simulation" name="test_transport_fault_catalog_is_executable[MESSAGE_WRONG_CYCLE]" time="0.001" /><testcase classname="tests.test_model_based_simulation" name="test_transport_fault_catalog_is_executable[MESSAGE_TIMEOUT]" time="0.001" /><testcase classname="tests.test_model_based_simulation" name="test_transport_fault_catalog_is_executable[BURST_TRAFFIC]" time="0.001" /><testcase classname="tests.test_model_based_simulation" name="test_transport_fault_catalog_is_executable[FRAME_ERROR]" time="0.001" /><testcase classname="tests.test_model_based_simulation" name="test_transport_fault_catalog_is_executable[ROUTING_FAILURE]" time="0.001" /><testcase classname="tests.test_model_based_simulation" name="test_transport_fault_catalog_is_executable[NETWORK_OVERLOAD]" time="0.001" /><testcase classname="tests.test_model_based_simulation" name="test_transport_fault_catalog_is_executable[BUS_OFF]" time="0.001" /><testcase classname="tests.test_model_based_simulation" name="test_transport_fault_catalog_is_executable[LINK_DOWN]" time="0.001" /><testcase classname="tests.test_model_based_simulation" name="test_transport_fault_catalog_is_executable[GATEWAY_DELAY]" time="0.001" /><testcase classname="tests.test_model_based_simulation" name="test_transport_fault_catalog_is_executable[GATEWAY_DROP]" time="0.001" /><testcase classname="tests.test_model_based_simulation" name="test_transport_fault_catalog_is_executable[QUEUE_OVERFLOW]" time="0.001" /><testcase classname="tests.test_model_based_simulation" name="test_transport_fault_catalog_is_executable[CONGESTION]" time="0.001" /><testcase classname="tests.test_model_based_simulation" name="test_transport_fault_catalog_is_executable[TEMPORARY_DISCONNECT]" time="0.001" /><testcase classname="tests.test_model_based_simulation" name="test_same_seed_produces_byte_identical_signal_trace" time="0.005" /><testcase classname="tests.test_model_based_simulation" name="test_different_seed_changes_stochastic_trace" time="0.008" /><testcase classname="tests.test_model_based_simulation" name="test_model_run_writes_decoded_golden_fault_and_comparison_artifacts" time="0.022" /><testcase classname="tests.test_model_based_simulation" name="test_fresh_job_directory_writes_model_trace_without_universal_format" time="0.023" /><testcase classname="tests.test_model_based_simulation" name="test_project_enrichment_reconstructs_transport_config_server_side" time="0.001" /><testcase classname="tests.test_model_based_simulation" name="test_runtime_load_is_derived_from_transmitted_frames" time="0.021" /><testcase classname="tests.test_model_based_simulation" name="test_engine_uses_min_max_unit_resolution_and_cycle" time="0.002" /><testcase classname="tests.test_model_based_simulation" name="test_ai_fault_cannot_be_activated_without_review" time="0.001" /><testcase classname="tests.test_model_based_simulation" name="test_cycle_time_and_resolution_are_visible_in_generated_trace" time="0.005" /><testcase classname="tests.test_model_based_simulation" name="test_fault_starts_and_ends_at_configured_time" time="0.001" /><testcase classname="tests.test_model_based_simulation" name="test_fault_modifies_only_target_signal" time="0.002" /><testcase classname="tests.test_model_based_simulation" name="test_formula_dependency_reacts_consistently" time="0.002" /><testcase classname="tests.test_model_based_simulation" name="test_route_signals_are_ordered_before_derived_sampling" time="0.004" /><testcase classname="tests.test_model_based_simulation" name="test_signed_big_endian_message_roundtrip" time="0.001" /><testcase classname="tests.test_model_based_simulation" name="test_normal_mode_suppresses_intentional_transport_faults" time="0.006" /><testcase classname="tests.test_model_based_simulation" name="test_stress_mode_increases_event_rate" time="0.023" /><testcase classname="tests.test_model_based_simulation" name="test_live_event_rows_have_required_analysis_context" time="0.022" /><testcase classname="tests.test_model_based_simulation" name="test_model_trace_limits_stored_samples_without_losing_totals" time="0.007" /><testcase classname="tests.test_model_based_simulation" name="test_model_trace_decimates_each_signal_across_full_duration" time="0.022" /><testcase classname="tests.test_model_based_simulation" name="test_universal_trace_reaches_configured_duration_when_event_budget_allows" time="0.086" /><testcase classname="tests.test_model_based_simulation" name="test_signal_engine_services_are_available_as_separate_contracts" time="0.001" /><testcase classname="tests.test_model_based_simulation" name="test_gateway_state_machine_lifecycle_and_transition_validation" time="0.001" /><testcase classname="tests.test_model_based_simulation" name="test_motor_physics_is_state_dependent_and_continuous" time="0.001" /><testcase classname="tests.test_model_based_simulation" name="test_short_drive_cycle_makes_exhaust_and_damper_signals_dynamic" time="0.002" /><testcase classname="tests.test_model_based_simulation" name="test_german_rotational_speed_uses_the_shared_drive_cycle" time="0.001" /><testcase classname="tests.test_model_based_simulation" name="test_coarse_rpm_resolution_does_not_deadlock_dense_sampling_at_zero" time="0.010" /><testcase classname="tests.test_model_based_simulation" name="test_mode_signal_exposes_the_operating_state_label" time="0.001" /><testcase classname="tests.test_model_based_simulation" name="test_missing_low_level_behavior_is_completed_by_semantic_inference" time="0.005" /><testcase classname="tests.test_model_based_simulation" name="test_dependency_graph_rejects_cycles_and_reports_dirty_dependents" time="0.001" /><testcase classname="tests.test_model_based_simulation" name="test_trace_marks_discrete_samples_as_step_lanes" time="0.006" /><testcase classname="tests.test_model_based_simulation" name="test_fault_catalog_describes_handlers_constraints_and_targets" time="0.001" /><testcase classname="tests.test_model_based_simulation" name="test_fault_scenario_validator_checks_target_time_and_normal_mode" time="0.002" /><testcase classname="tests.test_model_based_simulation" name="test_contract_demo_scenarios_a_to_e_are_complete_and_review_gated" time="0.001" /><testcase classname="tests.test_model_ownership" name="test_confirmed_plan_preserves_explicit_ownership_and_rejects_ambiguous_names" time="0.001" /><testcase classname="tests.test_model_ownership" name="test_structure_wizard_accepts_direct_sensor_without_function" time="0.410" /><testcase classname="tests.test_model_ownership" name="test_reparent_keeps_physical_bindings_and_rejects_cross_hardware_move" time="0.285" /><testcase classname="tests.test_model_ownership" name="test_migration_is_dry_run_by_default_and_idempotent" time="0.671" /><testcase classname="tests.test_model_ownership" name="test_topology_sync_preserves_canonical_owner_when_wiring_changes" time="0.002" /><testcase classname="tests.test_model_ownership" name="test_generated_owner_local_references_are_resolved_on_apply" time="2.001" /><testcase classname="tests.test_network_distribution" name="test_separate_gateway_ports_are_separate_segments_and_shared_ports_are_one_bus" time="0.001" /><testcase classname="tests.test_network_distribution" name="test_network_route_sync_refreshes_the_workflow_source_status" time="0.001" /><testcase classname="tests.test_network_distribution" name="test_segment_identity_is_stable_across_layout_labels_and_order" time="0.001" /><testcase classname="tests.test_network_distribution" name="test_visual_ports_for_the_same_hardware_interface_share_one_segment" time="0.001" /><testcase classname="tests.test_network_distribution" name="test_explicit_semantic_bus_joins_disconnected_drops_without_merging_other_domains" time="0.001" /><testcase classname="tests.test_network_distribution" name="test_routing_uses_the_physical_interface_and_segment" time="0.001" /><testcase classname="tests.test_network_distribution" name="test_hardware_interface_ports_do_not_replace_logical_route_interfaces" time="0.001" /><testcase classname="tests.test_network_distribution" name="test_airbag_cluster_survives_gateway_direct_routing_and_unknowns_stay_unassigned" time="0.002" /><testcase classname="tests.test_network_distribution" name="test_direct_physical_parent_replaces_stale_inferred_owner" time="0.001" /><testcase classname="tests.test_network_distribution" name="test_explicit_owner_is_not_replaced_by_a_physical_hint" time="0.001" /><testcase classname="tests.test_network_distribution" name="test_overload_proposes_additional_buses_without_splitting_system_ownership" time="0.001" /><testcase classname="tests.test_network_distribution" name="test_approved_wizard_bus_quantities_become_capacity_inventory" time="0.001" /><testcase classname="tests.test_network_distribution" name="test_distribution_uses_free_same_protocol_segments_before_migration" time="0.001" /><testcase classname="tests.test_network_distribution" name="test_distribution_selects_capable_available_technology_when_bus_stock_is_exhausted" time="0.001" /><testcase classname="tests.test_network_distribution" name="test_binding_inventory_reports_existing_overprovisioning_even_without_overload" time="0.001" /><testcase classname="tests.test_network_distribution" name="test_unapplied_migration_does_not_free_segments_for_split_proposals" time="0.001" /><testcase classname="tests.test_network_distribution" name="test_multiple_overloaded_branches_cannot_reserve_the_same_free_segment" time="0.001" /><testcase classname="tests.test_network_distribution" name="test_split_plan_rewrites_only_the_overloaded_branch_and_preserves_route_evidence" time="0.001" /><testcase classname="tests.test_network_distribution" name="test_single_route_overload_is_not_hidden_by_adding_buses" time="0.002" /><testcase classname="tests.test_network_distribution" name="test_stale_and_missing_capacity_never_yield_a_validated_plan" time="0.001" /><testcase classname="tests.test_network_distribution" name="test_whole_clusters_share_buses_instead_of_allocating_a_bus_per_device" time="0.001" /><testcase classname="tests.test_network_distribution" name="test_distribution_is_reproducible_over_25_passes_without_mutation" time="0.013" /><testcase classname="tests.test_network_distribution" name="test_device_role_cleanup_keeps_instance_numbers" time="0.001" /><testcase classname="tests.test_network_distribution" name="test_simulator_export_preserves_physical_segments_and_protocol_speed" time="0.001" /><testcase classname="tests.test_network_distribution" name="test_simulator_export_updates_interface_technology_with_route_network" time="0.002" /><testcase classname="tests.test_numeric_acceleration" name="test_trace_statistics_cpu_fallback_is_exact_and_reproducible" time="0.002" /><testcase classname="tests.test_numeric_acceleration" name="test_grouped_route_statistics_keeps_capacity_contract_on_cpu" time="0.002" /><testcase classname="tests.test_numeric_acceleration" name="test_auto_mode_falls_back_when_cupy_is_unavailable" time="0.001" /><testcase classname="tests.test_performance_governance" name="test_performance_governance_inventory_covers_required_layers" time="0.001" /><testcase classname="tests.test_performance_governance" name="test_cache_policies_are_bounded" time="0.001" /><testcase classname="tests.test_performance_governance" name="test_memory_budgets_have_actionable_limits" time="0.001" /><testcase classname="tests.test_performance_governance" name="test_budget_assertion_rejects_oversized_payload" time="0.001" /><testcase classname="tests.test_performance_governance" name="test_governance_summary_is_api_ready" time="0.001" /><testcase classname="tests.test_physical_ports" name="test_wrong_gateway_protocol_and_aliases_are_replaced_by_reviewable_channels" time="0.001" /><testcase classname="tests.test_physical_ports" name="test_invalid_physical_bindings_fail_closed[alias-PHYSICAL_CHANNEL_SHARED_NETWORKS]" time="0.001" /><testcase classname="tests.test_physical_ports" name="test_invalid_physical_bindings_fail_closed[owner-PHYSICAL_CHANNEL_OWNER]" time="0.001" /><testcase classname="tests.test_physical_ports" name="test_invalid_physical_bindings_fail_closed[channel-DUPLICATE_PHYSICAL_CHANNEL]" time="0.001" /><testcase classname="tests.test_physical_ports" name="test_invalid_physical_bindings_fail_closed[edge-EDGE_PORT_NETWORK]" time="0.001" /><testcase classname="tests.test_physical_ports" name="test_physical_channel_proposal_validates_applies_and_reloads_with_persisted_ids" time="1.724" /><testcase classname="tests.test_physical_snapshot_transport" name="test_reviewed_split_reaches_snapshot_and_reduces_real_queue" time="0.010" /><testcase classname="tests.test_physical_snapshot_transport" name="test_hardware_validation_failure_is_not_a_completed_simulation" time="0.005" /><testcase classname="tests.test_project_bundle" name="test_reset_workspace_clears_project_scoped_data" time="0.002" /><testcase classname="tests.test_project_bundle" name="test_clone_source_data_remaps_cross_table_identifiers" time="0.001" /><testcase classname="tests.test_project_bundle" name="test_clone_project_data_preserves_child_table_contracts" time="0.001" /><testcase classname="tests.test_project_bundle" name="test_cloned_import_starts_target_local_address_audit" time="0.001" /><testcase classname="tests.test_project_ip_transport" name="test_exact_project_addresses_payload_headers_checksums[udp-4]" time="0.005" /><testcase classname="tests.test_project_ip_transport" name="test_exact_project_addresses_payload_headers_checksums[udp-6]" time="0.005" /><testcase classname="tests.test_project_ip_transport" name="test_exact_project_addresses_payload_headers_checksums[tcp-4]" time="0.007" /><testcase classname="tests.test_project_ip_transport" name="test_exact_project_addresses_payload_headers_checksums[tcp-6]" time="0.006" /><testcase classname="tests.test_project_ip_transport" name="test_captures_come_from_same_events_with_loss_and_provenance[4]" time="0.027" /><testcase classname="tests.test_project_ip_transport" name="test_captures_come_from_same_events_with_loss_and_provenance[6]" time="0.029" /><testcase classname="tests.test_project_ip_transport" name="test_full_duplex_and_independent_ports_but_shared_tx_and_rx_contend" time="0.014" /><testcase classname="tests.test_project_ip_transport" name="test_missing_addresses_are_stable_and_never_modify_input" time="0.009" /><testcase classname="tests.test_project_ip_transport" name="test_restbus_session_generates_handshake_ack_and_periodic_liveness_frames[tcp-handshake0]" time="0.008" /><testcase classname="tests.test_project_ip_transport" name="test_restbus_session_generates_handshake_ack_and_periodic_liveness_frames[udp-handshake1]" time="0.010" /><testcase classname="tests.test_project_ip_transport" name="test_tcp_restbus_control_frames_have_real_handshake_flags" time="0.006" /><testcase classname="tests.test_project_ip_transport" name="test_runtime_load_is_busiest_physical_direction_not_sum_of_ports" time="0.005" /><testcase classname="tests.test_project_ip_transport" name="test_invalid_configuration_fails_explicitly[family-family conversion]" time="0.005" /><testcase classname="tests.test_project_ip_transport" name="test_invalid_configuration_fails_explicitly[bad_ip-address]" time="0.009" /><testcase classname="tests.test_project_ip_transport" name="test_invalid_configuration_fails_explicitly[duplicate-Duplicate]" time="0.006" /><testcase classname="tests.test_project_ip_transport" name="test_invalid_configuration_fails_explicitly[mtu-MTU]" time="0.006" /><testcase classname="tests.test_project_ip_transport" name="test_invalid_configuration_fails_explicitly[port-destination_port]" time="0.007" /><testcase classname="tests.test_proposal_capacity" name="test_wizard_scale_proposal_exceeds_the_old_2000_change_ceiling" time="0.042" /><testcase classname="tests.test_proposals" name="test_object_proposal_validation_accepts_industry_neutral_hardware" time="0.001" /><testcase classname="tests.test_proposals" name="test_relation_proposal_validation_checks_endpoints_without_mutation" time="0.009" /><testcase classname="tests.test_proposals" name="test_invalid_proposal_remains_reviewable_instead_of_auto_approving" time="0.001" /><testcase classname="tests.test_proposals" name="test_hardware_resolution_reuses_controlled_system_synonym" time="0.002" /><testcase classname="tests.test_proposals" name="test_hardware_resolution_prefers_the_populated_canonical_system" time="0.001" /><testcase classname="tests.test_proposals" name="test_proposal_approval_reuses_semantic_hardware_without_creating_duplicate" time="0.001" /><testcase classname="tests.test_proposals" name="test_update_proposal_validation_accepts_existing_canonical_target" time="0.001" /><testcase classname="tests.test_proposals" name="test_update_proposal_approval_updates_existing_object" time="0.010" /><testcase classname="tests.test_reasoning_integration" name="test_api_persists_without_changing_workflow_and_isolates_projects" time="0.540" /><testcase classname="tests.test_reasoning_integration" name="test_changed_trace_or_source_blocks_proposal" time="0.574" /><testcase classname="tests.test_reasoning_integration" name="test_failed_run_without_trace_is_structured_incomplete" time="0.424" /><testcase classname="tests.test_reasoning_integration" name="test_mcp_and_agent_cannot_treat_partial_tool_success_as_completion" time="1.286" /><testcase classname="tests.test_reasoning_integration" name="test_run_comparison_demands_equal_fault_scenario_and_coverage" time="0.861" /><testcase classname="tests.test_reasoning_integration" name="test_proposal_reuses_governed_planner_without_apply" time="0.536" /><testcase classname="tests.test_reasoning_integration" name="test_measured_improvement_is_distinct_from_unresolved_explanation" time="0.595" /><testcase classname="tests.test_routing" name="test_routing_entry_model_normalizes_governance_and_signal_selection" time="0.001" /><testcase classname="tests.test_routing" name="test_routing_entry_model_preserves_multiple_messages_with_legacy_primary" time="0.001" /><testcase classname="tests.test_routing" name="test_routing_validator_accepts_signals_from_any_selected_message" time="0.002" /><testcase classname="tests.test_routing" name="test_routing_validator_accepts_message_bound_to_source_endpoints" time="0.002" /><testcase classname="tests.test_routing" name="test_routing_validator_rejects_message_bound_to_other_source_endpoints" time="0.001" /><testcase classname="tests.test_routing" name="test_routing_validator_checks_every_bound_message_but_allows_legacy_unbound_messages" time="0.001" /><testcase classname="tests.test_routing" name="test_network_editor_governance_values_are_supported" time="0.001" /><testcase classname="tests.test_routing" name="test_route_listing_keeps_edited_revisions_in_their_logical_position" time="0.001" /><testcase classname="tests.test_routing" name="test_editing_approved_route_updates_same_record" time="0.002" /><testcase classname="tests.test_routing" name="test_manual_route_requires_source_and_destination" time="0.001" /><testcase classname="tests.test_routing" name="test_routing_loop_detection" time="0.001" /><testcase classname="tests.test_routing" name="test_gateway_on_explicitly_shared_network_is_rejected" time="0.001" /><testcase classname="tests.test_routing" name="test_protocol_validation_requires_translation" time="0.001" /><testcase classname="tests.test_routing" name="test_payload_and_latency_validation" time="0.001" /><testcase classname="tests.test_routing" name="test_conditional_and_fallback_validation" time="0.001" /><testcase classname="tests.test_routing" name="test_unmapped_route_is_visible_without_becoming_an_automatic_approval" time="0.001" /><testcase classname="tests.test_routing" name="test_empty_routing_table_is_not_reported_as_valid" time="0.001" /><testcase classname="tests.test_routing" name="test_network_path_becomes_reviewable_gateway_routing_proposal" time="0.001" /><testcase classname="tests.test_routing" name="test_network_path_without_engineering_identity_is_not_persistable" time="0.001" /><testcase classname="tests.test_routing" name="test_network_path_accepted_from_routing_table_does_not_duplicate_route" time="0.001" /><testcase classname="tests.test_routing" name="test_wizard_physical_completeness_edge_does_not_create_logical_route" time="0.001" /><testcase classname="tests.test_routing" name="test_linked_agent_route_receives_physical_network_and_ports" time="0.001" /><testcase classname="tests.test_routing" name="test_validation_counts_shared_network_destinations_as_one_physical_segment" time="0.002" /><testcase classname="tests.test_routing" name="test_gateway_path_composed_from_accepted_routes_does_not_reopen_review" time="0.001" /><testcase classname="tests.test_routing" name="test_candidate_ranking_prefers_fewer_hops_and_gateways" time="0.002" /><testcase classname="tests.test_routing" name="test_graph_publication_uses_project_scoped_relation_conflict_key" time="0.001" /><testcase classname="tests.test_routing" name="test_generation_reuses_canonical_interfaces_protocol_and_message_cycle" time="0.001" /><testcase classname="tests.test_routing_progress" name="test_routing_resume_does_not_reset_completed_model" time="0.002" /><testcase classname="tests.test_routing_progress" name="test_incomplete_or_outdated_model_is_not_skipped" time="0.001" /><testcase classname="tests.test_routing_progress" name="test_continuation_skips_only_finished_steps" time="0.001" /><testcase classname="tests.test_runtime_config" name="test_runtime_defaults_scale_for_workstation" time="0.001" /><testcase classname="tests.test_runtime_config" name="test_runtime_settings_are_bounded" time="0.001" /><testcase classname="tests.test_scope_rules" name="test_scope_rules_normalize_exact_system_limits" time="0.001" /><testcase classname="tests.test_scope_rules" name="test_scope_rules_preserve_generation_plan_counts_and_architecture" time="0.001" /><testcase classname="tests.test_scope_rules" name="test_scope_rules_accept_someip_as_ethernet_carried_protocol" time="0.001" /><testcase classname="tests.test_scope_rules" name="test_hardware_scope_category[SensorController-sensors]" time="0.003" /><testcase classname="tests.test_scope_rules" name="test_hardware_scope_category[ActuatorController-actuators]" time="0.001" /><testcase classname="tests.test_scope_rules" name="test_hardware_scope_category[ECU-ecus]" time="0.001" /><testcase classname="tests.test_scope_rules" name="test_hardware_scope_category[Gateway-gateways]" time="0.001" /><testcase classname="tests.test_scope_rules" name="test_hardware_scope_category[PLC-ecus]" time="0.002" /><testcase classname="tests.test_scope_rules" name="test_hardware_scope_category[RobotController-ecus]" time="0.001" /><testcase classname="tests.test_scope_rules" name="test_hardware_scope_category[EmbeddedController-ecus]" time="0.001" /><testcase classname="tests.test_scope_rules" name="test_hardware_scope_category[FlightComputer-ecus]" time="0.002" /><testcase classname="tests.test_scope_rules" name="test_hardware_scope_category[EnergyController-ecus]" time="0.001" /><testcase classname="tests.test_scope_rules" name="test_hardware_scope_category[BuildingController-ecus]" time="0.002" /><testcase classname="tests.test_scope_rules" name="test_scope_rules_reject_unknown_communication_system" time="0.002" /><testcase classname="tests.test_scope_rules" name="test_hardware_creation_is_blocked_at_exact_limit" time="0.001" /><testcase classname="tests.test_scope_rules" name="test_interface_creation_must_use_allowed_communication_system" time="0.001" /><testcase classname="tests.test_scope_rules" name="test_someip_scope_allows_ethernet_interface_creation" time="0.001" /><testcase classname="tests.test_scope_rules" name="test_actuator_limit_is_enforced_without_changing_legacy_projects" time="0.001" /><testcase classname="tests.test_scope_rules" name="test_model_cannot_be_complete_while_required_actuators_are_missing" time="0.001" /><testcase classname="tests.test_scope_rules" name="test_scope_placeholder_detection[1 zentrales Gateway-ai_generated-True]" time="0.002" /><testcase classname="tests.test_scope_rules" name="test_scope_placeholder_detection[Gateway-ai_generated-True]" time="0.001" /><testcase classname="tests.test_scope_rules" name="test_scope_placeholder_detection[100 Sensoren-ai_generated-True]" time="0.002" /><testcase classname="tests.test_scope_rules" name="test_scope_placeholder_detection[System-Gateway-ai_generated-False]" time="0.001" /><testcase classname="tests.test_scope_rules" name="test_scope_placeholder_detection[Gateway-manual-False]" time="0.001" /><testcase classname="tests.test_semantic_intelligence" name="test_ontology_resolves_aliases_and_common_ancestor" time="0.002" /><testcase classname="tests.test_semantic_intelligence" name="test_temperature_unit_classifies_as_physical_quantity_proposal" time="0.002" /><testcase classname="tests.test_semantic_intelligence" name="test_rotational_speed_uses_unit_and_alias_without_industry_specific_terms" time="0.001" /><testcase classname="tests.test_semantic_intelligence" name="test_status_signal_becomes_state_proposal_instead_of_open_numeric_optimization" time="0.002" /><testcase classname="tests.test_semantic_intelligence" name="test_unknown_signal_requires_review_and_does_not_invent_truth" time="0.002" /><testcase classname="tests.test_semantic_intelligence" name="test_semantic_classification_api_returns_proposal" time="0.275" /><testcase classname="tests.test_server_startup" name="test_health_exposes_launcher_instance_id" time="0.407" /><testcase classname="tests.test_server_startup" name="test_launcher_rejects_an_occupied_port" time="0.002" /><testcase classname="tests.test_server_startup" name="test_readiness_check_rejects_a_foreign_backend" time="0.202" /><testcase classname="tests.test_server_startup" name="test_readiness_check_accepts_its_own_backend" time="0.001" /><testcase classname="tests.test_server_startup" name="test_launcher_command_timeout_kills_hung_child_process" time="1.267" /><testcase classname="tests.test_server_startup" name="test_backend_server_owns_its_port_exclusively" time="0.296" /><testcase classname="tests.test_server_startup" name="test_frontend_dev_command_uses_local_next_cli" time="0.005" /><testcase classname="tests.test_server_startup" name="test_frontend_dev_server_uses_isolated_next_dist_dir" time="0.010" /><testcase classname="tests.test_server_startup" name="test_frontend_dev_server_reports_unwritable_proje
[...]
s3]" time="0.005" /><testcase classname="tests.test_trace_windows" name="test_trace_window_rejects_invalid_bounds[arguments4]" time="0.004" /><testcase classname="tests.test_trace_windows" name="test_readiness_reports_unavailable_storage_without_hiding_failure" time="0.316" /><testcase classname="tests.test_trace_windows" name="test_http_trace_window_is_project_scoped_and_reports_io_failure" time="0.286" /><testcase classname="tests.test_transport_cascades" name="test_loss_stale_input_control_output_recovery_cascade[can_fd]" time="0.089" /><testcase classname="tests.test_transport_cascades" name="test_loss_stale_input_control_output_recovery_cascade[profinet]" time="0.087" /><testcase classname="tests.test_transport_cascades" name="test_loss_stale_input_control_output_recovery_cascade[dds_rtps]" time="0.099" /><testcase classname="tests.test_transport_cascades" name="test_forged_dependency_claims_or_missing_source_cannot_prove_causality" time="0.057" /><testcase classname="tests.test_transport_cascades" name="test_malformed_dependency_evidence_cannot_crash_or_confirm" time="0.050" /><testcase classname="tests.test_transport_cascades" name="test_queue_and_delayed_delivery_propagate_through_explicit_age_budget[can_fd-BURST_TRAFFIC-details0]" time="0.054" /><testcase classname="tests.test_transport_cascades" name="test_queue_and_delayed_delivery_propagate_through_explicit_age_budget[profinet-GATEWAY_DELAY-details1]" time="0.051" /><testcase classname="tests.test_transport_cascades" name="test_queue_and_delayed_delivery_propagate_through_explicit_age_budget[dds_rtps-MESSAGE_DELAY-details2]" time="0.046" /><testcase classname="tests.test_transport_integrity" name="test_capacity_uses_the_same_protocol_bitrate_and_physical_ports_per_segment" time="0.009" /><testcase classname="tests.test_transport_integrity" name="test_canonical_requirements_and_both_physical_segments_reach_actual_trace" time="0.006" /><testcase classname="tests.test_transport_integrity" name="test_segment_failure_changes_final_delivery_without_fictitious_other_bus_traffic[input-bus]" time="0.005" /><testcase classname="tests.test_transport_integrity" name="test_segment_failure_changes_final_delivery_without_fictitious_other_bus_traffic[output-bus]" time="0.007" /><testcase classname="tests.test_transport_integrity" name="test_no_first_or_final_reception_cannot_pass_timeout[receptions0]" time="0.001" /><testcase classname="tests.test_transport_integrity" name="test_no_first_or_final_reception_cannot_pass_timeout[receptions1]" time="0.001" /><testcase classname="tests.test_transport_integrity" name="test_no_first_or_final_reception_cannot_pass_timeout[receptions2]" time="0.001" /><testcase classname="tests.test_transport_integrity" name="test_absent_requirements_or_insufficient_samples_are_not_evaluated" time="0.001" /><testcase classname="tests.test_transport_integrity" name="test_golden_export_is_an_independent_normal_transport_with_consistent_payload[fault0]" time="0.045" /><testcase classname="tests.test_transport_integrity" name="test_golden_export_is_an_independent_normal_transport_with_consistent_payload[fault1]" time="0.042" /><testcase classname="tests.test_transport_integrity" name="test_golden_export_is_an_independent_normal_transport_with_consistent_payload[fault2]" time="0.040" /><testcase classname="tests.test_wizard_cancellation" name="test_cancellation_requires_confirmation_and_is_durable" time="0.906" /><testcase classname="tests.test_wizard_cancellation" name="test_cancellation_interrupts_hanging_server_worker" time="1.876" /><testcase classname="tests.test_wizard_generation" name="test_capacity_repair_apply_releases_review_gate" time="0.001" /><testcase classname="tests.test_wizard_generation" name="test_confirmed_names_generate_reviewable_model_and_complete_routing" time="3.438" /><testcase classname="tests.test_wizard_generation" name="test_engineering_proposal_adds_local_controller_tx_message_for_actuator" time="0.003" /><testcase classname="tests.test_wizard_generation" name="test_generate_routing_uses_local_actuator_message_but_keeps_hmi_backbone_message" time="0.001" /><testcase classname="tests.test_wizard_generation" name="test_semantic_network_assignment_keeps_powertrain_on_one_named_can" time="0.002" /><testcase classname="tests.test_wizard_generation" name="test_confirmed_gateway_architecture_splits_controllers_after_six" time="0.001" /><testcase classname="tests.test_wizard_generation" name="test_combined_wizard_creates_validated_model_without_reasoner" time="50.344"><failure message="AssertionError: {'status': 'IN_PROGRESS', 'complete': False, 'coverage': {'version': 1, 'scope_mode': 'ALL', 'complete': False, 'errors': [], ...}, 'counts': {'total': 4, 'approved': 4, 'valid': 4, 'invalid': 0, ...}}&#10;assert False">monkeypatch = &lt;_pytest.monkeypatch.MonkeyPatch object at 0x000001B5A180AC80&gt;
tmp_path = WindowsPath('I:/PycharmProjects/My_first_Network_Simulator/runtime/transport-full-20260909/pytest-01/test_combined_wizard_creates_v0')

    def test_combined_wizard_creates_validated_model_without_reasoner(monkeypatch, tmp_path):
        authority = ToolAuthority(f'pytest-wizard-generator-{uuid4()}')
        prompt = '''Strukturierte Vorgaben fuer den Engineering-Agenten:
    - Lauf-ID: test-wizard-12345678
    - Industrie: Automotive
    - Netzwerktechnologien: CAN-FD (can_fd); LIN (lin)
    - Hardware-Sollwerte: {"gateways":1,"ecus":50,"sensors":100,"actuators":100}
    Konkrete Aufgabe des Nutzers, per Wizard-Uebernehmen bestaetigt:
    Erzeuge ein Fahrzeugnetzwerk mit 100 Sensoren, 100 Aktuatoren, 50 ECUs und 1 Gateway.
    25 LIN, 10 CAN-FD und 5 Automotive Ethernet. Prüfe, welche Nachrichten das Gateway passieren.
    '''
    
        class NoReasoner:
            async def next(self, *args):
                raise AssertionError('Confirmed mass creation must not depend on an LLM tool decision')
    
        async def invoke():
            async with EngineeringMCPClient(create_server(authority)) as client:
                return await EngineeringAgent(client, reasoner=NoReasoner()).run(
                    prompt, AgentContext(active_project_id=authority.project_id))
    
        result = asyncio.run(invoke())
        assert result['status'] == 'READY_FOR_REVIEW', result
        proposal = result['proposals'][0]
        assert proposal['status'] == 'VALIDATED', proposal['validation_result']
        hardware = [c for c in proposal['changes'] if c['object_type'] == 'HardwareNode']
        assert len(hardware) == 251
        assert len({c['data']['name'] for c in hardware}) == 251
        assert not proposal['canonical_ids']  # Review remains required.
        assert any(event.get('workload', {}).get('completed', 0) &gt; 0 for event in result['events'] if event.get('workload'))
        by_ref = {'$' + c['local_ref']: c for c in proposal['changes']}
        signal_counts = Counter()
        for change in proposal['changes']:
            if change['object_type'] != 'Signal':
                continue
            message = by_ref[change['data']['message_id']]
            port = by_ref[message['data']['hardware_interface_id']]
            signal_counts[port['data']['hardware_node_id']] += 1
        assert all(signal_counts['$' + c['local_ref']] &gt;= 5 for c in hardware if c['data']['device_type'] == 'ECU')
        duplicate = execute(authority, 'test_retry', Permission.GENERATE_PROPOSAL, {}, lambda _: wizard_generation.generate({'prompt': prompt}))
        assert duplicate.success, duplicate
        assert duplicate.data['proposal_id'] == proposal['proposal_id']
        untouched = execute(authority, 'test_canonical', Permission.READ_MODEL, {}, lambda _: model.objects('HardwareNode'))
        assert untouched.data == []
        # Simulate the two explicit human actions in this isolated test project only.
        approved = execute(authority, 'test_human_review', Permission.READ_MODEL, {}, lambda _: proposal_service.review(
            proposal['proposal_id'], revision=proposal['revision'], decision='approve', actor='test-human', trace_id=str(uuid4())))
        assert approved.success and approved.data['status'] == 'APPROVED', approved
        applied = execute(authority, 'test_human_apply', Permission.READ_MODEL, {}, lambda _: proposal_service.apply(
            proposal['proposal_id'], actor='test-human', trace_id=str(uuid4())))
        assert applied.success and applied.data['status'] == 'APPLIED', applied
        assert len(applied.data['canonical_ids']) == len(proposal['changes'])
        check = WorkflowStatusService(authority.project_id).get(summary=True)['artifact_checks']['engineering_model']
        assert check['complete'], check
        assert check['consistency']['functions_unexpected'] == 0
        def restore_review_state():
            state = conversation.read()
            state.update(active_proposal=proposal['proposal_id'], current_requirement=prompt)
            conversation.write(state)
            WorkflowStatusService(authority.project_id).set_context({'agent_execution': {
                'run_id': 'test-wizard-12345678', 'state': 'REVIEW_REQUIRED', 'step': 'engineering_model',
                'completed': 1, 'total': 1}})
            reconcile_model_apply(authority.project_id, applied.data)
            return WorkflowStatusService(authority.project_id).get(summary=True)['context']['agent_execution']
        reconciled = execute(authority, 'test_apply_status', Permission.READ_MODEL, {}, lambda _: restore_review_state())
        assert reconciled.success and reconciled.data['state'] == 'READY_TO_CONTINUE', reconciled
    
        canonical_hardware = execute(authority, 'test_route_nodes', Permission.READ_MODEL, {}, lambda _: model.objects('HardwareNode')).data
        interfaces = execute(authority, 'test_route_interfaces', Permission.READ_MODEL, {}, lambda _: model.objects('Interface')).data
        interface_by_node = {str(item.get('hardware_node_id')): item.get('interface_type') for item in interfaces}
        available_sensor_types = {interface_by_node[str(item['id'])] for item in canonical_hardware if item['device_type'] == 'SensorController'}
        available_actuator_types = {interface_by_node[str(item['id'])] for item in canonical_hardware if item['device_type'] == 'ActuatorController'}
        ecu = next(item for item in canonical_hardware if item['device_type'] == 'ECU' and interface_by_node[str(item['id'])] in available_sensor_types &amp; available_actuator_types)
        ecu_type = interface_by_node[str(ecu['id'])]
        sensor = next(item for item in canonical_hardware if item['device_type'] == 'SensorController' and interface_by_node[str(item['id'])] == ecu_type)
        actuator = next(item for item in canonical_hardware if item['device_type'] == 'ActuatorController' and interface_by_node[str(item['id'])] == ecu_type)
        hmi = next(item for item in canonical_hardware if item['device_type'] == 'ECU' and interface_by_node[str(item['id'])] != ecu_type)
        graph = json.dumps([{'cluster_id': 'test', 'controllers': [{
            'ecu': ecu['name'], 'sensors': [sensor['name']], 'actuators': [actuator['name']]}],
            'hmi_routes': [{'source': ecu['name'], 'target': hmi['name']}]}], separators=(',', ':'))
        continuation_prompt = prompt + f'\n- Systemcluster-Graph: {graph}\nFortsetzung des bestätigten Wizard-Auftrags: Ziel: routing.'
        async def route_continuation():
            async with EngineeringMCPClient(create_server(authority)) as client:
                return await EngineeringAgent(client, reasoner=NoReasoner()).run(
                    continuation_prompt, AgentContext(active_project_id=authority.project_id))
        routed = asyncio.run(route_continuation())
        assert routed['status'] == 'READY_FOR_REVIEW', routed
        routing_proposal = routed['proposals'][0]
        assert routing_proposal['proposal_type'] == 'WIZARD_ROUTING'
        assert routing_proposal['status'] == 'VALIDATED'
        assert len(routing_proposal['changes']) == 4  # Includes the actuator feedback transport
        hmi_route = routing_proposal['changes'][-1]['data']
        assert hmi_route['route']['gateways']
        assert hmi_route['route']['transformations'][0]['type'] == 'PROTOCOL_TRANSLATION'
        assert not routing_proposal['canonical_ids']
    
        route_approved = execute(authority, 'test_routing_review', Permission.READ_MODEL, {}, lambda _: proposal_service.review(
            routing_proposal['proposal_id'], revision=routing_proposal['revision'], decision='approve', actor='test-human', trace_id=str(uuid4())))
        assert route_approved.success and route_approved.data['status'] == 'APPROVED', route_approved
        route_applied = execute(authority, 'test_routing_apply', Permission.READ_MODEL, {}, lambda _: proposal_service.apply(
            routing_proposal['proposal_id'], actor='test-human', trace_id=str(uuid4())))
        assert route_applied.success and route_applied.data['status'] == 'APPLIED', route_applied
        routing_check = WorkflowStatusService(authority.project_id).get(summary=True)['artifact_checks']['routing']
&gt;       assert routing_check['complete'], routing_check
E       AssertionError: {'status': 'IN_PROGRESS', 'complete': False, 'coverage': {'version': 1, 'scope_mode': 'ALL', 'complete': False, 'errors': [], ...}, 'counts': {'total': 4, 'approved': 4, 'valid': 4, 'invalid': 0, ...}}
E       assert False

backend\tests\test_wizard_generation.py:466: AssertionError</failure></testcase><testcase classname="tests.test_wizard_generation" name="test_rail_cluster_graph_produces_valid_native_rail_interfaces" time="0.661" /><testcase classname="tests.test_wizard_generation" name="test_industrial_model_type_generates_plc_and_registry_backed_transport_chain" time="0.323" /><testcase classname="tests.test_wizard_generation" name="test_basic_sensor_interfaces_reparent_without_losing_children[0]" time="0.385" /><testcase classname="tests.test_wizard_generation" name="test_basic_sensor_interfaces_reparent_without_losing_children[1]" time="0.374" /><testcase classname="tests.test_wizard_generation" name="test_basic_sensor_interfaces_reparent_without_losing_children[2]" time="0.364" /><testcase classname="tests.test_workflow" name="test_topology_artifact_accepts_canonical_hardware_interface_ports" time="0.001" /><testcase classname="tests.test_workflow" name="test_engineering_change_marks_existing_dependent_results_outdated" time="0.001" /><testcase classname="tests.test_workflow" name="test_parameter_change_only_invalidates_calculation_and_later_steps" time="0.001" /><testcase classname="tests.test_workflow" name="test_parameters_are_approved_by_default_and_ignore_upstream_changes" time="0.001" /><testcase classname="tests.test_workflow" name="test_parameter_artifact_approves_defaults_and_complete_configuration" time="0.001" /><testcase classname="tests.test_workflow" name="test_empty_future_steps_stay_empty_until_a_result_exists" time="0.001" /><testcase classname="tests.test_workflow" name="test_routing_artifact_check_rejects_gateway_fanout_interfaces" time="0.001" /><testcase classname="tests.test_workflow" name="test_completed_simulation_drops_previous_recalculation_reason" time="0.001" /><testcase classname="tests.test_workflow" name="test_can_fd_uses_separate_arbitration_and_data_phases" time="0.001" /><testcase classname="tests.test_workflow" name="test_ethernet_applies_minimum_wire_footprint" time="0.001" /><testcase classname="tests.test_workflow" name="test_unknown_protocol_is_explicitly_generic" time="0.001" /><testcase classname="tests.test_workflow" name="test_mixed_network_bitrates_do_not_inherit_the_primary_can_speed" time="0.001" /><testcase classname="tests.test_workflow" name="test_utilization_queueing_and_thresholds_are_monotonic" time="0.001" /><testcase classname="tests.test_workflow" name="test_scheduling_policy_and_priority_change_queueing_estimate" time="0.001" /><testcase classname="tests.test_workflow" name="test_clock_drift_is_reported_in_milliseconds" time="0.001" /><testcase classname="tests.test_workflow" name="test_workflow_state_always_exposes_complete_agent_context" time="0.001" /><testcase classname="tests.test_workflow" name="test_workflow_context_persists_agent_execution_without_losing_wizard" time="0.003" /><testcase classname="tests.test_workflow" name="test_engineering_wizard_settings_are_normalized_and_project_persistent" time="0.001" /><testcase classname="tests.test_workflow" name="test_engineering_wizard_settings_fall_back_to_safe_complete_defaults" time="0.001" /><testcase classname="tests.test_workflow" name="test_engineering_wizard_settings_keep_one_click_approval_mandatory" time="0.000" /><testcase classname="tests.test_workflow" name="test_canceled_wizard_run_is_terminal_for_late_status_writes" time="0.002" /><testcase classname="tests.test_workflow" name="test_workflow_state_hides_stale_reason_after_step_is_complete" time="0.001" /><testcase classname="tests.test_workflow" name="test_workflow_summary_omits_heavy_simulation_and_model_payloads" time="0.001" /><testcase classname="tests.test_workflow" name="test_topology_layout_change_ignores_only_visual_fields" time="0.001" /><testcase classname="tests.test_workflow" name="test_topology_layout_is_stored_as_project_scoped_node_rows" time="0.001" /><testcase classname="tests.test_workflow" name="test_preflight_maps_network_editor_status_to_network_category" time="0.022" /><testcase classname="tests.test_workflow" name="test_preflight_accepts_interface_owned_directly_by_hardware" time="0.020" /><testcase classname="tests.test_workflow" name="test_capacity_timing_analysis_covers_load_requirements_gateway_reliability_and_sync" time="0.002" /><testcase classname="tests.test_workflow" name="test_capacity_load_is_counted_once_per_physical_network_segment" time="0.001" /><testcase classname="tests.test_workflow" name="test_capacity_prefers_reviewed_topology_segment_over_logical_network" time="0.001" /><testcase classname="tests.test_workloads" name="test_manifest_example_is_split_into_exact_work_packages" time="0.001" /><testcase classname="tests.test_workloads" name="test_mismatching_total_and_packages_is_configuration_error" time="0.001" /><testcase classname="tests.test_workloads" name="test_generator_success_does_not_mean_task_complete" time="0.001" /><testcase classname="tests.test_workloads" name="test_all_valid_drafts_are_ready_for_review_but_not_completed" time="0.001" /><testcase classname="tests.test_workloads" name="test_completed_requires_approved_canonical_objects" time="0.001" /><testcase classname="tests.test_workloads" name="test_unsatisfied_dependency_blocks_completion" time="0.001" /><testcase classname="tests.test_workloads" name="test_signal_catalogs_match_manifest_targets_without_duplicate_names" time="0.001" /><testcase classname="tests.test_workloads" name="test_semantic_aliases_share_duplicate_detection_key" time="0.000" /><testcase classname="tests.test_workloads" name="test_handler_contract_exposes_structured_progress_and_completion" time="0.001" /><testcase classname="tests.test_workloads" name="test_signal_minimum_fields_block_invalid_candidate" time="0.001" /><testcase classname="tests.test_workloads" name="test_structured_non_signal_workload_uses_same_package_model" time="0.001" /><testcase classname="tests.test_workloads" name="test_message_audit_repair_removes_data_suffix_and_fills_transport_defaults" time="0.001" /><testcase classname="tests.test_workloads" name="test_signal_audit_repair_fills_missing_coding_parameters" time="0.001" /><testcase classname="tests.test_workloads" name="test_resume_ready_for_review_does_not_restart_workload" time="0.000" /><testcase classname="tests.test_workloads" name="test_resume_exhausted_incomplete_does_not_start_new_attempt" time="0.001" /><testcase classname="tests.test_workloads" name="test_gateway_fanout_interfaces_are_not_routing_interfaces" time="0.001" /></testsuite></testsuites>