<?xml version="1.0" encoding="utf-8"?><testsuites name="pytest tests"><testsuite name="pytest" errors="0" failures="0" skipped="0" tests="632" time="109.490" timestamp="2026-09-08T15:22:04.714605+02:00" hostname="Haranga"><testcase classname="tests.test_acceptance_scenarios" name="test_cross_industry_normal_fault_trace_and_root_cause[A-CAN-FD-gateway-technologies0-fault0]" time="0.021" /><testcase classname="tests.test_acceptance_scenarios" name="test_cross_industry_normal_fault_trace_and_root_cause[B-industrial-technologies1-fault1]" time="0.017" /><testcase classname="tests.test_acceptance_scenarios" name="test_cross_industry_normal_fault_trace_and_root_cause[C-DDS-technologies2-fault2]" time="0.013" /><testcase classname="tests.test_acceptance_scenarios" name="test_cross_industry_normal_fault_trace_and_root_cause[D-mixed-gateway-technologies3-fault3]" time="0.022" /><testcase classname="tests.test_acceptance_scenarios" name="test_golden_comparison_aligns_delayed_frames_and_preserves_evidence" time="0.001" /><testcase classname="tests.test_agent_chat_ux" name="test_large_tool_output_cannot_evict_the_user_query" time="0.002" /><testcase classname="tests.test_agent_chat_ux" name="test_response_types[TEXT]" time="0.001" /><testcase classname="tests.test_agent_chat_ux" name="test_response_types[RECOMMENDATION]" time="0.001" /><testcase classname="tests.test_agent_chat_ux" name="test_response_types[FINDING]" time="0.000" /><testcase classname="tests.test_agent_chat_ux" name="test_response_types[PROGRESS]" time="0.001" /><testcase classname="tests.test_agent_chat_ux" name="test_response_types[RESULT]" time="0.000" /><testcase classname="tests.test_agent_chat_ux" name="test_response_types[APPROVAL]" time="0.000" /><testcase classname="tests.test_agent_chat_ux" name="test_response_types[ERROR]" time="0.001" /><testcase classname="tests.test_agent_chat_ux" name="test_invalid_contract_falls_back" time="0.001" /><testcase classname="tests.test_agent_chat_ux" name="test_local_reasoner_disables_hidden_thinking_without_mutating_history" time="0.000" /><testcase classname="tests.test_agent_chat_ux" name="test_structured_wizard_request_uses_fast_orchestration_path" time="0.001" /><testcase classname="tests.test_agent_chat_ux" name="test_local_reasoner_does_not_duplicate_the_full_requirement_in_system_context" time="0.001" /><testcase classname="tests.test_agent_chat_ux" name="test_local_reasoner_uses_native_non_thinking_tool_contract" time="0.320" /><testcase classname="tests.test_agent_chat_ux" name="test_local_reasoner_keeps_fast_semantic_model_warm" time="0.257" /><testcase classname="tests.test_agent_chat_ux" name="test_wizard_execution_status_is_durable_and_uses_the_external_run_id" time="0.313" /><testcase classname="tests.test_agent_chat_ux" name="test_backend_restart_marks_only_the_old_process_wizard_as_recoverable[False]" time="0.169" /><testcase classname="tests.test_agent_chat_ux" name="test_backend_restart_marks_only_the_old_process_wizard_as_recoverable[True]" time="0.177" /><testcase classname="tests.test_agent_chat_ux" name="test_reasoning_iterations_emit_bounded_structured_progress" time="0.001" /><testcase classname="tests.test_agent_chat_ux" name="test_engineering_agent_emits_structured_progress_after_each_reasoning_step" time="0.468" /><testcase classname="tests.test_agent_chat_ux" name="test_compact_wizard_continuation_restores_the_confirmed_request" time="0.001" /><testcase classname="tests.test_agent_chat_ux" name="test_conversation_heartbeat_only_renews_matching_run" time="0.123" /><testcase classname="tests.test_agent_chat_ux" name="test_chat_worker_survives_disconnected_stream" time="1.123" /><testcase classname="tests.test_agent_chat_ux" name="test_wizard_run_cannot_report_creation_without_a_tool_call" time="0.286" /><testcase classname="tests.test_agent_chat_ux" name="test_structured_answer_atomic_and_persistent" time="0.597" /><testcase classname="tests.test_agent_chat_ux" name="test_question_context_change_rejected" time="0.203" /><testcase classname="tests.test_agent_chat_ux" name="test_camera_dialog_to_approved_model" time="3.410" /><testcase classname="tests.test_agent_chat_ux" name="test_expiry_model_change_and_risk_review" time="0.742" /><testcase classname="tests.test_agent_chat_ux" name="test_history_merge_recovery_and_project_isolation" time="0.206" /><testcase classname="tests.test_agent_chat_ux" name="test_large_response_is_loaded_in_workspace" time="0.097" /><testcase classname="tests.test_agent_chat_ux" name="test_answer_preserves_workload_and_finding_action_is_structured" time="0.278" /><testcase classname="tests.test_agent_chat_ux" name="test_human_edit_creates_new_validated_revision_and_survives_reload" time="0.471" /><testcase classname="tests.test_agent_chat_ux" name="test_explicit_single_function_keeps_quantity_and_generator_workflow" time="0.398" /><testcase classname="tests.test_agent_chat_ux" name="test_optional_mcp_question_can_be_skipped_and_resumed" time="0.220" /><testcase classname="tests.test_agent_core" name="test_workload_and_work_package_creation_enforce_exact_targets" time="0.001" /><testcase classname="tests.test_agent_core" name="test_planner_uses_injected_parser_and_preserves_subtargets" time="0.001" /><testcase classname="tests.test_agent_core" name="test_target_and_subtarget_validation_are_separate_checks" time="0.001" /><testcase classname="tests.test_agent_core" name="test_dependency_resolution_reports_ready_waiting_blocked_and_order" time="0.001" /><testcase classname="tests.test_agent_core" name="test_dependency_cycle_is_rejected" time="0.001" /><testcase classname="tests.test_agent_core" name="test_dispatcher_selects_registered_handler_generator_and_validator" time="0.001" /><testcase classname="tests.test_agent_core" name="test_tool_registry_lists_names_and_filters_registered_tools" time="0.001" /><testcase classname="tests.test_agent_core" name="test_generator_contract_validates_counts_and_is_not_completion" time="0.001" /><testcase classname="tests.test_agent_core" name="test_validation_failure_reports_missing_required_field" time="0.001" /><testcase classname="tests.test_agent_core" name="test_duplicate_detection_covers_id_name_semantic_alias_and_near_match" time="0.001" /><testcase classname="tests.test_agent_core" name="test_automatic_repair_uses_registered_safe_strategy" time="0.001" /><testcase classname="tests.test_agent_core" name="test_missing_work_regeneration_requests_only_the_gap" time="0.001" /><testcase classname="tests.test_agent_core" name="test_retry_limit_is_bounded_and_explainable" time="0.001" /><testcase classname="tests.test_agent_core" name="test_progress_calculation_reports_package_and_overall_counts" time="0.001" /><testcase classname="tests.test_agent_core" name="test_completion_is_ready_for_review_then_completed_after_approval" time="0.001" /><testcase classname="tests.test_agent_core" name="test_parent_completion_requires_all_mandatory_children" time="0.001" /><testcase classname="tests.test_agent_core" name="test_proposal_creation_and_human_approval_boundary" time="0.001" /><testcase classname="tests.test_agent_core" name="test_audit_repository_preserves_actor_model_generator_and_before_after" time="0.001" /><testcase classname="tests.test_agent_core" name="test_context_builder_keeps_engineering_rag_and_graph_separate" time="0.001" /><testcase classname="tests.test_agent_core" name="test_execution_loop_stops_at_retry_limit_without_infinite_loop" time="0.001" /><testcase classname="tests.test_agent_core" name="test_standard_api_inventory_contains_dependencies_and_audit" time="0.001" /><testcase classname="tests.test_api" name="test_health_and_catalog" time="0.341" /><testcase classname="tests.test_api" name="test_local_studio_origin_is_allowed" time="0.149" /><testcase classname="tests.test_api" name="test_knowledge_search_endpoint_returns_hybrid_context" time="0.142" /><testcase classname="tests.test_api" name="test_validation_job_completes" time="0.151" /><testcase classname="tests.test_api" name="test_simulation_job_publishes_runtime_metrics" time="0.179" /><testcase classname="tests.test_api" name="test_topology_config_drives_explicit_route_retries_and_gateway_metrics" time="0.170" /><testcase classname="tests.test_assignment_learning" name="test_previous_wizard_graph_is_retrieved_for_a_new_project" time="0.001" /><testcase classname="tests.test_assignment_learning" name="test_explicit_correction_outweighs_an_older_generated_assignment" time="0.001" /><testcase classname="tests.test_automatic_resource_planning" name="test_automatic_sizing_adds_only_needed_same_technology_resources" time="0.001" /><testcase classname="tests.test_automatic_resource_planning" name="test_free_segments_are_used_before_new_resources_are_planned" time="0.001" /><testcase classname="tests.test_automatic_resource_planning" name="test_multiple_branches_do_not_double_spend_existing_inventory" time="0.001" /><testcase classname="tests.test_automatic_resource_planning" name="test_initial_quantities_are_not_silently_treated_as_hard_limits_in_auto_mode" time="0.001" /><testcase classname="tests.test_automatic_resource_planning" name="test_explicit_hard_limits_still_block_automatic_expansion" time="0.001" /><testcase classname="tests.test_automatic_resource_planning" name="test_unsplittable_single_route_is_not_declared_fixed_by_more_segments" time="0.001" /><testcase classname="tests.test_automatic_resource_planning" name="test_invalid_resource_policies_are_not_silently_accepted[raw0]" time="0.001" /><testcase classname="tests.test_automatic_resource_planning" name="test_invalid_resource_policies_are_not_silently_accepted[raw1]" time="0.001" /><testcase classname="tests.test_automatic_resource_planning" name="test_invalid_resource_policies_are_not_silently_accepted[raw2]" time="0.001" /><testcase classname="tests.test_automatic_resource_planning" name="test_invalid_resource_policies_are_not_silently_accepted[raw3]" time="0.001" /><testcase classname="tests.test_automatic_resource_planning" name="test_persisted_inventory_wins_over_a_continuation_prompt" time="0.001" /><testcase classname="tests.test_automatic_resource_planning" name="test_auto_resource_receipt_is_revalidated_before_apply" time="0.447" /><testcase classname="tests.test_automatic_resource_planning" name="test_forged_stale_or_fixed_inventory_receipts_cannot_bypass_limits" time="0.001" /><testcase classname="tests.test_collaboration" name="test_project_links_round_trip_without_changing_identity" time="0.001" /><testcase classname="tests.test_collaboration" name="test_edit_tokens_are_order_independent_but_detect_content_changes" time="0.001" /><testcase classname="tests.test_collaboration" name="test_http_route_method_registrations_are_unique" time="0.146" /><testcase classname="tests.test_collaboration" name="test_empty_workflow_payloads_are_validation_errors" time="0.214" /><testcase classname="tests.test_collaboration" name="test_parallel_stale_object_updates_have_one_winner" time="0.737" /><testcase classname="tests.test_collaboration" name="test_parameter_conflict_does_not_overwrite_and_other_objects_can_be_edited" time="0.505" /><testcase classname="tests.test_collaboration" name="test_failed_invalidation_rolls_back_object_and_history" time="0.282" /><testcase classname="tests.test_collaboration" name="test_parallel_topology_sync_is_idempotent_and_partial_failure_rolls_back" time="0.677" /><testcase classname="tests.test_collaboration" name="test_stale_topology_rejected_before_sync_side_effects" time="0.677" /><testcase classname="tests.test_collaboration" name="test_layouts_of_distinct_views_do_not_delete_each_other" time="0.280" /><testcase classname="tests.test_collaboration" name="test_request_restores_prior_project_context" time="0.265" /><testcase classname="tests.test_collaboration" name="test_hardware_defaults_and_multiple_distinct_ecu_functions" time="0.584" /><testcase classname="tests.test_collaboration" name="test_identical_topology_can_be_reconfirmed_after_routing_edit" time="0.712" /><testcase classname="tests.test_collaboration" name="test_parallel_simulation_start_uses_one_frozen_snapshot" time="0.823" /><testcase classname="tests.test_collaboration" name="test_parallel_route_edits_reject_stale_revisions" time="0.672" /><testcase classname="tests.test_collaboration" name="test_snapshot_transport_uses_canonical_values_and_frozen_model" time="0.001" /><testcase classname="tests.test_collaboration" name="test_canonical_transport_has_executable_ports_and_produces_frames" time="0.815" /><testcase classname="tests.test_compute_policy_config" name="test_compute_policy_documents_the_active_cpu_gpu_contract" time="0.001" /><testcase classname="tests.test_config" name="test_backend_paths_are_relative_to_the_app_package" time="0.001" /><testcase classname="tests.test_config" name="test_vercel_service_path_resolves_to_var_task" time="0.002" /><testcase classname="tests.test_config" name="test_vercel_runtime_uses_writable_tmp_directory" time="0.001" /><testcase classname="tests.test_config" name="test_runtime_directory_can_be_overridden" time="0.002" /><testcase classname="tests.test_db_pool_process_safety" name="test_inherited_pool_is_discarded_without_touching_parent_sockets" time="0.001" /><testcase classname="tests.test_db_pool_process_safety" name="test_project_mutations_wait_locally_before_consuming_a_database_lock" time="0.036" /><testcase classname="tests.test_db_pool_process_safety" name="test_project_mutation_lock_is_released_after_commit" time="0.001" /><testcase classname="tests.test_device_classification" name="test_device_classification_registry_resolves_generator_policy[CoolantTemperature-SensorController-1-Basic Sensor-PHYSICAL_SCALAR-NO]" time="0.001" /><testcase classname="tests.test_device_classification" name="test_device_classification_registry_resolves_generator_policy[BrakeServo-ActuatorController-2-Controlled Actuator-CONTROL_COMMAND-NO]" time="0.001" /><testcase classname="tests.test_device_classification" name="test_device_classification_registry_resolves_generator_policy[FrontCamera-SensorController-3-Perception Sensor-IMAGE_STREAM-YES]" time="0.001" /><testcase classname="tests.test_device_classification" name="test_device_classification_registry_resolves_generator_policy[CentralGateway-Gateway-4-Intelligent Subsystem-SERVICE_DATA-YES]" time="0.001" /><testcase classname="tests.test_device_classification" name="test_device_classification_registry_resolves_generator_policy[Motorsteuerung-ECU-4-Intelligent Subsystem-SERVICE_DATA-YES]" time="0.001" /><testcase classname="tests.test_device_classification" name="test_device_classification_registry_resolves_generator_policy[Elektromotorsteuerung-ECU-4-Intelligent Subsystem-SERVICE_DATA-YES]" time="0.001" /><testcase classname="tests.test_device_classification" name="test_user_confirmed_classification_wins_over_heuristic" time="0.001" /><testcase classname="tests.test_device_classification" name="test_invalid_typing_falls_back_to_class_default" time="0.001" /><testcase classname="tests.test_device_classification" name="test_schema_contains_device_class_columns_and_indexes" time="0.001" /><testcase classname="tests.test_engineering_api" name="test_create_get_update_list_delete_hardware_node" time="0.569" /><testcase classname="tests.test_engineering_api" name="test_invalid_device_type_returns_400" time="0.152" /><testcase classname="tests.test_engineering_api" name="test_interface_requires_existing_hardware_node" time="0.175" /><testcase classname="tests.test_engineering_api" name="test_hierarchy_relations_are_created_automatically" time="1.050" /><testcase classname="tests.test_engineering_api" name="test_direct_hardware_interface_proposal_creates_hardware_relation" time="0.435" /><testcase classname="tests.test_engineering_api" name="test_approved_engineering_proposal_invalidates_workflow" time="0.463" /><testcase classname="tests.test_engineering_api" name="test_new_project_proposal_reuses_semantic_hardware_synonym" time="0.507" /><testcase classname="tests.test_engineering_api" name="test_network_topology_sync_is_idempotent" time="1.245" /><testcase classname="tests.test_engineering_api" name="test_network_topology_sync_reuses_existing_compatible_interface" time="1.206" /><testcase classname="tests.test_engineering_api" name="test_network_topology_sync_keeps_one_interface_per_port" time="1.429" /><testcase classname="tests.test_engineering_api" name="test_ai_proposal_is_stored_separately_from_engineering_objects" time="0.185" /><testcase classname="tests.test_engineering_core_models" name="test_core_signal_contract_serializes_without_frontend_types" time="0.001" /><testcase classname="tests.test_engineering_core_models" name="test_core_models_reject_invalid_ranges_and_empty_identity" time="0.001" /><testcase classname="tests.test_engineering_core_models" name="test_core_route_contract_keeps_route_logic_industry_neutral" time="0.001" /><testcase classname="tests.test_engineering_importer" name="test_dbc_preview_builds_complete_hierarchy" time="0.002" /><testcase classname="tests.test_engineering_importer" name="test_dbc_preview_preserves_value_table_as_signal_semantics" time="0.001" /><testcase classname="tests.test_engineering_importer" name="test_preview_accepts_files_larger_than_previous_limit" time="0.459" /><testcase classname="tests.test_engineering_importer" name="test_csv_preview_detects_columns_and_parent_keys" time="0.001" /><testcase classname="tests.test_engineering_importer" name="test_import_defaults_to_generic_domain_instead_of_automotive" time="0.001" /><testcase classname="tests.test_engineering_importer" name="test_xlsx_preview_reads_first_worksheet" time="0.003" /><testcase classname="tests.test_engineering_importer" name="test_arxml_preview_extracts_typical_engineering_objects" time="0.001" /><testcase classname="tests.test_engineering_importer" name="test_yaml_preview_detects_industry_device_collections" time="0.002" /><testcase classname="tests.test_engineering_importer" name="test_json_preview_supports_generic_model_records" time="0.001" /><testcase classname="tests.test_engineering_importer" name="test_text_trace_preview_imports_frame_messages" time="0.002" /><testcase classname="tests.test_engineering_importer" name="test_preview_rejects_legacy_binary_excel" time="0.001" /><testcase classname="tests.test_engineering_mcp" name="test_mcp_discovery_schemas_and_call" time="0.540" /><testcase classname="tests.test_engineering_mcp" name="test_project_resources_are_bound" time="0.338" /><testcase classname="tests.test_engineering_mcp" name="test_proposal_requires_review_and_applies_once" time="0.485" /><testcase classname="tests.test_engineering_mcp" name="test_agent_exact_35_signals_and_completion_after_human_apply" time="2.874" /><testcase classname="tests.test_engineering_mcp" name="test_network_proposal_and_resource" time="0.577" /><testcase classname="tests.test_engineering_mcp" name="test_changed_model_invalidates_approved_proposal" time="0.351" /><testcase classname="tests.test_engineering_mcp" name="test_browser_approval_requires_separate_intent" time="0.588" /><testcase classname="tests.test_engineering_mcp" name="test_trace_correlation_and_message_group_uniqueness" time="0.017" /><testcase classname="tests.test_engineering_mcp" name="test_real_stdio_protocol" time="2.808" /><testcase classname="tests.test_engineering_mcp" name="test_concurrent_apply_has_one_canonical_result" time="0.458" /><testcase classname="tests.test_engineering_mcp" name="test_update_validates_overlap_and_message_identifier" time="0.424" /><testcase classname="tests.test_engineering_mcp" name="test_cross_project_update_and_authority_injection_are_rejected" time="0.138" /><testcase classname="tests.test_engineering_mcp" name="test_impact_contains_transitive_signals_and_relations" time="0.262" /><testcase classname="tests.test_engineering_mcp" name="test_network_parameters_are_used_by_shared_calculator" time="0.001" /><testcase classname="tests.test_engineering_mcp" name="test_signal_behavior_is_canonical_after_review" time="0.589" /><testcase classname="tests.test_engineering_mcp" name="test_question_stops_agent_and_preserves_requirement" time="0.327" /><testcase classname="tests.test_engineering_mcp" name="test_golden_comparison_detects_changed_values" time="0.011" /><testcase classname="tests.test_engineering_mcp" name="test_complete_pagination_and_large_trace_window" time="0.016" /><testcase classname="tests.test_engineering_mcp" name="test_route_proposal_uses_canonical_routing_review" time="0.793" /><testcase classname="tests.test_engineering_mcp" name="test_message_generation_applies_local_references_atomically" time="0.604" /><testcase classname="tests.test_engineering_mcp" name="test_followup_preserves_bounded_conversation_and_rejects_system_role" time="0.442" /><testcase classname="tests.test_final_api_contracts" name="test_cancel_alias_preserves_project_scope_and_idempotency" time="0.155" /><testcase classname="tests.test_final_api_contracts" name="test_named_gateway_fault_resolves_canonical_id_and_changes_runtime" time="0.001" /><testcase classname="tests.test_final_api_contracts" name="test_ambiguous_gateway_name_is_not_silently_selected" time="0.001" /><testcase classname="tests.test_industry_knowledge.IndustryContextTests" name="test_aliases_resolve_to_existing_domain_folder_names" time="0.002" /><testcase classname="tests.test_industry_knowledge.IndustryContextTests" name="test_request_domain_controls_both_storage_paths" time="0.002" /><testcase classname="tests.test_industry_knowledge.IndustryMemoryStoreTests" name="test_legacy_lowercase_learning_database_is_copied_safely" time="0.037" /><testcase classname="tests.test_industry_knowledge.IndustryMemoryStoreTests" name="test_memories_are_isolated_by_industry" time="0.055" /><testcase classname="tests.test_industry_knowledge.KnowledgeGraphStoreTests" name="test_graph_database_is_industry_local" time="0.019" /><testcase classname="tests.test_industry_knowledge.KnowledgeGraphStoreTests" name="test_simulation_topology_is_persisted_as_nodes_and_edges" time="0.345" /><testcase classname="tests.test_industry_knowledge.NemotronKnowledgeIntegrationTests" name="test_recording_uses_industry_from_request" time="1.481" /><testcase classname="tests.test_intelligence" name="test_device_type_is_not_part_of_the_name_but_distinguishes_duplicates" time="0.001" /><testcase classname="tests.test_intelligence" name="test_review_experience_is_reused_without_auto_approval_or_hiding_errors" time="0.001" /><testcase classname="tests.test_intelligence" name="test_diagnosis_persists_capacity_errors_without_a_successful_simulation" time="0.019" /><testcase classname="tests.test_intelligence" name="test_step_nine_is_invalidated_by_earlier_changes" time="0.001" /><testcase classname="tests.test_intelligence" name="test_data_quality_is_deterministic_and_reports_missing_signal_metadata" time="0.001" /><testcase classname="tests.test_intelligence" name="test_data_quality_accepts_unitless_status_signals" time="0.001" /><testcase classname="tests.test_intelligence" name="test_data_quality_accepts_direct_hardware_owned_interfaces" time="0.001" /><testcase classname="tests.test_intelligence" name="test_system_health_counts_signals_reached_through_routed_messages" time="0.001" /><testcase classname="tests.test_intelligence" name="test_system_health_ignores_signals_from_rejected_routes" time="0.001" /><testcase classname="tests.test_intelligence" name="test_system_health_accepts_direct_hardware_owned_interfaces" time="0.001" /><testcase classname="tests.test_intelligence" name="test_graph_analytics_finds_articulation_point_and_isolated_node" time="0.001" /><testcase classname="tests.test_intelligence" name="test_gateway_single_point_issue_requires_user_confirmation" time="0.001" /><testcase classname="tests.test_intelligence" name="test_approved_gateway_single_point_issue_no_longer_blocks_assessment" time="0.001" /><testcase classname="tests.test_intelligence" name="test_graph_analytics_normalizes_agent_topology_and_interface_edges" time="0.001" /><testcase classname="tests.test_intelligence" name="test_graph_analytics_projects_hardware_interface_relations_to_hardware_nodes" time="0.001" /><testcase classname="tests.test_intelligence" name="test_anomaly_detection_marks_unusual_cycle_without_calling_it_an_error" time="0.001" /><testcase classname="tests.test_intelligence" name="test_maturity_and_recommendation_priorities_are_explainable" time="0.001" /><testcase classname="tests.test_intelligence" name="test_maturity_thresholds_can_be_configured_per_project" time="0.001" /><testcase classname="tests.test_intelligence" name="test_correlations_are_labeled_as_non_causal_and_reports_export_csv" time="0.001" /><testcase classname="tests.test_intelligence" name="test_project_ids_are_restricted_to_portable_file_safe_values" time="0.001" /><testcase classname="tests.test_intelligence" name="test_generated_network_project_ids_can_use_short_browser_suffix" time="0.000" /><testcase classname="tests.test_intelligence" name="test_intelligence_assessment_endpoint_uses_active_project" time="0.147" /><testcase classname="tests.test_intelligence" name="test_intelligence_assessment_endpoint_accepts_short_browser_project" time="0.139" /><testcase classname="tests.test_intelligence" name="test_intelligence_issue_approval_endpoint_uses_active_project" time="0.153" /><testcase classname="tests.test_intelligence" name="test_project_import_endpoint_never_treats_bundle_as_engineering_mutation" time="0.144" /><testcase classname="tests.test_job_service" name="test_unavailable_runtime_mount_does_not_crash_application_import" time="0.008" /><testcase classname="tests.test_job_service" name="test_vercel_jobs_run_synchronously" time="0.001" /><testcase classname="tests.test_job_service" name="test_desktop_jobs_default_to_process_workers" time="0.001" /><testcase classname="tests.test_job_service" name="test_process_workers_use_spawn_to_protect_database_connections" time="0.003" /><testcase classname="tests.test_job_service" name="test_job_registry_survives_restart" time="0.006" /><testcase classname="tests.test_job_service" name="test_job_registry_persists_compact_results" time="0.006" /><testcase classname="tests.test_job_service" name="test_job_registry_falls_back_when_primary_registry_is_locked" time="0.005" /><testcase classname="tests.test_job_service" name="test_job_list_returns_compact_results" time="0.003" /><testcase classname="tests.test_job_service" name="test_jobs_are_isolated_by_project" time="0.001" /><testcase classname="tests.test_job_service" name="test_cancel_marks_running_job_terminal_and_updates_workflow" time="0.001" /><testcase classname="tests.test_job_service" name="test_canceled_job_is_not_overwritten_by_late_thread_result" time="0.002" /><testcase classname="tests.test_job_service" name="test_terminal_job_status_is_published_after_workflow_snapshot" time="0.003" /><testcase classname="tests.test_knowledge" name="test_local_graph_store_supports_traversal_paths_and_subgraphs" time="0.001" /><testcase classname="tests.test_knowledge" name="test_local_vector_store_filters_updates_and_deletes" time="0.001" /><testcase classname="tests.test_knowledge" name="test_local_transformer_is_deterministic_and_reranks_relevant_text" time="0.004" /><testcase classname="tests.test_knowledge" name="test_engineering_vocabulary_normalizes_identifiers_and_multilingual_synonyms" time="0.002" /><testcase classname="tests.test_knowledge" name="test_local_transformer_places_relation_synonyms_in_same_vector_region" time="0.003" /><testcase classname="tests.test_knowledge" name="test_hybrid_retrieval_combines_vector_keyword_metadata_and_multihop_graph" time="0.005" /><testcase classname="tests.test_knowledge" name="test_context_builder_prioritizes_selected_objects_and_respects_budget" time="0.001" /><testcase classname="tests.test_knowledge" name="test_entity_resolution_never_auto_merges_semantic_or_possible_matches" time="0.002" /><testcase classname="tests.test_knowledge" name="test_ai_model_gateway_routes_small_model_tasks_without_provider_coupling" time="0.001" /><testcase classname="tests.test_knowledge" name="test_ingestion_chunks_documents_and_imports_per_engineering_object" time="0.004" /><testcase classname="tests.test_knowledge_sources" name="test_structured_source_adapters_stage_canonical_entities[csv-name,unit\nBatteryVoltage,V\n]" time="0.005" /><testcase classname="tests.test_knowledge_sources" name="test_structured_source_adapters_stage_canonical_entities[json-{&quot;signals&quot;:[{&quot;name&quot;:&quot;BatteryVoltage&quot;,&quot;unit&quot;:&quot;V&quot;}]}]" time="0.004" /><testcase classname="tests.test_knowledge_sources" name="test_structured_source_adapters_stage_canonical_entities[yaml-signals:\n  - name: BatteryVoltage\n    unit: V\n]" time="0.005" /><testcase classname="tests.test_knowledge_sources" name="test_structured_source_adapters_stage_canonical_entities[xml-&lt;signals&gt;&lt;signal&gt;&lt;name&gt;BatteryVoltage&lt;/name&gt;&lt;unit&gt;V&lt;/unit&gt;&lt;/signal&gt;&lt;/signals&gt;]" time="0.004" /><testcase classname="tests.test_knowledge_sources" name="test_sqlite_adapter_reads_all_user_tables_without_mutating_source" time="0.026" /><testcase classname="tests.test_knowledge_sources" name="test_signal_list_adapter_builds_rag_signal_generation_hints" time="0.016" /><testcase classname="tests.test_knowledge_sources" name="test_industry_rag_orchestrator_keeps_neutral_semantics_and_separate_partitions" time="0.002" /><testcase classname="tests.test_knowledge_sources" name="test_registry_exposes_required_initial_sources_and_postgres_is_read_only" time="0.001" /><testcase classname="tests.test_knowledge_sources" name="test_rest_adapter_uses_get_and_content_type_parser" time="0.001" /><testcase classname="tests.test_knowledge_sources" name="test_postgres_adapter_maps_read_only_rows" time="0.001" /><testcase classname="tests.test_logical_addressing" name="test_logical_address_parse_and_format_are_canonical[1-1-0x0001]" time="0.001" /><testcase classname="tests.test_logical_addressing" name="test_logical_address_parse_and_format_are_canonical[15-15-0x000F]" time="0.001" /><testcase classname="tests.test_logical_addressing" name="test_logical_address_parse_and_format_are_canonical[12-18-0x0012]" time="0.001" /><testcase classname="tests.test_logical_addressing" name="test_logical_address_parse_and_format_are_canonical[255-255-0x00FF]" time="0.001" /><testcase classname="tests.test_logical_addressing" name="test_logical_address_parse_and_format_are_canonical[4096-4096-0x1000]" time="0.001" /><testcase classname="tests.test_logical_addressing" name="test_logical_address_parse_and_format_are_canonical[65534-65534-0xFFFE]" time="0.001" /><testcase classname="tests.test_logical_addressing" name="test_logical_address_parse_and_format_are_canonical[FFFF-65535-0xFFFF]" time="0.001" /><testcase classname="tests.test_logical_addressing" name="test_invalid_logical_addresses_are_rejected[]" time="0.001" /><testcase classname="tests.test_logical_addressing" name="test_invalid_logical_addresses_are_rejected[0x10000]" time="0.001" /><testcase classname="tests.test_logical_addressing" name="test_invalid_logical_addresses_are_rejected[xyz]" time="0.001" /><testcase classname="tests.test_logical_addressing" name="test_invalid_logical_addresses_are_rejected[-1]" time="0.001" /><testcase classname="tests.test_logical_addressing" name="test_invalid_logical_addresses_are_rejected[65536]" time="0.001" /><testcase classname="tests.test_logical_addressing" name="test_invalid_logical_addresses_are_rejected[1.5]" time="0.001" /><testcase classname="tests.test_logical_addressing" name="test_invalid_logical_addresses_are_rejected[True]" time="0.001" /><testcase classname="tests.test_logical_addressing" name="test_policy_reserves_protocol_boundaries_and_configured_ranges" time="0.001" /><testcase classname="tests.test_logical_addressing" name="test_policy_normalizes_domain_and_device_class_ranges" time="0.001" /><testcase classname="tests.test_logical_addressing" name="test_logical_address_value_object_exposes_four_digit_hex" time="0.001" /><testcase classname="tests.test_logical_addressing" name="test_only_intelligent_subsystems_are_addressable_by_default" time="0.001" /><testcase classname="tests.test_logical_addressing" name="test_allocator_policy_manual_validation_and_namespace_uniqueness" time="0.903" /><testcase classname="tests.test_message_packing" name="test_can_fd_payload_classes[8-8]" time="0.001" /><testcase classname="tests.test_message_packing" name="test_can_fd_payload_classes[9-12]" time="0.001" /><testcase classname="tests.test_message_packing" name="test_can_fd_payload_classes[12-12]" time="0.001" /><testcase classname="tests.test_message_packing" name="test_can_fd_payload_classes[13-16]" time="0.001" /><testcase classname="tests.test_message_packing" name="test_can_fd_payload_classes[20-20]" time="0.001" /><testcase classname="tests.test_message_packing" name="test_can_fd_payload_classes[21-24]" time="0.001" /><testcase classname="tests.test_message_packing" name="test_can_fd_payload_classes[25-32]" time="0.001" /><testcase classname="tests.test_message_packing" name="test_can_fd_payload_classes[33-48]" time="0.001" /><testcase classname="tests.test_message_packing" name="test_can_fd_payload_classes[49-64]" time="0.001" /><testcase classname="tests.test_message_packing" name="test_can_fd_payload_classes[65-None]" time="0.001" /><testcase classname="tests.test_message_packing" name="test_pack_signals_reuses_one_message_for_compatible_producer_timing_and_receivers" time="0.001" /><testcase classname="tests.test_message_packing" name="test_pack_signals_keeps_different_timing_classes_separate" time="0.001" /><testcase classname="tests.test_message_packing" name="test_pack_signals_keeps_different_receiver_sets_separate" time="0.001" /><testcase classname="tests.test_message_packing" name="test_pack_signals_splits_messages_without_splitting_atomic_signals" time="0.001" /><testcase classname="tests.test_message_packing" name="test_allocation_reuses_interface_until_configured_capacity_threshold" time="0.001" /><testcase classname="tests.test_message_packing" name="test_allocation_uses_new_channel_when_projected_load_crosses_threshold" time="0.004" /><testcase classname="tests.test_message_packing" name="test_hardware_interface_allocation_reuses_existing_capacity_first" time="0.001" /><testcase classname="tests.test_message_packing" name="test_hardware_interface_allocation_blocks_when_capability_channel_limit_is_reached" time="0.001" /><testcase classname="tests.test_message_packing" name="test_two_interfaces_on_same_network_do_not_double_network_capacity" time="0.001" /><testcase classname="tests.test_ml_intelligence" name="test_trains_random_forest_and_gradient_boosting_candidates" time="0.026" /><testcase classname="tests.test_ml_intelligence" name="test_signal_classification_predicts_semantic_label" time="0.027" /><testcase classname="tests.test_ml_intelligence" name="test_status_and_physical_model_selection" time="0.046" /><testcase classname="tests.test_ml_intelligence" name="test_fault_classification_detects_network_overload" time="0.027" /><testcase classname="tests.test_ml_intelligence" name="test_route_ranking_excludes_invalid_routes_and_orders_valid" time="0.003" /><testcase classname="tests.test_ml_intelligence" name="test_packing_score_is_advisory_and_non_mutating" time="0.003" /><testcase classname="tests.test_ml_intelligence" name="test_architecture_score_marks_high_risk_as_classification_not_truth" time="0.003" /><testcase classname="tests.test_ml_intelligence" name="test_schema_mismatch_is_rejected" time="0.028" /><testcase classname="tests.test_ml_intelligence" name="test_registry_concurrent_writes_preserve_all_models" time="3.058" /><testcase classname="tests.test_model_based_simulation" name="test_all_required_behavior_models_are_bounded_and_deterministic[CONSTANT]" time="0.001" /><testcase classname="tests.test_model_based_simulation" name="test_all_required_behavior_models_are_bounded_and_deterministic[STEP]" time="0.001" /><testcase classname="tests.test_model_based_simulation" name="test_all_required_behavior_models_are_bounded_and_deterministic[RAMP]" time="0.001" /><testcase classname="tests.test_model_based_simulation" name="test_all_required_behavior_models_are_bounded_and_deterministic[LINEAR]" time="0.001" /><testcase classname="tests.test_model_based_simulation" name="test_all_required_behavior_models_are_bounded_and_deterministic[SINE]" time="0.001" /><testcase classname="tests.test_model_based_simulation" name="test_all_required_behavior_models_are_bounded_and_deterministic[TRIANGLE]" time="0.001" /><testcase classname="tests.test_model_based_simulation" name="test_all_required_behavior_models_are_bounded_and_deterministic[SAWTOOTH]" time="0.001" /><testcase classname="tests.test_model_based_simulation" name="test_all_required_behavior_models_are_bounded_and_deterministic[PULSE]" time="0.001" /><testcase classname="tests.test_model_based_simulation" name="test_all_required_behavior_models_are_bounded_and_deterministic[RANDOM_WALK]" time="0.001" /><testcase classname="tests.test_model_based_simulation" name="test_all_required_behavior_models_are_bounded_and_deterministic[BOUNDED_RANDOM]" time="0.001" /><testcase classname="tests.test_model_based_simulation" name="test_all_required_behavior_models_are_bounded_and_deterministic[STATE_DEPENDENT]" time="0.001" /><testcase classname="tests.test_model_based_simulation" name="test_all_required_behavior_models_are_bounded_and_deterministic[FORMULA]" time="0.002" /><testcase classname="tests.test_model_based_simulation" name="test_all_required_behavior_models_are_bounded_and_deterministic[LOOKUP_TABLE]" time="0.001" /><testcase classname="tests.test_model_based_simulation" name="test_all_required_behavior_models_are_bounded_and_deterministic[EXTERNAL_SERIES]" time="0.001" /><testcase classname="tests.test_model_based_simulation" name="test_all_required_behavior_models_are_bounded_and_deterministic[PHYSICS_MODEL]" time="0.001" /><testcase classname="tests.test_model_based_simulation" name="test_all_required_behavior_models_are_bounded_and_deterministic[STATE_MACHINE]" time="0.001" /><testcase classname="tests.test_model_based_simulation" name="test_all_required_behavior_models_are_bounded_and_deterministic[STATUS_MODEL]" time="0.001" /><testcase classname="tests.test_model_based_simulation" name="test_physical_temperature_respects_rate_limits" time="0.001" /><testcase classname="tests.test_model_based_simulation" name="test_counter_signal_wraps_by_modulus" time="0.001" /><testcase classname="tests.test_model_based_simulation" name="test_signal_emulation_preflight_blocks_invalid_formula" time="0.003" /><testcase classname="tests.test_model_based_simulation" name="test_signal_emulation_preflight_blocks_dependency_cycle" time="0.002" /><testcase classname="tests.test_model_based_simulation" name="test_signal_emulation_preflight_blocks_encoding_overflow" time="0.002" /><testcase classname="tests.test_model_based_simulation" name="test_motor_end_to_end_physics_model_produces_plausible_trace" time="0.076" /><testcase classname="tests.test_model_based_simulation" name="test_message_codec_encodes_engineering_factor_offset_and_start_bit" time="0.001" /><testcase classname="tests.test_model_based_simulation" name="test_signal_fault_catalog_is_executable[SIGNAL_STUCK]" time="0.001" /><testcase classname="tests.test_model_based_simulation" name="test_signal_fault_catalog_is_executable[SIGNAL_OFFSET]" time="0.001" /><testcase classname="tests.test_model_based_simulation" name="test_signal_fault_catalog_is_executable[SIGNAL_DRIFT]" time="0.001" /><testcase classname="tests.test_model_based_simulation" name="test_signal_fault_catalog_is_executable[SIGNAL_SPIKE]" time="0.001" /><testcase classname="tests.test_model_based_simulation" name="test_signal_fault_catalog_is_executable[SIGNAL_DROPOUT]" time="0.001" /><testcase classname="tests.test_model_based_simulation" name="test_signal_fault_catalog_is_executable[SIGNAL_NOISE]" time="0.001" /><testcase classname="tests.test_model_based_simulation" name="test_signal_fault_catalog_is_executable[SIGNAL_OUT_OF_RANGE]" time="0.001" /><testcase classname="tests.test_model_based_simulation" name="test_signal_fault_catalog_is_executable[SIGNAL_FROZEN]" time="0.001" /><testcase classname="tests.test_model_based_simulation" name="test_signal_fault_catalog_is_executable[SIGNAL_DELAYED]" time="0.001" /><testcase classname="tests.test_model_based_simulation" name="test_signal_fault_catalog_is_executable[SIGNAL_WRONG_SCALE]" time="0.001" /><testcase classname="tests.test_model_based_simulation" name="test_signal_fault_catalog_is_executable[SIGNAL_INVALID_VALUE]" time="0.001" /><testcase classname="tests.test_model_based_simulation" name="test_signal_fault_catalog_is_executable[INVALID_STATE]" time="0.001" /><testcase classname="tests.test_model_based_simulation" name="test_signal_fault_catalog_is_executable[STUCK_STATE]" time="0.001" /><testcase classname="tests.test_model_based_simulation" name="test_signal_fault_catalog_is_executable[WRONG_TRANSITION]" time="0.001" /><testcase classname="tests.test_model_based_simulation" name="test_signal_fault_catalog_is_executable[DELAYED_TRANSITION]" time="0.001" /><testcase classname="tests.test_model_based_simulation" name="test_signal_fault_catalog_is_executable[STUCK_TRUE]" time="0.001" /><testcase classname="tests.test_model_based_simulation" name="test_signal_fault_catalog_is_executable[STUCK_FALSE]" time="0.001" /><testcase classname="tests.test_model_based_simulation" name="test_signal_fault_catalog_is_executable[TOGGLE]" time="0.001" /><testcase classname="tests.test_model_based_simulation" name="test_signal_fault_catalog_is_executable[COUNTER_SKIP]" time="0.001" /><testcase classname="tests.test_model_based_simulation" name="test_signal_fault_catalog_is_executable[COUNTER_RESET]" time="0.001" /><testcase classname="tests.test_model_based_simulation" name="test_signal_fault_catalog_is_executable[COUNTER_WRONG_INCREMENT]" time="0.001" /><testcase classname="tests.test_model_based_simulation" name="test_transport_fault_catalog_is_executable[MESSAGE_LOSS]" time="0.001" /><testcase classname="tests.test_model_based_simulation" name="test_transport_fault_catalog_is_executable[MESSAGE_DELAY]" time="0.001" /><testcase classname="tests.test_model_based_simulation" name="test_transport_fault_catalog_is_executable[MESSAGE_JITTER]" time="0.001" /><testcase classname="tests.test_model_based_simulation" name="test_transport_fault_catalog_is_executable[MESSAGE_DUPLICATION]" time="0.001" /><testcase classname="tests.test_model_based_simulation" name="test_transport_fault_catalog_is_executable[MESSAGE_CORRUPTION]" time="0.001" /><testcase classname="tests.test_model_based_simulation" name="test_transport_fault_catalog_is_executable[MESSAGE_WRONG_CYCLE]" time="0.001" /><testcase classname="tests.test_model_based_simulation" name="test_transport_fault_catalog_is_executable[MESSAGE_TIMEOUT]" time="0.001" /><testcase classname="tests.test_model_based_simulation" name="test_transport_fault_catalog_is_executable[BURST_TRAFFIC]" time="0.001" /><testcase classname="tests.test_model_based_simulation" name="test_transport_fault_catalog_is_executable[FRAME_ERROR]" time="0.001" /><testcase classname="tests.test_model_based_simulation" name="test_transport_fault_catalog_is_executable[ROUTING_FAILURE]" time="0.001" /><testcase classname="tests.test_model_based_simulation" name="test_transport_fault_catalog_is_executable[NETWORK_OVERLOAD]" time="0.001" /><testcase classname="tests.test_model_based_simulation" name="test_transport_fault_catalog_is_executable[BUS_OFF]" time="0.001" /><testcase classname="tests.test_model_based_simulation" name="test_transport_fault_catalog_is_executable[LINK_DOWN]" time="0.001" /><testcase classname="tests.test_model_based_simulation" name="test_transport_fault_catalog_is_executable[GATEWAY_DELAY]" time="0.001" /><testcase classname="tests.test_model_based_simulation" name="test_transport_fault_catalog_is_executable[GATEWAY_DROP]" time="0.001" /><testcase classname="tests.test_model_based_simulation" name="test_transport_fault_catalog_is_executable[QUEUE_OVERFLOW]" time="0.001" /><testcase classname="tests.test_model_based_simulation" name="test_transport_fault_catalog_is_executable[CONGESTION]" time="0.001" /><testcase classname="tests.test_model_based_simulation" name="test_transport_fault_catalog_is_executable[TEMPORARY_DISCONNECT]" time="0.001" /><testcase classname="tests.test_model_based_simulation" name="test_same_seed_produces_byte_identical_signal_trace" time="0.007" /><testcase classname="tests.test_model_based_simulation" name="test_different_seed_changes_stochastic_trace" time="0.006" /><testcase classname="tests.test_model_based_simulation" name="test_model_run_writes_decoded_golden_fault_and_comparison_artifacts" time="0.014" /><testcase classname="tests.test_model_based_simulation" name="test_fresh_job_directory_writes_model_trace_without_universal_format" time="0.016" /><testcase classname="tests.test_model_based_simulation" name="test_project_enrichment_reconstructs_transport_config_server_side" time="0.001" /><testcase classname="tests.test_model_based_simulation" name="test_runtime_load_is_derived_from_transmitted_frames" time="0.013" /><testcase classname="tests.test_model_based_simulation" name="test_engine_uses_min_max_unit_resolution_and_cycle" time="0.001" /><testcase classname="tests.test_model_based_simulation" name="test_ai_fault_cannot_be_activated_without_review" time="0.001" /><testcase classname="tests.test_model_based_simulation" name="test_cycle_time_and_resolution_are_visible_in_generated_trace" time="0.005" /><testcase classname="tests.test_model_based_simulation" name="test_fault_starts_and_ends_at_configured_time" time="0.001" /><testcase classname="tests.test_model_based_simulation" name="test_fault_modifies_only_target_signal" time="0.001" /><testcase classname="tests.test_model_based_simulation" name="test_formula_dependency_reacts_consistently" time="0.001" /><testcase classname="tests.test_model_based_simulation" name="test_route_signals_are_ordered_before_derived_sampling" time="0.003" /><testcase classname="tests.test_model_based_simulation" name="test_signed_big_endian_message_roundtrip" time="0.001" /><testcase classname="tests.test_model_based_simulation" name="test_normal_mode_suppresses_intentional_transport_faults" time="0.004" /><testcase classname="tests.test_model_based_simulation" name="test_stress_mode_increases_event_rate" time="0.006" /><testcase classname="tests.test_model_based_simulation" name="test_live_event_rows_have_required_analysis_context" time="0.014" /><testcase classname="tests.test_model_based_simulation" name="test_model_trace_limits_stored_samples_without_losing_totals" time="0.004" /><testcase classname="tests.test_model_based_simulation" name="test_model_trace_decimates_each_signal_across_full_duration" time="0.012" /><testcase classname="tests.test_model_based_simulation" name="test_universal_trace_reaches_configured_duration_when_event_budget_allows" time="0.049" /><testcase classname="tests.test_model_based_simulation" name="test_signal_engine_services_are_available_as_separate_contracts" time="0.001" /><testcase classname="tests.test_model_based_simulation" name="test_gateway_state_machine_lifecycle_and_transition_validation" time="0.001" /><testcase classname="tests.test_model_based_simulation" name="test_motor_physics_is_state_dependent_and_continuous" time="0.001" /><testcase classname="tests.test_model_based_simulation" name="test_short_drive_cycle_makes_exhaust_and_damper_signals_dynamic" time="0.001" /><testcase classname="tests.test_model_based_simulation" name="test_german_rotational_speed_uses_the_shared_drive_cycle" time="0.001" /><testcase classname="tests.test_model_based_simulation" name="test_coarse_rpm_resolution_does_not_deadlock_dense_sampling_at_zero" time="0.008" /><testcase classname="tests.test_model_based_simulation" name="test_mode_signal_exposes_the_operating_state_label" time="0.001" /><testcase classname="tests.test_model_based_simulation" name="test_missing_low_level_behavior_is_completed_by_semantic_inference" time="0.003" /><testcase classname="tests.test_model_based_simulation" name="test_dependency_graph_rejects_cycles_and_reports_dirty_dependents" time="0.001" /><testcase classname="tests.test_model_based_simulation" name="test_trace_marks_discrete_samples_as_step_lanes" time="0.003" /><testcase classname="tests.test_model_based_simulation" name="test_fault_catalog_describes_handlers_constraints_and_targets" time="0.001" /><testcase classname="tests.test_model_based_simulation" name="test_fault_scenario_validator_checks_target_time_and_normal_mode" time="0.001" /><testcase classname="tests.test_model_based_simulation" name="test_contract_demo_scenarios_a_to_e_are_complete_and_review_gated" time="0.001" /><testcase classname="tests.test_network_distribution" name="test_separate_gateway_ports_are_separate_segments_and_shared_ports_are_one_bus" time="0.001" /><testcase classname="tests.test_network_distribution" name="test_network_route_sync_refreshes_the_workflow_source_status" time="0.001" /><testcase classname="tests.test_network_distribution" name="test_segment_identity_is_stable_across_layout_labels_and_order" time="0.001" /><testcase classname="tests.test_network_distribution" name="test_visual_ports_for_the_same_hardware_interface_share_one_segment" time="0.001" /><testcase classname="tests.test_network_distribution" name="test_explicit_semantic_bus_joins_disconnected_drops_without_merging_other_domains" time="0.001" /><testcase classname="tests.test_network_distribution" name="test_routing_uses_the_physical_interface_and_segment" time="0.001" /><testcase classname="tests.test_network_distribution" name="test_hardware_interface_ports_do_not_replace_logical_route_interfaces" time="0.001" /><testcase classname="tests.test_network_distribution" name="test_airbag_cluster_survives_gateway_direct_routing_and_unknowns_stay_unassigned" time="0.001" /><testcase classname="tests.test_network_distribution" name="test_direct_physical_parent_replaces_stale_inferred_owner" time="0.001" /><testcase classname="tests.test_network_distribution" name="test_explicit_owner_is_not_replaced_by_a_physical_hint" time="0.001" /><testcase classname="tests.test_network_distribution" name="test_overload_proposes_additional_buses_without_splitting_system_ownership" time="0.001" /><testcase classname="tests.test_network_distribution" name="test_approved_wizard_bus_quantities_become_capacity_inventory" time="0.001" /><testcase classname="tests.test_network_distribution" name="test_distribution_uses_free_same_protocol_segments_before_migration" time="0.001" /><testcase classname="tests.test_network_distribution" name="test_distribution_selects_capable_available_technology_when_bus_stock_is_exhausted" time="0.001" /><testcase classname="tests.test_network_distribution" name="test_binding_inventory_reports_existing_overprovisioning_even_without_overload" time="0.001" /><testcase classname="tests.test_network_distribution" name="test_unapplied_migration_does_not_free_segments_for_split_proposals" time="0.001" /><testcase classname="tests.test_network_distribution" name="test_multiple_overloaded_branches_cannot_reserve_the_same_free_segment" time="0.001" /><testcase classname="tests.test_network_distribution" name="test_split_plan_rewrites_only_the_overloaded_branch_and_preserves_route_evidence" time="0.001" /><testcase classname="tests.test_network_distribution" name="test_single_route_overload_is_not_hidden_by_adding_buses" time="0.001" /><testcase classname="tests.test_network_distribution" name="test_stale_and_missing_capacity_never_yield_a_validated_plan" time="0.001" /><testcase classname="tests.test_network_distribution" name="test_whole_clusters_share_buses_instead_of_allocating_a_bus_per_device" time="0.001" /><testcase classname="tests.test_network_distribution" name="test_distribution_is_reproducible_over_25_passes_without_mutation" time="0.006" /><testcase classname="tests.test_network_distribution" name="test_device_role_cleanup_keeps_instance_numbers" time="0.001" /><testcase classname="tests.test_network_distribution" name="test_simulator_export_preserves_physical_segments_and_protocol_speed" time="0.001" /><testcase classname="tests.test_network_distribution" name="test_simulator_export_updates_interface_technology_with_route_network" time="0.001" /><testcase classname="tests.test_numeric_acceleration" name="test_trace_statistics_cpu_fallback_is_exact_and_reproducible" time="0.001" /><testcase classname="tests.test_numeric_acceleration" name="test_grouped_route_statistics_keeps_capacity_contract_on_cpu" time="0.001" /><testcase classname="tests.test_numeric_acceleration" name="test_auto_mode_falls_back_when_cupy_is_unavailable" time="0.001" /><testcase classname="tests.test_performance_governance" name="test_performance_governance_inventory_covers_required_layers" time="0.000" /><testcase classname="tests.test_performance_governance" name="test_cache_policies_are_bounded" time="0.001" /><testcase classname="tests.test_performance_governance" name="test_memory_budgets_have_actionable_limits" time="0.001" /><testcase classname="tests.test_performance_governance" name="test_budget_assertion_rejects_oversized_payload" time="0.001" /><testcase classname="tests.test_performance_governance" name="test_governance_summary_is_api_ready" time="0.001" /><testcase classname="tests.test_project_bundle" name="test_reset_workspace_clears_project_scoped_data" time="0.001" /><testcase classname="tests.test_project_bundle" name="test_clone_source_data_remaps_cross_table_identifiers" time="0.001" /><testcase classname="tests.test_project_bundle" name="test_clone_project_data_preserves_child_table_contracts" time="0.001" /><testcase classname="tests.test_project_bundle" name="test_cloned_import_starts_target_local_address_audit" time="0.001" /><testcase classname="tests.test_proposal_capacity" name="test_wizard_scale_proposal_exceeds_the_old_2000_change_ceiling" time="0.019" /><testcase classname="tests.test_proposals" name="test_object_proposal_validation_accepts_industry_neutral_hardware" time="0.001" /><testcase classname="tests.test_proposals" name="test_relation_proposal_validation_checks_endpoints_without_mutation" time="0.035" /><testcase classname="tests.test_proposals" name="test_invalid_proposal_remains_reviewable_instead_of_auto_approving" time="0.001" /><testcase classname="tests.test_proposals" name="test_hardware_resolution_reuses_controlled_system_synonym" time="0.001" /><testcase classname="tests.test_proposals" name="test_hardware_resolution_prefers_the_populated_canonical_system" time="0.001" /><testcase classname="tests.test_proposals" name="test_proposal_approval_reuses_semantic_hardware_without_creating_duplicate" time="0.001" /><testcase classname="tests.test_proposals" name="test_update_proposal_validation_accepts_existing_canonical_target" time="0.001" /><testcase classname="tests.test_proposals" name="test_update_proposal_approval_updates_existing_object" time="0.007" /><testcase classname="tests.test_routing" name="test_routing_entry_model_normalizes_governance_and_signal_selection" time="0.001" /><testcase classname="tests.test_routing" name="test_routing_entry_model_preserves_multiple_messages_with_legacy_primary" time="0.001" /><testcase classname="tests.test_routing" name="test_routing_validator_accepts_signals_from_any_selected_message" time="0.001" /><testcase classname="tests.test_routing" name="test_network_editor_governance_values_are_supported" time="0.001" /><testcase classname="tests.test_routing" name="test_route_listing_keeps_edited_revisions_in_their_logical_position" time="0.001" /><testcase classname="tests.test_routing" name="test_editing_approved_route_updates_same_record" time="0.001" /><testcase classname="tests.test_routing" name="test_manual_route_requires_source_and_destination" time="0.001" /><testcase classname="tests.test_routing" name="test_routing_loop_detection" time="0.001" /><testcase classname="tests.test_routing" name="test_protocol_validation_requires_translation" time="0.001" /><testcase classname="tests.test_routing" name="test_payload_and_latency_validation" time="0.001" /><testcase classname="tests.test_routing" name="test_conditional_and_fallback_validation" time="0.001" /><testcase classname="tests.test_routing" name="test_unmapped_route_is_visible_without_becoming_an_automatic_approval" time="0.001" /><testcase classname="tests.test_routing" name="test_empty_routing_table_is_not_reported_as_valid" time="0.001" /><testcase classname="tests.test_routing" name="test_network_path_becomes_reviewable_gateway_routing_proposal" time="0.001" /><testcase classname="tests.test_routing" name="test_network_path_without_engineering_identity_is_not_persistable" time="0.000" /><testcase classname="tests.test_routing" name="test_network_path_accepted_from_routing_table_does_not_duplicate_route" time="0.001" /><testcase classname="tests.test_routing" name="test_wizard_physical_completeness_edge_does_not_create_logical_route" time="0.001" /><testcase classname="tests.test_routing" name="test_linked_agent_route_receives_physical_network_and_ports" time="0.001" /><testcase classname="tests.test_routing" name="test_validation_counts_shared_network_destinations_as_one_physical_segment" time="0.001" /><testcase classname="tests.test_routing" name="test_gateway_path_composed_from_accepted_routes_does_not_reopen_review" time="0.001" /><testcase classname="tests.test_routing" name="test_candidate_ranking_prefers_fewer_hops_and_gateways" time="0.001" /><testcase classname="tests.test_routing" name="test_graph_publication_uses_project_scoped_relation_conflict_key" time="0.001" /><testcase classname="tests.test_routing" name="test_generation_reuses_canonical_interfaces_protocol_and_message_cycle" time="0.001" /><testcase classname="tests.test_routing_progress" name="test_routing_resume_does_not_reset_completed_model" time="0.001" /><testcase classname="tests.test_routing_progress" name="test_incomplete_or_outdated_model_is_not_skipped" time="0.001" /><testcase classname="tests.test_routing_progress" name="test_continuation_skips_only_finished_steps" time="0.001" /><testcase classname="tests.test_runtime_config" name="test_runtime_defaults_scale_for_workstation" time="0.001" /><testcase classname="tests.test_runtime_config" name="test_runtime_settings_are_bounded" time="0.001" /><testcase classname="tests.test_scope_rules" name="test_scope_rules_normalize_exact_system_limits" time="0.001" /><testcase classname="tests.test_scope_rules" name="test_scope_rules_preserve_generation_plan_counts_and_architecture" time="0.001" /><testcase classname="tests.test_scope_rules" name="test_scope_rules_accept_someip_as_ethernet_carried_protocol" time="0.001" /><testcase classname="tests.test_scope_rules" name="test_hardware_scope_category[SensorController-sensors]" time="0.001" /><testcase classname="tests.test_scope_rules" name="test_hardware_scope_category[ActuatorController-actuators]" time="0.001" /><testcase classname="tests.test_scope_rules" name="test_hardware_scope_category[ECU-ecus]" time="0.001" /><testcase classname="tests.test_scope_rules" name="test_hardware_scope_category[Gateway-gateways]" time="0.001" /><testcase classname="tests.test_scope_rules" name="test_hardware_scope_category[PLC-ecus]" time="0.001" /><testcase classname="tests.test_scope_rules" name="test_hardware_scope_category[RobotController-ecus]" time="0.001" /><testcase classname="tests.test_scope_rules" name="test_hardware_scope_category[EmbeddedController-ecus]" time="0.001" /><testcase classname="tests.test_scope_rules" name="test_hardware_scope_category[FlightComputer-ecus]" time="0.001" /><testcase classname="tests.test_scope_rules" name="test_hardware_scope_category[EnergyController-ecus]" time="0.001" /><testcase classname="tests.test_scope_rules" name="test_hardware_scope_category[BuildingController-ecus]" time="0.001" /><testcase classname="tests.test_scope_rules" name="test_scope_rules_reject_unknown_communication_system" time="0.001" /><testcase classname="tests.test_scope_rules" name="test_hardware_creation_is_blocked_at_exact_limit" time="0.001" /><testcase classname="tests.test_scope_rules" name="test_interface_creation_must_use_allowed_communication_system" time="0.001" /><testcase classname="tests.test_scope_rules" name="test_someip_scope_allows_ethernet_interface_creation" time="0.001" /><testcase classname="tests.test_scope_rules" name="test_actuator_limit_is_enforced_without_changing_legacy_projects" time="0.001" /><testcase classname="tests.test_scope_rules" name="test_model_cannot_be_complete_while_required_actuators_are_missing" time="0.001" /><testcase classname="tests.test_scope_rules" name="test_scope_placeholder_detection[1 zentrales Gateway-ai_generated-True]" time="0.001" /><testcase classname="tests.test_scope_rules" name="test_scope_placeholder_detection[Gateway-ai_generated-True]" time="0.001" /><testcase classname="tests.test_scope_rules" name="test_scope_placeholder_detection[100 Sensoren-ai_generated-True]" time="0.001" /><testcase classname="tests.test_scope_rules" name="test_scope_placeholder_detection[System-Gateway-ai_generated-False]" time="0.001" /><testcase classname="tests.test_scope_rules" name="test_scope_placeholder_detection[Gateway-manual-False]" time="0.001" /><testcase classname="tests.test_semantic_intelligence" name="test_ontology_resolves_aliases_and_common_ancestor" time="0.001" /><testcase classname="tests.test_semantic_intelligence" name="test_temperature_unit_classifies_as_physical_quantity_proposal" time="0.001" /><testcase classname="tests.test_semantic_intelligence" name="test_rotational_speed_uses_unit_and_alias_without_industry_specific_terms" time="0.001" /><testcase classname="tests.test_semantic_intelligence" name="test_status_signal_becomes_state_proposal_instead_of_open_numeric_optimization" time="0.001" /><testcase classname="tests.test_semantic_intelligence" name="test_unknown_signal_requires_review_and_does_not_invent_truth" time="0.001" /><testcase classname="tests.test_semantic_intelligence" name="test_semantic_classification_api_returns_proposal" time="0.153" /><testcase classname="tests.test_server_startup" name="test_health_exposes_launcher_instance_id" time="0.236" /><testcase classname="tests.test_server_startup" name="test_launcher_rejects_an_occupied_port" time="0.001" /><testcase classname="tests.test_server_startup" name="test_readiness_check_rejects_a_foreign_backend" time="0.202" /><testcase classname="tests.test_server_startup" name="test_readiness_check_accepts_its_own_backend" time="0.001" /><testcase classname="tests.test_server_startup" name="test_launcher_command_timeout_kills_hung_child_process" time="0.893" /><testcase classname="tests.test_server_startup" name="test_backend_server_owns_its_port_exclusively" time="0.166" /><testcase classname="tests.test_server_startup" name="test_frontend_dev_command_uses_local_next_cli" time="0.004" /><testcase classname="tests.test_server_startup" name="test_frontend_dev_server_uses_isolated_next_dist_dir" time="0.005" /><testcase classname="tests.test_server_startup" name="test_frontend_dev_server_reports_unwritable_project_dist_dir" time="0.003" /><testcase classname="tests.test_server_startup" name="test_backend_runtime_root_falls_back_when_project_runtime_is_blocked" time="0.002" /><testcase classname="tests.test_server_startup" name="test_runtime_environment_uses_hybrid_demand_ai_and_thread_workers" time="0.002" /><testcase classname="tests.test_server_startup" name="test_runtime_environment_uses_persisted_resource_config" time="0.004" /><testcase classname="tests.test_server_startup" name="test_docker_probe_uses_persisted_docker_cli_path" time="0.006" /><testcase classname="tests.test_server_startup" name="test_launcher_rejects_non_canonical_project_root" time="0.003" /><testcase classname="tests.test_server_startup" name="test_launcher_can_explicitly_allow_diagnostic_project_copy" time="0.002" /><testcase classname="tests.test_server_startup" name="test_runtime_environment_loads_local_env_without_overwriting_process_values" time="0.004" /><testcase classname="tests.test_server_startup" name="test_runtime_environment_replaces_invalid_process_api_key_placeholder" time="0.004" /><testcase classname="tests.test_server_startup" name="test_runtime_environment_prefers_shared_openai_organization_alias" time="0.005" /><testcase classname="tests.test_server_startup" name="test_runtime_environment_loads_shared_parent_env_as_fallback" time="0.006" /><testcase classname="tests.test_server_startup" name="test_runtime_environment_loads_explicit_shared_env_after_project_move" time="0.005" /><testcase classname="tests.test_server_startup" name="test_ollama_model_matching_accepts_latest_alias" time="0.001" /><testcase classname="tests.test_server_startup" name="test_hybrid_demand_checks_local_ollama_model" time="0.003" /><testcase classname="tests.test_server_startup" name="test_missing_fast_model_falls_back_to_deep_model" time="0.001" /><testcase classname="tests.test_server_startup" name="test_hybrid_ai_does_not_block_application_startup" time="0.001" /><testcase classname="tests.test_server_startup" name="test_prewarm_uses_fast_model_and_keep_alive" time="0.001" /><testcase classname="tests.test_server_startup" name="test_optional_local_ai_prewarm_runs_in_a_daemon_thread" time="0.002" /><testcase classname="tests.test_server_startup" name="test_service_restart_limit_rejects_invalid_values" time="0.001" /><testcase classname="tests.test_server_startup" name="test_docker_inference_failure_is_actionable" time="0.001" /><testcase classname="tests.test_server_startup" name="test_engineering_database_start_reports_docker_inference_blocker" time="0.003" /><testcase classname="tests.test_server_startup" name="test_dependency_doctor_surfaces_docker_failure_without_starting_services" time="0.005" /><testcase classname="tests.test_server_startup" name="test_engineering_database_url_accepts_sqlalchemy_psycopg_scheme" time="0.001" /><testcase classname="tests.test_server_startup" name="test_engineering_database_timeout_rejects_invalid_values" time="0.001" /><testcase classname="tests.test_server_startup" name="test_engineering_missing_tables_return_service_unavailable" time="0.175" /><testcase classname="tests.test_server_startup" name="test_direct_ai_object_write_is_rejected" time="0.152" /><testcase classname="tests.test_server_startup" name="test_direct_approval_write_is_rejected" time="0.161" /><testcase classname="tests.test_server_startup" name="test_schema_contains_phase_one_and_proposal_tables" time="0.001" /><testcase classname="tests.test_server_startup" name="test_invalid_flask_port_is_rejected[0]" time="0.001" /><testcase classname="tests.test_server_startup" name="test_invalid_flask_port_is_rejected[65536]" time="0.001" /><testcase classname="tests.test_server_startup" name="test_invalid_flask_port_is_rejected[abc]" time="0.001" /><testcase classname="tests.test_signal_audit" name="test_signal_audit_flags_oversized_signal_without_mutation" time="0.001" /><testcase classname="tests.test_signal_audit" name="test_signal_audit_keeps_rollrate_16_bits_when_resolution_requires_it" time="0.001" /><testcase classname="tests.test_signal_audit" name="test_generation_signal_audit_reports_sender_participants_systems_and_messages" time="0.001" /><testcase classname="tests.test_signal_audit" name="test_legacy_value_signal_requires_semantic_classification_before_optimization" time="0.001" /><testcase classname="tests.test_signal_audit" name="test_legacy_status_signal_uses_conservative_state_domain" time="0.001" /><testcase classname="tests.test_signal_audit" name="test_unit_based_semantic_classification_unblocks_numeric_bit_optimization" time="0.001" /><testcase classname="tests.test_simulation_service" name="test_workflow_simulation_caps_interactive_event_volume" time="0.003" /><testcase classname="tests.test_simulation_service" name="test_standalone_simulation_keeps_explicit_event_volume" time="0.003" /><testcase classname="tests.test_standalone_cli.TechnologyCatalogMenuTests" name="test_domain_is_derived_from_generator_ownership" time="0.001" /><testcase classname="tests.test_standalone_cli.TechnologyCatalogMenuTests" name="test_menu_contains_every_registered_technology_once" time="0.001" /><testcase classname="tests.test_standalone_cli.StandaloneSimulationOptionsTests" name="test_interactive_dialog_collects_non_can_technology" time="0.001" /><testcase classname="tests.test_standalone_cli.StandaloneSimulationOptionsTests" name="test_options_create_hardware_port_interface_and_fault_model" time="0.001" /><testcase classname="tests.test_standalone_cli.StandaloneSimulationOptionsTests" name="test_runner_writes_universal_trace_for_non_can_bus" time="0.010" /><testcase classname="tests.test_standalone_simulator.TechnologyRegistryTests" name="test_builtin_catalog_covers_major_bus_families" time="0.001" /><testcase classname="tests.test_standalone_simulator.TechnologyRegistryTests" name="test_custom_technology_profile_is_first_class" time="0.001" /><testcase classname="tests.test_standalone_simulator.TechnologyRegistryTests" name="test_industry_generators_are_structured_and_complete" time="0.001" /><testcase classname="tests.test_standalone_simulator.HardwareProfileTests" name="test_class_api_matches_compatibility_facade" time="0.001" /><testcase classname="tests.test_standalone_simulator.HardwareProfileTests" name="test_hardware_port_interface_network_chain_is_preserved" time="0.001" /><testcase classname="tests.test_standalone_simulator.HardwareProfileTests" name="test_port_capability_and_bitrate_mismatch_are_errors" time="0.001" /><testcase classname="tests.test_standalone_simulator.HardwareProfileTests" name="test_unknown_network_is_reported_without_source_mutation" time="0.001" /><testcase classname="tests.test_standalone_simulator.UniversalSimulationTests" name="test_class_based_simulator_and_trace_generator_are_available" time="0.001" /><testcase classname="tests.test_standalone_simulator.UniversalSimulationTests" name="test_every_builtin_technology_can_generate_neutral_events" time="0.012" /><testcase classname="tests.test_standalone_simulator.UniversalSimulationTests" name="test_generic_fault_model_marks_dropped_events" time="0.002" /><testcase classname="tests.test_standalone_simulator.UniversalSimulationTests" name="test_non_can_and_custom_technologies_generate_events" time="0.002" /><testcase classname="tests.test_standalone_simulator.UniversalSimulationTests" name="test_primary_api_writes_clean_standalone_result" time="0.011" /><testcase classname="tests.test_structure_rules" name="test_hardware_name_keeps_type_in_separate_field" time="0.001" /><testcase classname="tests.test_structure_rules" name="test_generic_object_labels_are_not_valid_hardware_system_names" time="0.001" /><testcase classname="tests.test_structure_rules" name="test_infer_device_type_from_engineering_name" time="0.001" /><testcase classname="tests.test_structure_rules" name="test_recommended_names_follow_the_selected_parent" time="0.001" /><testcase classname="tests.test_structure_rules" name="test_parent_score_uses_context_current_assignment_and_feedback" time="0.001" /><testcase classname="tests.test_structure_rules" name="test_semantic_duplicate_detection_ignores_ecu_context_and_language" time="0.001" /><testcase classname="tests.test_structure_rules" name="test_system_synonyms_are_precise_enough_for_adas" time="0.001" /><testcase classname="tests.test_structure_rules" name="test_automotive_system_aliases_are_exact_and_domain_scoped" time="0.001" /><testcase classname="tests.test_structure_rules" name="test_copied_names_are_adapted_to_the_target_ecu" time="0.001" /><testcase classname="tests.test_structure_transfer" name="test_target_plan_reuses_semantic_duplicates_and_creates_only_missing_children" time="0.001" /><testcase classname="tests.test_structure_transfer" name="test_target_plan_does_not_merge_unrelated_ecu_domains_by_generic_role" time="0.001" /><testcase classname="tests.test_structure_transfer" name="test_transfer_decisions_can_replace_reuse_with_create_or_skip" time="0.001" /><testcase classname="tests.test_structure_transfer" name="test_system_duplicate_analysis_recognizes_adas_synonym_but_not_airbag" time="0.001" /><testcase classname="tests.test_structure_transfer" name="test_controlled_industry_alias_never_displaces_the_canonical_system" time="0.001" /><testcase classname="tests.test_structure_transfer" name="test_alias_family_targets_the_existing_canonical_system_without_alias_chains" time="0.001" /><testcase classname="tests.test_system_merge" name="test_merge_system_duplicate_creates_reversible_alias_without_deleting" time="0.001" /><testcase classname="tests.test_technology_binding_registry" name="test_complete_registry_exposes_layers_status_and_required_technologies" time="0.004" /><testcase classname="tests.test_technology_binding_registry" name="test_device_hardware_interface_protocol_and_payload_are_distinct_types" time="0.004" /><testcase classname="tests.test_technology_binding_registry" name="test_same_temperature_payload_resolves_cross_technology[stack0-FRAME]" time="0.001" /><testcase classname="tests.test_technology_binding_registry" name="test_same_temperature_payload_resolves_cross_technology[stack1-PDU]" time="0.001" /><testcase classname="tests.test_technology_binding_registry" name="test_same_temperature_payload_resolves_cross_technology[stack2-PROCESS_DATA]" time="0.001" /><testcase classname="tests.test_technology_binding_registry" name="test_same_temperature_payload_resolves_cross_technology[stack3-TOPIC_SAMPLE]" time="0.001" /><testcase classname="tests.test_technology_binding_registry" name="test_plc_binding_resolver_uses_hardware_capabilities_and_rejects_video_on_can" time="0.008" /><testcase classname="tests.test_technology_binding_registry" name="test_validation_chain_and_planned_status_are_enforced" time="0.001" /><testcase classname="tests.test_technology_binding_registry" name="test_catalog_exposes_new_project_model_types_and_registry_metadata" time="0.025" /><testcase classname="tests.test_tool_registry" name="test_engineering_tool_registry_exposes_approval_boundaries_and_formats" time="0.001" /><testcase classname="tests.test_tool_registry" name="test_engineering_tool_registry_filters_for_agent_planning" time="0.001" /><testcase classname="tests.test_tool_registry" name="test_unknown_tool_api_returns_not_found_instead_of_database_unavailable" time="0.152" /><testcase classname="tests.test_trace_contract_stability" name="test_seed_zero_is_not_silently_replaced_by_default" time="0.003" /><testcase classname="tests.test_trace_contract_stability" name="test_trace_keeps_canonical_route_ref_and_explicit_zero_jitter" time="0.005" /><testcase classname="tests.test_trace_contract_stability" name="test_gateway_fault_targets_are_validated_against_canonical_nodes" time="0.001" /><testcase classname="tests.test_trace_windows" name="test_trace_window_pages_without_gaps_and_filters_on_server" time="0.020" /><testcase classname="tests.test_trace_windows" name="test_trace_window_rejects_invalid_bounds[arguments0]" time="0.003" /><testcase classname="tests.test_trace_windows" name="test_trace_window_rejects_invalid_bounds[arguments1]" time="0.003" /><testcase classname="tests.test_trace_windows" name="test_trace_window_rejects_invalid_bounds[arguments2]" time="0.003" /><testcase classname="tests.test_trace_windows" name="test_trace_window_rejects_invalid_bounds[arguments3]" time="0.003" /><testcase classname="tests.test_trace_windows" name="test_trace_window_rejects_invalid_bounds[arguments4]" time="0.002" /><testcase classname="tests.test_trace_windows" name="test_readiness_reports_unavailable_storage_without_hiding_failure" time="0.151" /><testcase classname="tests.test_trace_windows" name="test_http_trace_window_is_project_scoped_and_reports_io_failure" time="0.163" /><testcase classname="tests.test_wizard_cancellation" name="test_cancellation_requires_confirmation_and_is_durable" time="0.553" /><testcase classname="tests.test_wizard_cancellation" name="test_cancellation_interrupts_hanging_server_worker" time="1.280" /><testcase classname="tests.test_wizard_generation" name="test_capacity_repair_apply_releases_review_gate" time="0.001" /><testcase classname="tests.test_wizard_generation" name="test_confirmed_names_generate_reviewable_model_and_complete_routing" time="1.712" /><testcase classname="tests.test_wizard_generation" name="test_semantic_network_assignment_keeps_powertrain_on_one_named_can" time="0.002" /><testcase classname="tests.test_wizard_generation" name="test_confirmed_gateway_architecture_splits_controllers_after_six" time="0.001" /><testcase classname="tests.test_wizard_generation" name="test_combined_wizard_creates_validated_model_without_reasoner" time="51.805" /><testcase classname="tests.test_wizard_generation" name="test_rail_cluster_graph_produces_valid_native_rail_interfaces" time="0.495" /><testcase classname="tests.test_wizard_generation" name="test_industrial_model_type_generates_plc_and_registry_backed_transport_chain" time="0.267" /><testcase classname="tests.test_wizard_generation" name="test_basic_sensor_interfaces_reparent_without_losing_children[0]" time="0.265" /><testcase classname="tests.test_wizard_generation" name="test_basic_sensor_interfaces_reparent_without_losing_children[1]" time="0.255" /><testcase classname="tests.test_wizard_generation" name="test_basic_sensor_interfaces_reparent_without_losing_children[2]" time="0.243" /><testcase classname="tests.test_workflow" name="test_topology_artifact_accepts_canonical_hardware_interface_ports" time="0.001" /><testcase classname="tests.test_workflow" name="test_engineering_change_marks_existing_dependent_results_outdated" time="0.001" /><testcase classname="tests.test_workflow" name="test_parameter_change_only_invalidates_calculation_and_later_steps" time="0.001" /><testcase classname="tests.test_workflow" name="test_parameters_are_approved_by_default_and_ignore_upstream_changes" time="0.001" /><testcase classname="tests.test_workflow" name="test_parameter_artifact_approves_defaults_and_complete_configuration" time="0.001" /><testcase classname="tests.test_workflow" name="test_empty_future_steps_stay_empty_until_a_result_exists" time="0.001" /><testcase classname="tests.test_workflow" name="test_routing_artifact_check_rejects_gateway_fanout_interfaces" time="0.001" /><testcase classname="tests.test_workflow" name="test_completed_simulation_drops_previous_recalculation_reason" time="0.001" /><testcase classname="tests.test_workflow" name="test_can_fd_uses_separate_arbitration_and_data_phases" time="0.001" /><testcase classname="tests.test_workflow" name="test_ethernet_applies_minimum_wire_footprint" time="0.001" /><testcase classname="tests.test_workflow" name="test_unknown_protocol_is_explicitly_generic" time="0.001" /><testcase classname="tests.test_workflow" name="test_mixed_network_bitrates_do_not_inherit_the_primary_can_speed" time="0.001" /><testcase classname="tests.test_workflow" name="test_utilization_queueing_and_thresholds_are_monotonic" time="0.001" /><testcase classname="tests.test_workflow" name="test_scheduling_policy_and_priority_change_queueing_estimate" time="0.001" /><testcase classname="tests.test_workflow" name="test_clock_drift_is_reported_in_milliseconds" time="0.000" /><testcase classname="tests.test_workflow" name="test_workflow_state_always_exposes_complete_agent_context" time="0.001" /><testcase classname="tests.test_workflow" name="test_workflow_context_persists_agent_execution_without_losing_wizard" time="0.001" /><testcase classname="tests.test_workflow" name="test_canceled_wizard_run_is_terminal_for_late_status_writes" time="0.001" /><testcase classname="tests.test_workflow" name="test_workflow_state_hides_stale_reason_after_step_is_complete" time="0.001" /><testcase classname="tests.test_workflow" name="test_workflow_summary_omits_heavy_simulation_and_model_payloads" time="0.001" /><testcase classname="tests.test_workflow" name="test_topology_layout_change_ignores_only_visual_fields" time="0.001" /><testcase classname="tests.test_workflow" name="test_topology_layout_is_stored_as_project_scoped_node_rows" time="0.001" /><testcase classname="tests.test_workflow" name="test_preflight_maps_network_editor_status_to_network_category" time="0.015" /><testcase classname="tests.test_workflow" name="test_preflight_accepts_interface_owned_directly_by_hardware" time="0.012" /><testcase classname="tests.test_workflow" name="test_capacity_timing_analysis_covers_load_requirements_gateway_reliability_and_sync" time="0.002" /><testcase classname="tests.test_workflow" name="test_capacity_load_is_counted_once_per_physical_network_segment" time="0.001" /><testcase classname="tests.test_workflow" name="test_capacity_prefers_reviewed_topology_segment_over_logical_network" time="0.001" /><testcase classname="tests.test_workloads" name="test_manifest_example_is_split_into_exact_work_packages" time="0.001" /><testcase classname="tests.test_workloads" name="test_mismatching_total_and_packages_is_configuration_error" time="0.001" /><testcase classname="tests.test_workloads" name="test_generator_success_does_not_mean_task_complete" time="0.001" /><testcase classname="tests.test_workloads" name="test_all_valid_drafts_are_ready_for_review_but_not_completed" time="0.001" /><testcase classname="tests.test_workloads" name="test_completed_requires_approved_canonical_objects" time="0.001" /><testcase classname="tests.test_workloads" name="test_unsatisfied_dependency_blocks_completion" time="0.001" /><testcase classname="tests.test_workloads" name="test_signal_catalogs_match_manifest_targets_without_duplicate_names" time="0.001" /><testcase classname="tests.test_workloads" name="test_semantic_aliases_share_duplicate_detection_key" time="0.001" /><testcase classname="tests.test_workloads" name="test_handler_contract_exposes_structured_progress_and_completion" time="0.001" /><testcase classname="tests.test_workloads" name="test_signal_minimum_fields_block_invalid_candidate" time="0.001" /><testcase classname="tests.test_workloads" name="test_structured_non_signal_workload_uses_same_package_model" time="0.001" /><testcase classname="tests.test_workloads" name="test_message_audit_repair_removes_data_suffix_and_fills_transport_defaults" time="0.001" /><testcase classname="tests.test_workloads" name="test_signal_audit_repair_fills_missing_coding_parameters" time="0.001" /><testcase classname="tests.test_workloads" name="test_resume_ready_for_review_does_not_restart_workload" time="0.001" /><testcase classname="tests.test_workloads" name="test_resume_exhausted_incomplete_does_not_start_new_attempt" time="0.001" /><testcase classname="tests.test_workloads" name="test_gateway_fanout_interfaces_are_not_routing_interfaces" time="0.001" /></testsuite></testsuites>